---------------------------------------------------------------
[ 2021-06-28T10:26:53+08:00 ] 222.182.12.69 GET 28.zheyj.com/
[运行时间：0.172645s] [吞吐率：5.79req/s] [内存消耗：2,908.97kb] [文件加载：127]
[ info ] [ BEHAVIOR ] Run Closure @app_init [ RunTime:0.000088s ]
[ info ] [ CACHE ] INIT File
[ info ] [ BEHAVIOR ] Run Closure @app_init [ RunTime:0.017575s ]
[ info ] [ LANG ] /www/wwwroot/28.zheyj.com/thinkphp/lang/zh-cn.php
[ info ] [ BEHAVIOR ] Run app\common\behavior\Common @app_dispatch [ RunTime:0.002020s ]
[ info ] [ ROUTE ] array (
  'type' => 'module',
  'module' => 
  array (
    0 => '',
    1 => NULL,
    2 => NULL,
  ),
)
[ info ] [ HEADER ] array (
  'accept-language' => 'zh-CN,zh;q=0.9,en-US;q=0.8,en;q=0.7',
  'accept-encoding' => 'gzip, deflate',
  'accept' => 'text/html,application/xhtml+xml,application/xml;q=0.9,image/webp,image/apng,*/*;q=0.8,application/signed-exchange;v=b3;q=0.9',
  'user-agent' => 'Mozilla/5.0 (Linux; Android 10; BMH-TN10; HMSCore 5.3.0.312) AppleWebKit/537.36 (KHTML, like Gecko) Chrome/88.0.4324.93 HuaweiBrowser/11.1.2.301 Mobile Safari/537.36',
  'upgrade-insecure-requests' => '1',
  'connection' => 'keep-alive',
  'host' => '28.zheyj.com',
)
[ info ] [ PARAM ] array (
)
[ info ] [ LANG ] /www/wwwroot/28.zheyj.com/public/../application/index/lang/zh-cn.php
[ info ] [ BEHAVIOR ] Run app\common\behavior\Common @module_init [ RunTime:0.004275s ]
[ info ] [ LANG ] /www/wwwroot/28.zheyj.com/public/../application/index/lang/zh-cn/index.php
[ info ] [ RUN ] app\index\controller\Index->index[ /www/wwwroot/28.zheyj.com/application/index/controller/Index.php ]
[ info ] [ LOG ] INIT File
---------------------------------------------------------------
[ 2021-06-28T10:26:53+08:00 ] 222.182.12.69 GET 28.zheyj.com/index/index/sell.html
[运行时间：0.063318s] [吞吐率：15.79req/s] [内存消耗：2,957.81kb] [文件加载：126]
[ info ] [ BEHAVIOR ] Run Closure @app_init [ RunTime:0.000054s ]
[ info ] [ CACHE ] INIT File
[ info ] [ BEHAVIOR ] Run Closure @app_init [ RunTime:0.004103s ]
[ info ] [ LANG ] /www/wwwroot/28.zheyj.com/thinkphp/lang/zh-cn.php
[ info ] [ BEHAVIOR ] Run app\common\behavior\Common @app_dispatch [ RunTime:0.000463s ]
[ info ] [ ROUTE ] array (
  'type' => 'module',
  'module' => 
  array (
    0 => 'index',
    1 => 'index',
    2 => 'sell',
  ),
)
[ info ] [ HEADER ] array (
  'cookie' => 'security_session_verify=191cd54085401c1bd6b73a9294e4de61',
  'accept-language' => 'zh-CN,zh;q=0.9,en-US;q=0.8,en;q=0.7',
  'accept-encoding' => 'gzip, deflate',
  'accept' => 'text/html,application/xhtml+xml,application/xml;q=0.9,image/webp,image/apng,*/*;q=0.8,application/signed-exchange;v=b3;q=0.9',
  'user-agent' => 'Mozilla/5.0 (Linux; Android 10; BMH-TN10; HMSCore 5.3.0.312) AppleWebKit/537.36 (KHTML, like Gecko) Chrome/88.0.4324.93 HuaweiBrowser/11.1.2.301 Mobile Safari/537.36',
  'upgrade-insecure-requests' => '1',
  'connection' => 'keep-alive',
  'host' => '28.zheyj.com',
)
[ info ] [ PARAM ] array (
)
[ info ] [ LANG ] /www/wwwroot/28.zheyj.com/public/../application/index/lang/zh-cn.php
[ info ] [ BEHAVIOR ] Run app\common\behavior\Common @module_init [ RunTime:0.002863s ]
[ info ] [ LANG ] /www/wwwroot/28.zheyj.com/public/../application/index/lang/zh-cn/index.php
[ info ] [ RUN ] app\index\controller\Index->sell[ /www/wwwroot/28.zheyj.com/application/index/controller/Index.php ]
[ info ] [ VIEW ] /www/wwwroot/28.zheyj.com/public/../application/index/view/index/sell.html [ array (
  0 => 'user',
  1 => 'site',
  2 => 'config',
) ]
[ info ] [ LOG ] INIT File
---------------------------------------------------------------
[ 2021-06-28T10:26:55+08:00 ] 222.182.12.69 GET 28.zheyj.com/favicon.ico
[运行时间：0.063443s] [吞吐率：15.76req/s] [内存消耗：2,075.45kb] [文件加载：113]
[ info ] [ BEHAVIOR ] Run Closure @app_init [ RunTime:0.000054s ]
[ info ] [ CACHE ] INIT File
[ info ] [ BEHAVIOR ] Run Closure @app_init [ RunTime:0.004045s ]
[ info ] [ LANG ] /www/wwwroot/28.zheyj.com/thinkphp/lang/zh-cn.php
[ info ] [ BEHAVIOR ] Run app\common\behavior\Common @app_dispatch [ RunTime:0.000439s ]
[ info ] [ ROUTE ] array (
  'type' => 'module',
  'module' => 
  array (
    0 => 'favicon.ico',
    1 => NULL,
    2 => NULL,
  ),
)
[ info ] [ HEADER ] array (
  'cookie' => 'security_session_verify=191cd54085401c1bd6b73a9294e4de61',
  'accept-language' => 'zh-CN,zh;q=0.9,en-US;q=0.8,en;q=0.7',
  'accept-encoding' => 'gzip, deflate',
  'referer' => 'http://28.zheyj.com/index/index/sell.html',
  'accept' => 'image/webp,image/apng,image/svg+xml,image/*,*/*;q=0.8',
  'user-agent' => 'Mozilla/5.0 (Linux; Android 10; BMH-TN10; HMSCore 5.3.0.312) AppleWebKit/537.36 (KHTML, like Gecko) Chrome/88.0.4324.93 HuaweiBrowser/11.1.2.301 Mobile Safari/537.36',
  'connection' => 'keep-alive',
  'host' => '28.zheyj.com',
)
[ info ] [ PARAM ] array (
)
[ info ] [ LOG ] INIT File
---------------------------------------------------------------
[ 2021-06-28T10:27:20+08:00 ] 222.182.12.69 GET 28.zheyj.com/index/index/buy.html
[运行时间：0.070208s] [吞吐率：14.24req/s] [内存消耗：2,958.01kb] [文件加载：126]
[ info ] [ BEHAVIOR ] Run Closure @app_init [ RunTime:0.000074s ]
[ info ] [ CACHE ] INIT File
[ info ] [ BEHAVIOR ] Run Closure @app_init [ RunTime:0.004461s ]
[ info ] [ LANG ] /www/wwwroot/28.zheyj.com/thinkphp/lang/zh-cn.php
[ info ] [ BEHAVIOR ] Run app\common\behavior\Common @app_dispatch [ RunTime:0.000497s ]
[ info ] [ ROUTE ] array (
  'type' => 'module',
  'module' => 
  array (
    0 => 'index',
    1 => 'index',
    2 => 'buy',
  ),
)
[ info ] [ HEADER ] array (
  'cookie' => 'security_session_verify=191cd54085401c1bd6b73a9294e4de61',
  'accept-language' => 'zh-CN,zh;q=0.9,en-US;q=0.8,en;q=0.7',
  'accept-encoding' => 'gzip, deflate',
  'referer' => 'http://28.zheyj.com/index/index/sell.html',
  'accept' => 'text/html,application/xhtml+xml,application/xml;q=0.9,image/webp,image/apng,*/*;q=0.8,application/signed-exchange;v=b3;q=0.9',
  'user-agent' => 'Mozilla/5.0 (Linux; Android 10; BMH-TN10; HMSCore 5.3.0.312) AppleWebKit/537.36 (KHTML, like Gecko) Chrome/88.0.4324.93 HuaweiBrowser/11.1.2.301 Mobile Safari/537.36',
  'upgrade-insecure-requests' => '1',
  'connection' => 'keep-alive',
  'host' => '28.zheyj.com',
)
[ info ] [ PARAM ] array (
)
[ info ] [ LANG ] /www/wwwroot/28.zheyj.com/public/../application/index/lang/zh-cn.php
[ info ] [ BEHAVIOR ] Run app\common\behavior\Common @module_init [ RunTime:0.002388s ]
[ info ] [ LANG ] /www/wwwroot/28.zheyj.com/public/../application/index/lang/zh-cn/index.php
[ info ] [ RUN ] app\index\controller\Index->buy[ /www/wwwroot/28.zheyj.com/application/index/controller/Index.php ]
[ info ] [ VIEW ] /www/wwwroot/28.zheyj.com/public/../application/index/view/index/buy.html [ array (
  0 => 'user',
  1 => 'site',
  2 => 'config',
) ]
[ info ] [ LOG ] INIT File
---------------------------------------------------------------
[ 2021-06-28T10:27:21+08:00 ] 222.182.12.69 GET 28.zheyj.com/favicon.ico
[运行时间：0.062754s] [吞吐率：15.94req/s] [内存消耗：2,075.45kb] [文件加载：113]
[ info ] [ BEHAVIOR ] Run Closure @app_init [ RunTime:0.000054s ]
[ info ] [ CACHE ] INIT File
[ info ] [ BEHAVIOR ] Run Closure @app_init [ RunTime:0.004062s ]
[ info ] [ LANG ] /www/wwwroot/28.zheyj.com/thinkphp/lang/zh-cn.php
[ info ] [ BEHAVIOR ] Run app\common\behavior\Common @app_dispatch [ RunTime:0.000473s ]
[ info ] [ ROUTE ] array (
  'type' => 'module',
  'module' => 
  array (
    0 => 'favicon.ico',
    1 => NULL,
    2 => NULL,
  ),
)
[ info ] [ HEADER ] array (
  'cookie' => 'security_session_verify=191cd54085401c1bd6b73a9294e4de61',
  'accept-language' => 'zh-CN,zh;q=0.9,en-US;q=0.8,en;q=0.7',
  'accept-encoding' => 'gzip, deflate',
  'referer' => 'http://28.zheyj.com/index/index/buy.html',
  'accept' => 'image/webp,image/apng,image/svg+xml,image/*,*/*;q=0.8',
  'user-agent' => 'Mozilla/5.0 (Linux; Android 10; BMH-TN10; HMSCore 5.3.0.312) AppleWebKit/537.36 (KHTML, like Gecko) Chrome/88.0.4324.93 HuaweiBrowser/11.1.2.301 Mobile Safari/537.36',
  'connection' => 'keep-alive',
  'host' => '28.zheyj.com',
)
[ info ] [ PARAM ] array (
)
[ info ] [ LOG ] INIT File
---------------------------------------------------------------
[ 2021-06-28T10:27:40+08:00 ] 222.182.12.69 GET 28.zheyj.com/man.php
[运行时间：0.080581s] [吞吐率：12.41req/s] [内存消耗：2,923.10kb] [文件加载：128]
[ info ] [ BEHAVIOR ] Run Closure @app_init [ RunTime:0.000069s ]
[ info ] [ CACHE ] INIT File
[ info ] [ BEHAVIOR ] Run Closure @app_init [ RunTime:0.005004s ]
[ info ] [ LANG ] /www/wwwroot/28.zheyj.com/thinkphp/lang/zh-cn.php
[ info ] [ BEHAVIOR ] Run app\common\behavior\Common @app_dispatch [ RunTime:0.000489s ]
[ info ] [ ROUTE ] array (
  'type' => 'module',
  'module' => 
  array (
    0 => 'admin',
    1 => NULL,
    2 => NULL,
  ),
)
[ info ] [ HEADER ] array (
  'cookie' => 'security_session_verify=191cd54085401c1bd6b73a9294e4de61',
  'accept-language' => 'zh-CN,zh;q=0.9,en-US;q=0.8,en;q=0.7',
  'accept-encoding' => 'gzip, deflate',
  'accept' => 'text/html,application/xhtml+xml,application/xml;q=0.9,image/webp,image/apng,*/*;q=0.8,application/signed-exchange;v=b3;q=0.9',
  'user-agent' => 'Mozilla/5.0 (Linux; Android 10; BMH-TN10; HMSCore 5.3.0.312) AppleWebKit/537.36 (KHTML, like Gecko) Chrome/88.0.4324.93 HuaweiBrowser/11.1.2.301 Mobile Safari/537.36',
  'upgrade-insecure-requests' => '1',
  'connection' => 'keep-alive',
  'host' => '28.zheyj.com',
)
[ info ] [ PARAM ] array (
)
[ info ] [ LANG ] /www/wwwroot/28.zheyj.com/public/../application/admin/lang/zh-cn.php
[ info ] [ BEHAVIOR ] Run app\common\behavior\Common @module_init [ RunTime:0.002467s ]
[ info ] [ SESSION ] INIT array (
  'id' => '',
  'var_session_id' => '',
  'prefix' => 'think',
  'type' => '',
  'auto_start' => true,
)
[ info ] [ VIEW ] /www/wwwroot/28.zheyj.com/public/../application/common/view/tpl/dispatch_jump.tpl [ array (
  0 => 'code',
  1 => 'msg',
  2 => 'data',
  3 => 'url',
  4 => 'wait',
) ]
[ info ] [ BEHAVIOR ] Run app\admin\behavior\AdminLog @app_end [ RunTime:0.002155s ]
[ info ] [ LOG ] INIT File
---------------------------------------------------------------
[ 2021-06-28T10:27:42+08:00 ] 222.182.12.69 GET 28.zheyj.com/man.php/index/login?url=%2Fman.php
[运行时间：0.085256s] [吞吐率：11.73req/s] [内存消耗：3,396.36kb] [文件加载：131]
[ info ] [ BEHAVIOR ] Run Closure @app_init [ RunTime:0.000049s ]
[ info ] [ CACHE ] INIT File
[ info ] [ BEHAVIOR ] Run Closure @app_init [ RunTime:0.004445s ]
[ info ] [ LANG ] /www/wwwroot/28.zheyj.com/thinkphp/lang/zh-cn.php
[ info ] [ BEHAVIOR ] Run app\common\behavior\Common @app_dispatch [ RunTime:0.000467s ]
[ info ] [ ROUTE ] array (
  'type' => 'module',
  'module' => 
  array (
    0 => 'admin',
    1 => 'index',
    2 => 'login',
  ),
)
[ info ] [ HEADER ] array (
  'cookie' => 'security_session_verify=191cd54085401c1bd6b73a9294e4de61; PHPSESSID=sbtr2aptilna57okoefe4kt7fm',
  'accept-language' => 'zh-CN,zh;q=0.9,en-US;q=0.8,en;q=0.7',
  'accept-encoding' => 'gzip, deflate',
  'referer' => 'http://28.zheyj.com/man.php',
  'accept' => 'text/html,application/xhtml+xml,application/xml;q=0.9,image/webp,image/apng,*/*;q=0.8,application/signed-exchange;v=b3;q=0.9',
  'user-agent' => 'Mozilla/5.0 (Linux; Android 10; BMH-TN10; HMSCore 5.3.0.312) AppleWebKit/537.36 (KHTML, like Gecko) Chrome/88.0.4324.93 HuaweiBrowser/11.1.2.301 Mobile Safari/537.36',
  'upgrade-insecure-requests' => '1',
  'connection' => 'keep-alive',
  'host' => '28.zheyj.com',
)
[ info ] [ PARAM ] array (
  'url' => '/man.php',
)
[ info ] [ LANG ] /www/wwwroot/28.zheyj.com/public/../application/admin/lang/zh-cn.php
[ info ] [ BEHAVIOR ] Run app\common\behavior\Common @module_init [ RunTime:0.002463s ]
[ info ] [ SESSION ] INIT array (
  'id' => '',
  'var_session_id' => '',
  'prefix' => 'think',
  'type' => '',
  'auto_start' => true,
)
[ info ] [ LANG ] /www/wwwroot/28.zheyj.com/public/../application/admin/lang/zh-cn/index.php
[ info ] [ RUN ] app\admin\controller\Index->login[ /www/wwwroot/28.zheyj.com/application/admin/controller/Index.php ]
[ info ] [ VIEW ] /www/wwwroot/28.zheyj.com/public/../application/admin/view/index/login.html [ array (
  0 => 'breadcrumb',
  1 => 'site',
  2 => 'config',
  3 => 'auth',
  4 => 'admin',
  5 => 'background',
  6 => 'title',
) ]
[ info ] [ BEHAVIOR ] Run app\admin\behavior\AdminLog @app_end [ RunTime:0.000299s ]
[ info ] [ LOG ] INIT File
---------------------------------------------------------------
[ 2021-06-28T10:27:44+08:00 ] 222.182.12.69 GET 28.zheyj.com/man.php/ajax/lang?callback=define&controllername=index&lang=zh-cn&v=1624847262&v=1624847262
[运行时间：0.054659s] [吞吐率：18.30req/s] [内存消耗：3,409.73kb] [文件加载：132]
[ info ] [ BEHAVIOR ] Run Closure @app_init [ RunTime:0.000043s ]
[ info ] [ CACHE ] INIT File
[ info ] [ BEHAVIOR ] Run Closure @app_init [ RunTime:0.003059s ]
[ info ] [ LANG ] /www/wwwroot/28.zheyj.com/thinkphp/lang/zh-cn.php
[ info ] [ BEHAVIOR ] Run app\common\behavior\Common @app_dispatch [ RunTime:0.000369s ]
[ info ] [ ROUTE ] array (
  'type' => 'module',
  'module' => 
  array (
    0 => 'admin',
    1 => 'ajax',
    2 => 'lang',
  ),
)
[ info ] [ HEADER ] array (
  'cookie' => 'security_session_verify=191cd54085401c1bd6b73a9294e4de61; PHPSESSID=sbtr2aptilna57okoefe4kt7fm',
  'accept-language' => 'zh-CN,zh;q=0.9,en-US;q=0.8,en;q=0.7',
  'accept-encoding' => 'gzip, deflate',
  'accept' => '*/*',
  'user-agent' => 'Mozilla/5.0 (Linux; Android 10; BMH-TN10; HMSCore 5.3.0.312) AppleWebKit/537.36 (KHTML, like Gecko) Chrome/88.0.4324.93 HuaweiBrowser/11.1.2.301 Mobile Safari/537.36',
  'connection' => 'keep-alive',
  'host' => '28.zheyj.com',
)
[ info ] [ PARAM ] array (
  'callback' => 'define',
  'controllername' => 'index',
  'lang' => 'zh-cn',
  'v' => '1624847262',
)
[ info ] [ LANG ] /www/wwwroot/28.zheyj.com/public/../application/admin/lang/zh-cn.php
[ info ] [ BEHAVIOR ] Run app\common\behavior\Common @module_init [ RunTime:0.002169s ]
[ info ] [ SESSION ] INIT array (
  'id' => '',
  'var_session_id' => '',
  'prefix' => 'think',
  'type' => '',
  'auto_start' => true,
)
[ info ] [ LANG ] /www/wwwroot/28.zheyj.com/public/../application/admin/lang/zh-cn/ajax.php
[ info ] [ RUN ] app\admin\controller\Ajax->lang[ /www/wwwroot/28.zheyj.com/application/admin/controller/Ajax.php ]
[ info ] [ LANG ] /www/wwwroot/28.zheyj.com/public/../application/admin/lang/zh-cn/index.php
[ info ] [ BEHAVIOR ] Run app\admin\behavior\AdminLog @app_end [ RunTime:0.000287s ]
[ info ] [ LOG ] INIT File
---------------------------------------------------------------
[ 2021-06-28T10:27:44+08:00 ] 222.182.12.69 GET 28.zheyj.com/man.php/index/login?url=%2Fman.php
[运行时间：0.059799s] [吞吐率：16.72req/s] [内存消耗：3,396.51kb] [文件加载：131]
[ info ] [ BEHAVIOR ] Run Closure @app_init [ RunTime:0.000049s ]
[ info ] [ CACHE ] INIT File
[ info ] [ BEHAVIOR ] Run Closure @app_init [ RunTime:0.003580s ]
[ info ] [ LANG ] /www/wwwroot/28.zheyj.com/thinkphp/lang/zh-cn.php
[ info ] [ BEHAVIOR ] Run app\common\behavior\Common @app_dispatch [ RunTime:0.000385s ]
[ info ] [ ROUTE ] array (
  'type' => 'module',
  'module' => 
  array (
    0 => 'admin',
    1 => 'index',
    2 => 'login',
  ),
)
[ info ] [ HEADER ] array (
  'cookie' => 'security_session_verify=191cd54085401c1bd6b73a9294e4de61; PHPSESSID=sbtr2aptilna57okoefe4kt7fm; think_var=zh-cn',
  'accept-language' => 'zh-CN,zh;q=0.9,en-US;q=0.8,en;q=0.7',
  'accept-encoding' => 'gzip, deflate',
  'referer' => 'http://28.zheyj.com/man.php',
  'accept' => 'text/html,application/xhtml+xml,application/xml;q=0.9,image/webp,image/apng,*/*;q=0.8,application/signed-exchange;v=b3;q=0.9',
  'user-agent' => 'Mozilla/5.0 (Linux; Android 10; BMH-TN10; HMSCore 5.3.0.312) AppleWebKit/537.36 (KHTML, like Gecko) Chrome/88.0.4324.93 HuaweiBrowser/11.1.2.301 Mobile Safari/537.36',
  'upgrade-insecure-requests' => '1',
  'connection' => 'keep-alive',
  'host' => '28.zheyj.com',
)
[ info ] [ PARAM ] array (
  'url' => '/man.php',
)
[ info ] [ LANG ] /www/wwwroot/28.zheyj.com/public/../application/admin/lang/zh-cn.php
[ info ] [ BEHAVIOR ] Run app\common\behavior\Common @module_init [ RunTime:0.002045s ]
[ info ] [ SESSION ] INIT array (
  'id' => '',
  'var_session_id' => '',
  'prefix' => 'think',
  'type' => '',
  'auto_start' => true,
)
[ info ] [ LANG ] /www/wwwroot/28.zheyj.com/public/../application/admin/lang/zh-cn/index.php
[ info ] [ RUN ] app\admin\controller\Index->login[ /www/wwwroot/28.zheyj.com/application/admin/controller/Index.php ]
[ info ] [ VIEW ] /www/wwwroot/28.zheyj.com/public/../application/admin/view/index/login.html [ array (
  0 => 'breadcrumb',
  1 => 'site',
  2 => 'config',
  3 => 'auth',
  4 => 'admin',
  5 => 'background',
  6 => 'title',
) ]
[ info ] [ BEHAVIOR ] Run app\admin\behavior\AdminLog @app_end [ RunTime:0.000191s ]
[ info ] [ LOG ] INIT File
---------------------------------------------------------------
[ 2021-06-28T10:27:48+08:00 ] 222.182.12.69 GET 28.zheyj.com/man.php/ajax/lang?callback=define&controllername=index&lang=zh-cn&v=1624847264&v=1624847264
[运行时间：0.071130s] [吞吐率：14.06req/s] [内存消耗：3,409.79kb] [文件加载：132]
[ info ] [ BEHAVIOR ] Run Closure @app_init [ RunTime:0.000113s ]
[ info ] [ CACHE ] INIT File
[ info ] [ BEHAVIOR ] Run Closure @app_init [ RunTime:0.004266s ]
[ info ] [ LANG ] /www/wwwroot/28.zheyj.com/thinkphp/lang/zh-cn.php
[ info ] [ BEHAVIOR ] Run app\common\behavior\Common @app_dispatch [ RunTime:0.000445s ]
[ info ] [ ROUTE ] array (
  'type' => 'module',
  'module' => 
  array (
    0 => 'admin',
    1 => 'ajax',
    2 => 'lang',
  ),
)
[ info ] [ HEADER ] array (
  'cookie' => 'security_session_verify=191cd54085401c1bd6b73a9294e4de61; PHPSESSID=sbtr2aptilna57okoefe4kt7fm; think_var=zh-cn',
  'accept-language' => 'zh-CN,zh;q=0.9,en-US;q=0.8,en;q=0.7',
  'accept-encoding' => 'gzip, deflate',
  'accept' => '*/*',
  'user-agent' => 'Mozilla/5.0 (Linux; Android 10; BMH-TN10; HMSCore 5.3.0.312) AppleWebKit/537.36 (KHTML, like Gecko) Chrome/88.0.4324.93 HuaweiBrowser/11.1.2.301 Mobile Safari/537.36',
  'connection' => 'keep-alive',
  'host' => '28.zheyj.com',
)
[ info ] [ PARAM ] array (
  'callback' => 'define',
  'controllername' => 'index',
  'lang' => 'zh-cn',
  'v' => '1624847264',
)
[ info ] [ LANG ] /www/wwwroot/28.zheyj.com/public/../application/admin/lang/zh-cn.php
[ info ] [ BEHAVIOR ] Run app\common\behavior\Common @module_init [ RunTime:0.002078s ]
[ info ] [ SESSION ] INIT array (
  'id' => '',
  'var_session_id' => '',
  'prefix' => 'think',
  'type' => '',
  'auto_start' => true,
)
[ info ] [ LANG ] /www/wwwroot/28.zheyj.com/public/../application/admin/lang/zh-cn/ajax.php
[ info ] [ RUN ] app\admin\controller\Ajax->lang[ /www/wwwroot/28.zheyj.com/application/admin/controller/Ajax.php ]
[ info ] [ LANG ] /www/wwwroot/28.zheyj.com/public/../application/admin/lang/zh-cn/index.php
[ info ] [ BEHAVIOR ] Run app\admin\behavior\AdminLog @app_end [ RunTime:0.000254s ]
[ info ] [ LOG ] INIT File
---------------------------------------------------------------
[ 2021-06-28T10:27:51+08:00 ] 222.182.12.69 POST 28.zheyj.com/man.php/index/login?url=%2Fman.php
[运行时间：0.081799s] [吞吐率：12.23req/s] [内存消耗：4,141.88kb] [文件加载：138]
[ info ] [ BEHAVIOR ] Run Closure @app_init [ RunTime:0.000058s ]
[ info ] [ CACHE ] INIT File
[ info ] [ BEHAVIOR ] Run Closure @app_init [ RunTime:0.003066s ]
[ info ] [ LANG ] /www/wwwroot/28.zheyj.com/thinkphp/lang/zh-cn.php
[ info ] [ BEHAVIOR ] Run app\common\behavior\Common @app_dispatch [ RunTime:0.000313s ]
[ info ] [ ROUTE ] array (
  'type' => 'module',
  'module' => 
  array (
    0 => 'admin',
    1 => 'index',
    2 => 'login',
  ),
)
[ info ] [ HEADER ] array (
  'cookie' => 'security_session_verify=191cd54085401c1bd6b73a9294e4de61; PHPSESSID=sbtr2aptilna57okoefe4kt7fm; think_var=zh-cn',
  'accept-language' => 'zh-CN,zh;q=0.9,en-US;q=0.8,en;q=0.7',
  'accept-encoding' => 'gzip, deflate',
  'origin' => 'http://28.zheyj.com',
  'content-type' => 'application/x-www-form-urlencoded; charset=UTF-8',
  'user-agent' => 'Mozilla/5.0 (Linux; Android 10; BMH-TN10; HMSCore 5.3.0.312) AppleWebKit/537.36 (KHTML, like Gecko) Chrome/88.0.4324.93 HuaweiBrowser/11.1.2.301 Mobile Safari/537.36',
  'x-requested-with' => 'XMLHttpRequest',
  'accept' => 'application/json, text/javascript, */*; q=0.01',
  'content-length' => '73',
  'connection' => 'keep-alive',
  'host' => '28.zheyj.com',
)
[ info ] [ PARAM ] array (
  'url' => '/man.php',
  '__token__' => '0ae33beccda1950f25d3d51e84057e5c',
  'username' => 'admin',
  'password' => '123456',
)
[ info ] [ LANG ] /www/wwwroot/28.zheyj.com/public/../application/admin/lang/zh-cn.php
[ info ] [ BEHAVIOR ] Run app\common\behavior\Common @module_init [ RunTime:0.001558s ]
[ info ] [ SESSION ] INIT array (
  'id' => '',
  'var_session_id' => '',
  'prefix' => 'think',
  'type' => '',
  'auto_start' => true,
)
[ info ] [ LANG ] /www/wwwroot/28.zheyj.com/public/../application/admin/lang/zh-cn/index.php
[ info ] [ RUN ] app\admin\controller\Index->login[ /www/wwwroot/28.zheyj.com/application/admin/controller/Index.php ]
[ info ] [ DB ] INIT mysql
[ info ] [ BEHAVIOR ] Run app\admin\behavior\AdminLog @app_end [ RunTime:0.024280s ]
[ info ] [ LOG ] INIT File
[ sql ] [ DB ] CONNECT:[ UseTime:0.001573s ] mysql:host=127.0.0.1;port=3306;dbname=28_zheyj_com;charset=utf8mb4
[ sql ] [ SQL ] SHOW COLUMNS FROM `fa_admin_log` [ RunTime:0.002365s ]
[ sql ] [ SQL ] INSERT INTO `fa_admin_log` (`title` , `content` , `url` , `admin_id` , `username` , `useragent` , `ip` , `createtime`) VALUES ('' , '{\"url\":\"\\/man.php\",\"__token__\":\"***\",\"username\":\"admin\",\"password\":\"***\"}' , '/man.php/index/login?url=%2Fman.php' , 0 , 'Unknown' , 'Mozilla/5.0 (Linux; Android 10; BMH-TN10; HMSCore 5.3.0.312) AppleWebKit/537.36 (KHTML, like Gecko) Chrome/88.0.4324.93 HuaweiBrowser/11.1.2.301 Mobile Safari/537.36' , '222.182.12.69' , 1624847271) [ RunTime:0.004971s ]
---------------------------------------------------------------
[ 2021-06-28T10:27:55+08:00 ] 222.182.12.69 GET 28.zheyj.com/man.php
[运行时间：0.063717s] [吞吐率：15.69req/s] [内存消耗：2,924.23kb] [文件加载：128]
[ info ] [ BEHAVIOR ] Run Closure @app_init [ RunTime:0.000039s ]
[ info ] [ CACHE ] INIT File
[ info ] [ BEHAVIOR ] Run Closure @app_init [ RunTime:0.004058s ]
[ info ] [ LANG ] /www/wwwroot/28.zheyj.com/thinkphp/lang/zh-cn.php
[ info ] [ BEHAVIOR ] Run app\common\behavior\Common @app_dispatch [ RunTime:0.000447s ]
[ info ] [ ROUTE ] array (
  'type' => 'module',
  'module' => 
  array (
    0 => 'admin',
    1 => NULL,
    2 => NULL,
  ),
)
[ info ] [ HEADER ] array (
  'cookie' => 'security_session_verify=191cd54085401c1bd6b73a9294e4de61; PHPSESSID=sbtr2aptilna57okoefe4kt7fm; think_var=zh-cn',
  'accept-language' => 'zh-CN,zh;q=0.9,en-US;q=0.8,en;q=0.7',
  'accept-encoding' => 'gzip, deflate',
  'accept' => 'text/html,application/xhtml+xml,application/xml;q=0.9,image/webp,image/apng,*/*;q=0.8,application/signed-exchange;v=b3;q=0.9',
  'user-agent' => 'Mozilla/5.0 (Linux; Android 10; BMH-TN10; HMSCore 5.3.0.312) AppleWebKit/537.36 (KHTML, like Gecko) Chrome/88.0.4324.93 HuaweiBrowser/11.1.2.301 Mobile Safari/537.36',
  'upgrade-insecure-requests' => '1',
  'connection' => 'keep-alive',
  'host' => '28.zheyj.com',
)
[ info ] [ PARAM ] array (
)
[ info ] [ LANG ] /www/wwwroot/28.zheyj.com/public/../application/admin/lang/zh-cn.php
[ info ] [ BEHAVIOR ] Run app\common\behavior\Common @module_init [ RunTime:0.002272s ]
[ info ] [ SESSION ] INIT array (
  'id' => '',
  'var_session_id' => '',
  'prefix' => 'think',
  'type' => '',
  'auto_start' => true,
)
[ info ] [ VIEW ] /www/wwwroot/28.zheyj.com/public/../application/common/view/tpl/dispatch_jump.tpl [ array (
  0 => 'code',
  1 => 'msg',
  2 => 'data',
  3 => 'url',
  4 => 'wait',
) ]
[ info ] [ BEHAVIOR ] Run app\admin\behavior\AdminLog @app_end [ RunTime:0.000303s ]
[ info ] [ LOG ] INIT File
---------------------------------------------------------------
[ 2021-06-28T10:27:58+08:00 ] 222.182.12.69 GET 28.zheyj.com/man.php/index/login?url=%2Fman.php
[运行时间：0.073550s] [吞吐率：13.60req/s] [内存消耗：3,396.51kb] [文件加载：131]
[ info ] [ BEHAVIOR ] Run Closure @app_init [ RunTime:0.000039s ]
[ info ] [ CACHE ] INIT File
[ info ] [ BEHAVIOR ] Run Closure @app_init [ RunTime:0.004042s ]
[ info ] [ LANG ] /www/wwwroot/28.zheyj.com/thinkphp/lang/zh-cn.php
[ info ] [ BEHAVIOR ] Run app\common\behavior\Common @app_dispatch [ RunTime:0.000414s ]
[ info ] [ ROUTE ] array (
  'type' => 'module',
  'module' => 
  array (
    0 => 'admin',
    1 => 'index',
    2 => 'login',
  ),
)
[ info ] [ HEADER ] array (
  'cookie' => 'security_session_verify=191cd54085401c1bd6b73a9294e4de61; PHPSESSID=sbtr2aptilna57okoefe4kt7fm; think_var=zh-cn',
  'accept-language' => 'zh-CN,zh;q=0.9,en-US;q=0.8,en;q=0.7',
  'accept-encoding' => 'gzip, deflate',
  'referer' => 'http://28.zheyj.com/man.php',
  'accept' => 'text/html,application/xhtml+xml,application/xml;q=0.9,image/webp,image/apng,*/*;q=0.8,application/signed-exchange;v=b3;q=0.9',
  'user-agent' => 'Mozilla/5.0 (Linux; Android 10; BMH-TN10; HMSCore 5.3.0.312) AppleWebKit/537.36 (KHTML, like Gecko) Chrome/88.0.4324.93 HuaweiBrowser/11.1.2.301 Mobile Safari/537.36',
  'upgrade-insecure-requests' => '1',
  'connection' => 'keep-alive',
  'host' => '28.zheyj.com',
)
[ info ] [ PARAM ] array (
  'url' => '/man.php',
)
[ info ] [ LANG ] /www/wwwroot/28.zheyj.com/public/../application/admin/lang/zh-cn.php
[ info ] [ BEHAVIOR ] Run app\common\behavior\Common @module_init [ RunTime:0.002232s ]
[ info ] [ SESSION ] INIT array (
  'id' => '',
  'var_session_id' => '',
  'prefix' => 'think',
  'type' => '',
  'auto_start' => true,
)
[ info ] [ LANG ] /www/wwwroot/28.zheyj.com/public/../application/admin/lang/zh-cn/index.php
[ info ] [ RUN ] app\admin\controller\Index->login[ /www/wwwroot/28.zheyj.com/application/admin/controller/Index.php ]
[ info ] [ VIEW ] /www/wwwroot/28.zheyj.com/public/../application/admin/view/index/login.html [ array (
  0 => 'breadcrumb',
  1 => 'site',
  2 => 'config',
  3 => 'auth',
  4 => 'admin',
  5 => 'background',
  6 => 'title',
) ]
[ info ] [ BEHAVIOR ] Run app\admin\behavior\AdminLog @app_end [ RunTime:0.000391s ]
[ info ] [ LOG ] INIT File
---------------------------------------------------------------
[ 2021-06-28T10:28:02+08:00 ] 222.182.12.69 GET 28.zheyj.com/man.php/ajax/lang?callback=define&controllername=index&lang=zh-cn&v=1624847278&v=1624847278
[运行时间：0.061106s] [吞吐率：16.37req/s] [内存消耗：3,409.79kb] [文件加载：132]
[ info ] [ BEHAVIOR ] Run Closure @app_init [ RunTime:0.000023s ]
[ info ] [ CACHE ] INIT File
[ info ] [ BEHAVIOR ] Run Closure @app_init [ RunTime:0.003991s ]
[ info ] [ LANG ] /www/wwwroot/28.zheyj.com/thinkphp/lang/zh-cn.php
[ info ] [ BEHAVIOR ] Run app\common\behavior\Common @app_dispatch [ RunTime:0.000459s ]
[ info ] [ ROUTE ] array (
  'type' => 'module',
  'module' => 
  array (
    0 => 'admin',
    1 => 'ajax',
    2 => 'lang',
  ),
)
[ info ] [ HEADER ] array (
  'cookie' => 'security_session_verify=191cd54085401c1bd6b73a9294e4de61; PHPSESSID=sbtr2aptilna57okoefe4kt7fm; think_var=zh-cn',
  'accept-language' => 'zh-CN,zh;q=0.9,en-US;q=0.8,en;q=0.7',
  'accept-encoding' => 'gzip, deflate',
  'accept' => '*/*',
  'user-agent' => 'Mozilla/5.0 (Linux; Android 10; BMH-TN10; HMSCore 5.3.0.312) AppleWebKit/537.36 (KHTML, like Gecko) Chrome/88.0.4324.93 HuaweiBrowser/11.1.2.301 Mobile Safari/537.36',
  'connection' => 'keep-alive',
  'host' => '28.zheyj.com',
)
[ info ] [ PARAM ] array (
  'callback' => 'define',
  'controllername' => 'index',
  'lang' => 'zh-cn',
  'v' => '1624847278',
)
[ info ] [ LANG ] /www/wwwroot/28.zheyj.com/public/../application/admin/lang/zh-cn.php
[ info ] [ BEHAVIOR ] Run app\common\behavior\Common @module_init [ RunTime:0.002876s ]
[ info ] [ SESSION ] INIT array (
  'id' => '',
  'var_session_id' => '',
  'prefix' => 'think',
  'type' => '',
  'auto_start' => true,
)
[ info ] [ LANG ] /www/wwwroot/28.zheyj.com/public/../application/admin/lang/zh-cn/ajax.php
[ info ] [ RUN ] app\admin\controller\Ajax->lang[ /www/wwwroot/28.zheyj.com/application/admin/controller/Ajax.php ]
[ info ] [ LANG ] /www/wwwroot/28.zheyj.com/public/../application/admin/lang/zh-cn/index.php
[ info ] [ BEHAVIOR ] Run app\admin\behavior\AdminLog @app_end [ RunTime:0.000318s ]
[ info ] [ LOG ] INIT File
---------------------------------------------------------------
[ 2021-06-28T21:03:17+08:00 ] 120.68.98.221 GET 28.zheyj.com/
[运行时间：0.109298s] [吞吐率：9.15req/s] [内存消耗：2,911.68kb] [文件加载：127]
[ info ] [ BEHAVIOR ] Run Closure @app_init [ RunTime:0.000068s ]
[ info ] [ CACHE ] INIT File
[ info ] [ BEHAVIOR ] Run Closure @app_init [ RunTime:0.007291s ]
[ info ] [ LANG ] /www/wwwroot/28.zheyj.com/thinkphp/lang/zh-cn.php
[ info ] [ BEHAVIOR ] Run app\common\behavior\Common @app_dispatch [ RunTime:0.000616s ]
[ info ] [ ROUTE ] array (
  'type' => 'module',
  'module' => 
  array (
    0 => '',
    1 => NULL,
    2 => NULL,
  ),
)
[ info ] [ HEADER ] array (
  'cookie' => 'security_session_verify=a74aae0dc9195d157ab531e9615510c4; __guid=19213371.1119772469753514400.1624720129316.114',
  'accept-language' => 'zh-CN,zh;q=0.9',
  'accept-encoding' => 'gzip, deflate',
  'referer' => 'http://zzjie.com/url/?url=http://28.zheyj.com',
  'accept' => 'text/html,application/xhtml+xml,application/xml;q=0.9,image/avif,image/webp,image/apng,*/*;q=0.8,application/signed-exchange;v=b3;q=0.9',
  'user-agent' => 'Mozilla/5.0 (Windows NT 6.1; WOW64) AppleWebKit/537.36 (KHTML, like Gecko) Chrome/86.0.4240.198 Safari/537.36',
  'upgrade-insecure-requests' => '1',
  'connection' => 'keep-alive',
  'host' => '28.zheyj.com',
)
[ info ] [ PARAM ] array (
)
[ info ] [ LANG ] /www/wwwroot/28.zheyj.com/public/../application/index/lang/zh-cn.php
[ info ] [ BEHAVIOR ] Run app\common\behavior\Common @module_init [ RunTime:0.002607s ]
[ info ] [ LANG ] /www/wwwroot/28.zheyj.com/public/../application/index/lang/zh-cn/index.php
[ info ] [ RUN ] app\index\controller\Index->index[ /www/wwwroot/28.zheyj.com/application/index/controller/Index.php ]
[ info ] [ LOG ] INIT File
---------------------------------------------------------------
[ 2021-06-28T21:03:17+08:00 ] 120.68.98.221 GET 28.zheyj.com/index/index/sell.html
[运行时间：0.057790s] [吞吐率：17.30req/s] [内存消耗：2,958.41kb] [文件加载：126]
[ info ] [ BEHAVIOR ] Run Closure @app_init [ RunTime:0.000042s ]
[ info ] [ CACHE ] INIT File
[ info ] [ BEHAVIOR ] Run Closure @app_init [ RunTime:0.003633s ]
[ info ] [ LANG ] /www/wwwroot/28.zheyj.com/thinkphp/lang/zh-cn.php
[ info ] [ BEHAVIOR ] Run app\common\behavior\Common @app_dispatch [ RunTime:0.000426s ]
[ info ] [ ROUTE ] array (
  'type' => 'module',
  'module' => 
  array (
    0 => 'index',
    1 => 'index',
    2 => 'sell',
  ),
)
[ info ] [ HEADER ] array (
  'cookie' => '__guid=19213371.1119772469753514400.1624720129316.114; security_session_verify=04e8c07a3a315ced1b4d77d953605932',
  'accept-language' => 'zh-CN,zh;q=0.9',
  'accept-encoding' => 'gzip, deflate',
  'referer' => 'http://zzjie.com/url/?url=http://28.zheyj.com',
  'accept' => 'text/html,application/xhtml+xml,application/xml;q=0.9,image/avif,image/webp,image/apng,*/*;q=0.8,application/signed-exchange;v=b3;q=0.9',
  'user-agent' => 'Mozilla/5.0 (Windows NT 6.1; WOW64) AppleWebKit/537.36 (KHTML, like Gecko) Chrome/86.0.4240.198 Safari/537.36',
  'upgrade-insecure-requests' => '1',
  'connection' => 'keep-alive',
  'host' => '28.zheyj.com',
)
[ info ] [ PARAM ] array (
)
[ info ] [ LANG ] /www/wwwroot/28.zheyj.com/public/../application/index/lang/zh-cn.php
[ info ] [ BEHAVIOR ] Run app\common\behavior\Common @module_init [ RunTime:0.002341s ]
[ info ] [ LANG ] /www/wwwroot/28.zheyj.com/public/../application/index/lang/zh-cn/index.php
[ info ] [ RUN ] app\index\controller\Index->sell[ /www/wwwroot/28.zheyj.com/application/index/controller/Index.php ]
[ info ] [ VIEW ] /www/wwwroot/28.zheyj.com/public/../application/index/view/index/sell.html [ array (
  0 => 'user',
  1 => 'site',
  2 => 'config',
) ]
[ info ] [ LOG ] INIT File
---------------------------------------------------------------
[ 2021-06-28T21:03:17+08:00 ] 120.68.98.221 GET 28.zheyj.com/favicon.ico
[运行时间：0.063245s] [吞吐率：15.81req/s] [内存消耗：2,075.48kb] [文件加载：113]
[ info ] [ BEHAVIOR ] Run Closure @app_init [ RunTime:0.000045s ]
[ info ] [ CACHE ] INIT File
[ info ] [ BEHAVIOR ] Run Closure @app_init [ RunTime:0.004289s ]
[ info ] [ LANG ] /www/wwwroot/28.zheyj.com/thinkphp/lang/zh-cn.php
[ info ] [ BEHAVIOR ] Run app\common\behavior\Common @app_dispatch [ RunTime:0.000574s ]
[ info ] [ ROUTE ] array (
  'type' => 'module',
  'module' => 
  array (
    0 => 'favicon.ico',
    1 => NULL,
    2 => NULL,
  ),
)
[ info ] [ HEADER ] array (
  'cookie' => '__guid=19213371.1119772469753514400.1624720129316.114; security_session_verify=04e8c07a3a315ced1b4d77d953605932; monitor_count=1',
  'accept-language' => 'zh-CN,zh;q=0.9',
  'accept-encoding' => 'gzip, deflate',
  'referer' => 'http://28.zheyj.com/index/index/sell.html',
  'accept' => 'image/avif,image/webp,image/apng,image/*,*/*;q=0.8',
  'user-agent' => 'Mozilla/5.0 (Windows NT 6.1; WOW64) AppleWebKit/537.36 (KHTML, like Gecko) Chrome/86.0.4240.198 Safari/537.36',
  'connection' => 'keep-alive',
  'host' => '28.zheyj.com',
)
[ info ] [ PARAM ] array (
)
[ info ] [ LOG ] INIT File
---------------------------------------------------------------
[ 2021-06-28T21:03:20+08:00 ] 175.161.204.102 GET 28.zheyj.com/
[运行时间：0.054047s] [吞吐率：18.50req/s] [内存消耗：2,909.88kb] [文件加载：127]
[ info ] [ BEHAVIOR ] Run Closure @app_init [ RunTime:0.000093s ]
[ info ] [ CACHE ] INIT File
[ info ] [ BEHAVIOR ] Run Closure @app_init [ RunTime:0.003642s ]
[ info ] [ LANG ] /www/wwwroot/28.zheyj.com/thinkphp/lang/zh-cn.php
[ info ] [ BEHAVIOR ] Run app\common\behavior\Common @app_dispatch [ RunTime:0.000356s ]
[ info ] [ ROUTE ] array (
  'type' => 'module',
  'module' => 
  array (
    0 => '',
    1 => NULL,
    2 => NULL,
  ),
)
[ info ] [ HEADER ] array (
  'cookie' => '_ga=GA1.2.898852684.1620796481',
  'accept-encoding' => 'gzip, deflate',
  'accept' => 'text/html,application/xhtml+xml,application/xml;q=0.9,image/webp,image/apng,*/*;q=0.8',
  'user-agent' => 'Mozilla/5.0 (Linux; Android 9; V1930A Build/PKQ1.190616.001; wv) AppleWebKit/537.36 (KHTML, like Gecko) Version/4.0 Chrome/75.0.3770.156 Mobile Safari/537.36 aweme_130400 JsSdk/1.0 NetType/WIFI Channel/vivo AppName/aweme app_version/13.4.0 ByteLocale/zh-CN Region/CN AppSkin/black AppTheme/dark TTWebView/0751130011409',
  'upgrade-insecure-requests' => '1',
  'connection' => 'keep-alive',
  'host' => '28.zheyj.com',
)
[ info ] [ PARAM ] array (
)
[ info ] [ LANG ] /www/wwwroot/28.zheyj.com/public/../application/index/lang/zh-cn.php
[ info ] [ BEHAVIOR ] Run app\common\behavior\Common @module_init [ RunTime:0.001619s ]
[ info ] [ LANG ] /www/wwwroot/28.zheyj.com/public/../application/index/lang/zh-cn/index.php
[ info ] [ RUN ] app\index\controller\Index->index[ /www/wwwroot/28.zheyj.com/application/index/controller/Index.php ]
[ info ] [ LOG ] INIT File
---------------------------------------------------------------
[ 2021-06-28T21:03:21+08:00 ] 61.154.89.252 GET 28.zheyj.com/index/index/sell.html
[运行时间：0.056347s] [吞吐率：17.75req/s] [内存消耗：2,958.32kb] [文件加载：126]
[ info ] [ BEHAVIOR ] Run Closure @app_init [ RunTime:0.000043s ]
[ info ] [ CACHE ] INIT File
[ info ] [ BEHAVIOR ] Run Closure @app_init [ RunTime:0.003313s ]
[ info ] [ LANG ] /www/wwwroot/28.zheyj.com/thinkphp/lang/zh-cn.php
[ info ] [ BEHAVIOR ] Run app\common\behavior\Common @app_dispatch [ RunTime:0.000364s ]
[ info ] [ ROUTE ] array (
  'type' => 'module',
  'module' => 
  array (
    0 => 'index',
    1 => 'index',
    2 => 'sell',
  ),
)
[ info ] [ HEADER ] array (
  'cookie' => '_ga=GA1.2.898852684.1620796481; security_session_verify=50b87bd25ee5a55eba61c76c1e81b870',
  'accept-encoding' => 'gzip, deflate',
  'accept' => 'text/html,application/xhtml+xml,application/xml;q=0.9,image/webp,image/apng,*/*;q=0.8',
  'user-agent' => 'Mozilla/5.0 (Linux; Android 9; V1930A Build/PKQ1.190616.001; wv) AppleWebKit/537.36 (KHTML, like Gecko) Version/4.0 Chrome/75.0.3770.156 Mobile Safari/537.36 aweme_130400 JsSdk/1.0 NetType/WIFI Channel/vivo AppName/aweme app_version/13.4.0 ByteLocale/zh-CN Region/CN AppSkin/black AppTheme/dark TTWebView/0751130011409',
  'upgrade-insecure-requests' => '1',
  'connection' => 'keep-alive',
  'host' => '28.zheyj.com',
)
[ info ] [ PARAM ] array (
)
[ info ] [ LANG ] /www/wwwroot/28.zheyj.com/public/../application/index/lang/zh-cn.php
[ info ] [ BEHAVIOR ] Run app\common\behavior\Common @module_init [ RunTime:0.001614s ]
[ info ] [ LANG ] /www/wwwroot/28.zheyj.com/public/../application/index/lang/zh-cn/index.php
[ info ] [ RUN ] app\index\controller\Index->sell[ /www/wwwroot/28.zheyj.com/application/index/controller/Index.php ]
[ info ] [ VIEW ] /www/wwwroot/28.zheyj.com/public/../application/index/view/index/sell.html [ array (
  0 => 'user',
  1 => 'site',
  2 => 'config',
) ]
[ info ] [ LOG ] INIT File
---------------------------------------------------------------
[ 2021-06-28T21:04:33+08:00 ] 180.163.220.4 GET 28.zheyj.com/
[运行时间：0.071552s] [吞吐率：13.98req/s] [内存消耗：2,911.77kb] [文件加载：127]
[ info ] [ BEHAVIOR ] Run Closure @app_init [ RunTime:0.000045s ]
[ info ] [ CACHE ] INIT File
[ info ] [ BEHAVIOR ] Run Closure @app_init [ RunTime:0.003706s ]
[ info ] [ LANG ] /www/wwwroot/28.zheyj.com/thinkphp/lang/zh-cn.php
[ info ] [ BEHAVIOR ] Run app\common\behavior\Common @app_dispatch [ RunTime:0.000664s ]
[ info ] [ ROUTE ] array (
  'type' => 'module',
  'module' => 
  array (
    0 => '',
    1 => NULL,
    2 => NULL,
  ),
)
[ info ] [ HEADER ] array (
  'accept-encoding' => 'gzip, deflate',
  'referer' => 'http://baidu.com/',
  'accept' => 'text/html,application/xhtml+xml,application/xml;q=0.9,image/webp,image/apng,*/*;q=0.8',
  'user-agent' => 'Mozilla/5.0 (Linux; U; Android 8.1.0; zh-CN; EML-AL00 Build/HUAWEIEML-AL00) AppleWebKit/537.36 (KHTML, like Gecko) Version/4.0 Chrome/57.0.2987.108 baidu.sogo.uc.UCBrowser/11.9.4.974 UWS/2.13.1.48 Mobile Safari/537.36 AliApp(DingTalk/4.5.11) com.alibaba.android.rimet/10487439 Channel/227200 language/zh-CN',
  'upgrade-insecure-requests' => '1',
  'cache-control' => 'no-cache',
  'pragma' => 'no-cache',
  'connection' => 'keep-alive',
  'host' => '28.zheyj.com',
)
[ info ] [ PARAM ] array (
)
[ info ] [ LANG ] /www/wwwroot/28.zheyj.com/public/../application/index/lang/zh-cn.php
[ info ] [ BEHAVIOR ] Run app\common\behavior\Common @module_init [ RunTime:0.002224s ]
[ info ] [ LANG ] /www/wwwroot/28.zheyj.com/public/../application/index/lang/zh-cn/index.php
[ info ] [ RUN ] app\index\controller\Index->index[ /www/wwwroot/28.zheyj.com/application/index/controller/Index.php ]
[ info ] [ LOG ] INIT File
---------------------------------------------------------------
[ 2021-06-28T21:04:33+08:00 ] 27.115.124.6 GET 28.zheyj.com/index/index/sell.html
[运行时间：0.072940s] [吞吐率：13.71req/s] [内存消耗：2,958.50kb] [文件加载：126]
[ info ] [ BEHAVIOR ] Run Closure @app_init [ RunTime:0.000088s ]
[ info ] [ CACHE ] INIT File
[ info ] [ BEHAVIOR ] Run Closure @app_init [ RunTime:0.005276s ]
[ info ] [ LANG ] /www/wwwroot/28.zheyj.com/thinkphp/lang/zh-cn.php
[ info ] [ BEHAVIOR ] Run app\common\behavior\Common @app_dispatch [ RunTime:0.000488s ]
[ info ] [ ROUTE ] array (
  'type' => 'module',
  'module' => 
  array (
    0 => 'index',
    1 => 'index',
    2 => 'sell',
  ),
)
[ info ] [ HEADER ] array (
  'accept-encoding' => 'gzip, deflate',
  'referer' => 'http://baidu.com/',
  'accept' => 'text/html,application/xhtml+xml,application/xml;q=0.9,image/webp,image/apng,*/*;q=0.8',
  'user-agent' => 'Mozilla/5.0 (Linux; U; Android 8.1.0; zh-CN; EML-AL00 Build/HUAWEIEML-AL00) AppleWebKit/537.36 (KHTML, like Gecko) Version/4.0 Chrome/57.0.2987.108 baidu.sogo.uc.UCBrowser/11.9.4.974 UWS/2.13.1.48 Mobile Safari/537.36 AliApp(DingTalk/4.5.11) com.alibaba.android.rimet/10487439 Channel/227200 language/zh-CN',
  'upgrade-insecure-requests' => '1',
  'cache-control' => 'no-cache',
  'pragma' => 'no-cache',
  'connection' => 'keep-alive',
  'host' => '28.zheyj.com',
)
[ info ] [ PARAM ] array (
)
[ info ] [ LANG ] /www/wwwroot/28.zheyj.com/public/../application/index/lang/zh-cn.php
[ info ] [ BEHAVIOR ] Run app\common\behavior\Common @module_init [ RunTime:0.002515s ]
[ info ] [ LANG ] /www/wwwroot/28.zheyj.com/public/../application/index/lang/zh-cn/index.php
[ info ] [ RUN ] app\index\controller\Index->sell[ /www/wwwroot/28.zheyj.com/application/index/controller/Index.php ]
[ info ] [ VIEW ] /www/wwwroot/28.zheyj.com/public/../application/index/view/index/sell.html [ array (
  0 => 'user',
  1 => 'site',
  2 => 'config',
) ]
[ info ] [ LOG ] INIT File
---------------------------------------------------------------
[ 2021-06-28T21:04:33+08:00 ] 180.163.220.68 GET 28.zheyj.com/index/index/sell.html
[运行时间：0.067735s] [吞吐率：14.76req/s] [内存消耗：2,959.35kb] [文件加载：126]
[ info ] [ BEHAVIOR ] Run Closure @app_init [ RunTime:0.000047s ]
[ info ] [ CACHE ] INIT File
[ info ] [ BEHAVIOR ] Run Closure @app_init [ RunTime:0.004326s ]
[ info ] [ LANG ] /www/wwwroot/28.zheyj.com/thinkphp/lang/zh-cn.php
[ info ] [ BEHAVIOR ] Run app\common\behavior\Common @app_dispatch [ RunTime:0.000446s ]
[ info ] [ ROUTE ] array (
  'type' => 'module',
  'module' => 
  array (
    0 => 'index',
    1 => 'index',
    2 => 'sell',
  ),
)
[ info ] [ HEADER ] array (
  'cookie' => 'security_session_verify=3d312741220ee26deccac34001cf5c6e',
  'accept-encoding' => 'gzip, deflate',
  'referer' => 'http://baidu.com/',
  'accept' => 'text/html,application/xhtml+xml,application/xml;q=0.9,image/webp,image/apng,*/*;q=0.8',
  'user-agent' => 'Mozilla/5.0 (Linux; U; Android 8.1.0; zh-CN; EML-AL00 Build/HUAWEIEML-AL00) AppleWebKit/537.36 (KHTML, like Gecko) Version/4.0 Chrome/57.0.2987.108 baidu.sogo.uc.UCBrowser/11.9.4.974 UWS/2.13.1.48 Mobile Safari/537.36 AliApp(DingTalk/4.5.11) com.alibaba.android.rimet/10487439 Channel/227200 language/zh-CN',
  'upgrade-insecure-requests' => '1',
  'cache-control' => 'no-cache',
  'pragma' => 'no-cache',
  'connection' => 'keep-alive',
  'host' => '28.zheyj.com',
)
[ info ] [ PARAM ] array (
)
[ info ] [ LANG ] /www/wwwroot/28.zheyj.com/public/../application/index/lang/zh-cn.php
[ info ] [ BEHAVIOR ] Run app\common\behavior\Common @module_init [ RunTime:0.002323s ]
[ info ] [ LANG ] /www/wwwroot/28.zheyj.com/public/../application/index/lang/zh-cn/index.php
[ info ] [ RUN ] app\index\controller\Index->sell[ /www/wwwroot/28.zheyj.com/application/index/controller/Index.php ]
[ info ] [ VIEW ] /www/wwwroot/28.zheyj.com/public/../application/index/view/index/sell.html [ array (
  0 => 'user',
  1 => 'site',
  2 => 'config',
) ]
[ info ] [ LOG ] INIT File
---------------------------------------------------------------
[ 2021-06-28T21:52:23+08:00 ] 202.60.133.45 GET 28.zheyj.com/favicon.ico
[运行时间：0.051376s] [吞吐率：19.46req/s] [内存消耗：2,072.18kb] [文件加载：113]
[ info ] [ BEHAVIOR ] Run Closure @app_init [ RunTime:0.000081s ]
[ info ] [ CACHE ] INIT File
[ info ] [ BEHAVIOR ] Run Closure @app_init [ RunTime:0.003779s ]
[ info ] [ LANG ] /www/wwwroot/28.zheyj.com/thinkphp/lang/zh-cn.php
[ info ] [ BEHAVIOR ] Run app\common\behavior\Common @app_dispatch [ RunTime:0.000458s ]
[ info ] [ ROUTE ] array (
  'type' => 'module',
  'module' => 
  array (
    0 => 'favicon.ico',
    1 => NULL,
    2 => NULL,
  ),
)
[ info ] [ HEADER ] array (
  'accept-language' => 'zh-CN,zh;q=0.9',
  'accept-encoding' => 'gzip, deflate',
  'user-agent' => 'Mozilla/5.0 (Windows NT 10.0; WOW64) AppleWebKit/537.36 (KHTML, like Gecko) Chrome/86.0.4240.198 Safari/537.36',
  'connection' => 'keep-alive',
  'host' => '28.zheyj.com',
)
[ info ] [ PARAM ] array (
)
[ info ] [ LOG ] INIT File
