---------------------------------------------------------------
[ 2021-02-10T02:09:45+08:00 ] 47.101.190.233 GET www.haousdt.com/
[运行时间：0.025038s] [吞吐率：39.94req/s] [内存消耗：2,898.88kb] [文件加载：127]
[ info ] [ BEHAVIOR ] Run Closure @app_init [ RunTime:0.000015s ]
[ info ] [ CACHE ] INIT File
[ info ] [ BEHAVIOR ] Run Closure @app_init [ RunTime:0.001276s ]
[ info ] [ LANG ] /www/wwwroot/haousdt.com/thinkphp/lang/zh-cn.php
[ info ] [ BEHAVIOR ] Run app\common\behavior\Common @app_dispatch [ RunTime:0.000174s ]
[ info ] [ ROUTE ] array (
  'type' => 'module',
  'module' => 
  array (
    0 => '',
    1 => NULL,
    2 => NULL,
  ),
)
[ info ] [ HEADER ] array (
  'accept-encoding' => 'gzip',
  'connection' => 'Keep-Alive',
  'host' => 'www.haousdt.com',
  'user-agent' => 'Mozilla/5.0 (X11; Ubuntu; Linux x86_64; rv:36.0) Gecko/20100101 Firefox/36.0',
  'content-length' => '',
  'content-type' => '',
)
[ info ] [ PARAM ] array (
)
[ info ] [ LANG ] /www/wwwroot/haousdt.com/public/../application/index/lang/zh-cn.php
[ info ] [ BEHAVIOR ] Run app\common\behavior\Common @module_init [ RunTime:0.000884s ]
[ info ] [ LANG ] /www/wwwroot/haousdt.com/public/../application/index/lang/zh-cn/index.php
[ info ] [ RUN ] app\index\controller\Index->index[ /www/wwwroot/haousdt.com/application/index/controller/Index.php ]
[ info ] [ LOG ] INIT File
---------------------------------------------------------------
[ 2021-02-10T02:09:45+08:00 ] 47.101.190.233 GET www.haousdt.com/index/index/sell.html
[运行时间：0.028146s] [吞吐率：35.53req/s] [内存消耗：2,937.95kb] [文件加载：126]
[ info ] [ BEHAVIOR ] Run Closure @app_init [ RunTime:0.000014s ]
[ info ] [ CACHE ] INIT File
[ info ] [ BEHAVIOR ] Run Closure @app_init [ RunTime:0.001330s ]
[ info ] [ LANG ] /www/wwwroot/haousdt.com/thinkphp/lang/zh-cn.php
[ info ] [ BEHAVIOR ] Run app\common\behavior\Common @app_dispatch [ RunTime:0.000213s ]
[ info ] [ ROUTE ] array (
  'type' => 'module',
  'module' => 
  array (
    0 => 'index',
    1 => 'index',
    2 => 'sell',
  ),
)
[ info ] [ HEADER ] array (
  'accept-encoding' => 'gzip',
  'connection' => 'Keep-Alive',
  'host' => 'www.haousdt.com',
  'user-agent' => 'Mozilla/5.0 (X11; Ubuntu; Linux x86_64; rv:36.0) Gecko/20100101 Firefox/36.0',
  'content-length' => '',
  'content-type' => '',
)
[ info ] [ PARAM ] array (
)
[ info ] [ LANG ] /www/wwwroot/haousdt.com/public/../application/index/lang/zh-cn.php
[ info ] [ BEHAVIOR ] Run app\common\behavior\Common @module_init [ RunTime:0.001166s ]
[ info ] [ LANG ] /www/wwwroot/haousdt.com/public/../application/index/lang/zh-cn/index.php
[ info ] [ RUN ] app\index\controller\Index->sell[ /www/wwwroot/haousdt.com/application/index/controller/Index.php ]
[ info ] [ VIEW ] /www/wwwroot/haousdt.com/public/../application/index/view/index/sell.html [ array (
  0 => 'user',
  1 => 'site',
  2 => 'config',
) ]
[ info ] [ LOG ] INIT File
---------------------------------------------------------------
[ 2021-02-10T03:16:50+08:00 ] 47.101.200.178 GET www.haousdt.com/
[运行时间：0.026794s] [吞吐率：37.32req/s] [内存消耗：2,898.89kb] [文件加载：127]
[ info ] [ BEHAVIOR ] Run Closure @app_init [ RunTime:0.000015s ]
[ info ] [ CACHE ] INIT File
[ info ] [ BEHAVIOR ] Run Closure @app_init [ RunTime:0.001405s ]
[ info ] [ LANG ] /www/wwwroot/haousdt.com/thinkphp/lang/zh-cn.php
[ info ] [ BEHAVIOR ] Run app\common\behavior\Common @app_dispatch [ RunTime:0.000208s ]
[ info ] [ ROUTE ] array (
  'type' => 'module',
  'module' => 
  array (
    0 => '',
    1 => NULL,
    2 => NULL,
  ),
)
[ info ] [ HEADER ] array (
  'accept-encoding' => 'gzip',
  'connection' => 'Keep-Alive',
  'host' => 'www.haousdt.com',
  'user-agent' => 'Mozilla/5.0 (X11; Ubuntu; Linux x86_64; rv:36.0) Gecko/20100101 Firefox/36.0',
  'content-length' => '',
  'content-type' => '',
)
[ info ] [ PARAM ] array (
)
[ info ] [ LANG ] /www/wwwroot/haousdt.com/public/../application/index/lang/zh-cn.php
[ info ] [ BEHAVIOR ] Run app\common\behavior\Common @module_init [ RunTime:0.000981s ]
[ info ] [ LANG ] /www/wwwroot/haousdt.com/public/../application/index/lang/zh-cn/index.php
[ info ] [ RUN ] app\index\controller\Index->index[ /www/wwwroot/haousdt.com/application/index/controller/Index.php ]
[ info ] [ LOG ] INIT File
---------------------------------------------------------------
[ 2021-02-10T03:16:50+08:00 ] 47.101.200.178 GET www.haousdt.com/index/index/sell.html
[运行时间：0.024149s] [吞吐率：41.41req/s] [内存消耗：2,937.95kb] [文件加载：126]
[ info ] [ BEHAVIOR ] Run Closure @app_init [ RunTime:0.000013s ]
[ info ] [ CACHE ] INIT File
[ info ] [ BEHAVIOR ] Run Closure @app_init [ RunTime:0.001221s ]
[ info ] [ LANG ] /www/wwwroot/haousdt.com/thinkphp/lang/zh-cn.php
[ info ] [ BEHAVIOR ] Run app\common\behavior\Common @app_dispatch [ RunTime:0.000191s ]
[ info ] [ ROUTE ] array (
  'type' => 'module',
  'module' => 
  array (
    0 => 'index',
    1 => 'index',
    2 => 'sell',
  ),
)
[ info ] [ HEADER ] array (
  'accept-encoding' => 'gzip',
  'connection' => 'Keep-Alive',
  'host' => 'www.haousdt.com',
  'user-agent' => 'Mozilla/5.0 (X11; Ubuntu; Linux x86_64; rv:36.0) Gecko/20100101 Firefox/36.0',
  'content-length' => '',
  'content-type' => '',
)
[ info ] [ PARAM ] array (
)
[ info ] [ LANG ] /www/wwwroot/haousdt.com/public/../application/index/lang/zh-cn.php
[ info ] [ BEHAVIOR ] Run app\common\behavior\Common @module_init [ RunTime:0.000874s ]
[ info ] [ LANG ] /www/wwwroot/haousdt.com/public/../application/index/lang/zh-cn/index.php
[ info ] [ RUN ] app\index\controller\Index->sell[ /www/wwwroot/haousdt.com/application/index/controller/Index.php ]
[ info ] [ VIEW ] /www/wwwroot/haousdt.com/public/../application/index/view/index/sell.html [ array (
  0 => 'user',
  1 => 'site',
  2 => 'config',
) ]
[ info ] [ LOG ] INIT File
---------------------------------------------------------------
[ 2021-02-10T05:01:29+08:00 ] 66.249.72.142 GET haousdt.com/
[运行时间：0.027467s] [吞吐率：36.41req/s] [内存消耗：2,901.29kb] [文件加载：127]
[ info ] [ BEHAVIOR ] Run Closure @app_init [ RunTime:0.000015s ]
[ info ] [ CACHE ] INIT File
[ info ] [ BEHAVIOR ] Run Closure @app_init [ RunTime:0.001477s ]
[ info ] [ LANG ] /www/wwwroot/haousdt.com/thinkphp/lang/zh-cn.php
[ info ] [ BEHAVIOR ] Run app\common\behavior\Common @app_dispatch [ RunTime:0.000198s ]
[ info ] [ ROUTE ] array (
  'type' => 'module',
  'module' => 
  array (
    0 => '',
    1 => NULL,
    2 => NULL,
  ),
)
[ info ] [ HEADER ] array (
  'accept-encoding' => 'gzip,deflate,br',
  'user-agent' => 'Mozilla/5.0 (Linux; Android 6.0.1; Nexus 5X Build/MMB29P) AppleWebKit/537.36 (KHTML, like Gecko) Chrome/88.0.4324.153 Mobile Safari/537.36 (compatible; Googlebot/2.1; +http://www.google.com/bot.html)',
  'from' => 'googlebot(at)googlebot.com',
  'accept' => 'text/html,application/xhtml+xml,application/signed-exchange;v=b3,application/xml;q=0.9,*/*;q=0.8',
  'connection' => 'keep-alive',
  'amp-cache-transform' => 'google;v="1..5"',
  'host' => 'haousdt.com',
  'content-length' => '',
  'content-type' => '',
)
[ info ] [ PARAM ] array (
)
[ info ] [ LANG ] /www/wwwroot/haousdt.com/public/../application/index/lang/zh-cn.php
[ info ] [ BEHAVIOR ] Run app\common\behavior\Common @module_init [ RunTime:0.001004s ]
[ info ] [ LANG ] /www/wwwroot/haousdt.com/public/../application/index/lang/zh-cn/index.php
[ info ] [ RUN ] app\index\controller\Index->index[ /www/wwwroot/haousdt.com/application/index/controller/Index.php ]
[ info ] [ LOG ] INIT File
---------------------------------------------------------------
[ 2021-02-10T05:01:30+08:00 ] 66.249.72.140 GET haousdt.com/index/index/sell.html
[运行时间：0.025749s] [吞吐率：38.84req/s] [内存消耗：2,940.35kb] [文件加载：126]
[ info ] [ BEHAVIOR ] Run Closure @app_init [ RunTime:0.000014s ]
[ info ] [ CACHE ] INIT File
[ info ] [ BEHAVIOR ] Run Closure @app_init [ RunTime:0.001334s ]
[ info ] [ LANG ] /www/wwwroot/haousdt.com/thinkphp/lang/zh-cn.php
[ info ] [ BEHAVIOR ] Run app\common\behavior\Common @app_dispatch [ RunTime:0.000185s ]
[ info ] [ ROUTE ] array (
  'type' => 'module',
  'module' => 
  array (
    0 => 'index',
    1 => 'index',
    2 => 'sell',
  ),
)
[ info ] [ HEADER ] array (
  'accept-encoding' => 'gzip,deflate,br',
  'user-agent' => 'Mozilla/5.0 (Linux; Android 6.0.1; Nexus 5X Build/MMB29P) AppleWebKit/537.36 (KHTML, like Gecko) Chrome/88.0.4324.153 Mobile Safari/537.36 (compatible; Googlebot/2.1; +http://www.google.com/bot.html)',
  'from' => 'googlebot(at)googlebot.com',
  'accept' => 'text/html,application/xhtml+xml,application/signed-exchange;v=b3,application/xml;q=0.9,*/*;q=0.8',
  'connection' => 'keep-alive',
  'amp-cache-transform' => 'google;v="1..5"',
  'host' => 'haousdt.com',
  'content-length' => '',
  'content-type' => '',
)
[ info ] [ PARAM ] array (
)
[ info ] [ LANG ] /www/wwwroot/haousdt.com/public/../application/index/lang/zh-cn.php
[ info ] [ BEHAVIOR ] Run app\common\behavior\Common @module_init [ RunTime:0.000962s ]
[ info ] [ LANG ] /www/wwwroot/haousdt.com/public/../application/index/lang/zh-cn/index.php
[ info ] [ RUN ] app\index\controller\Index->sell[ /www/wwwroot/haousdt.com/application/index/controller/Index.php ]
[ info ] [ VIEW ] /www/wwwroot/haousdt.com/public/../application/index/view/index/sell.html [ array (
  0 => 'user',
  1 => 'site',
  2 => 'config',
) ]
[ info ] [ LOG ] INIT File
---------------------------------------------------------------
[ 2021-02-10T05:15:54+08:00 ] 47.101.200.88 GET haousdt.com/
[运行时间：0.026916s] [吞吐率：37.15req/s] [内存消耗：2,898.89kb] [文件加载：127]
[ info ] [ BEHAVIOR ] Run Closure @app_init [ RunTime:0.000015s ]
[ info ] [ CACHE ] INIT File
[ info ] [ BEHAVIOR ] Run Closure @app_init [ RunTime:0.001412s ]
[ info ] [ LANG ] /www/wwwroot/haousdt.com/thinkphp/lang/zh-cn.php
[ info ] [ BEHAVIOR ] Run app\common\behavior\Common @app_dispatch [ RunTime:0.000219s ]
[ info ] [ ROUTE ] array (
  'type' => 'module',
  'module' => 
  array (
    0 => '',
    1 => NULL,
    2 => NULL,
  ),
)
[ info ] [ HEADER ] array (
  'accept-encoding' => 'gzip',
  'connection' => 'Keep-Alive',
  'host' => 'haousdt.com',
  'user-agent' => 'Mozilla/5.0 (X11; Ubuntu; Linux x86_64; rv:36.0) Gecko/20100101 Firefox/36.0',
  'content-length' => '',
  'content-type' => '',
)
[ info ] [ PARAM ] array (
)
[ info ] [ LANG ] /www/wwwroot/haousdt.com/public/../application/index/lang/zh-cn.php
[ info ] [ BEHAVIOR ] Run app\common\behavior\Common @module_init [ RunTime:0.001014s ]
[ info ] [ LANG ] /www/wwwroot/haousdt.com/public/../application/index/lang/zh-cn/index.php
[ info ] [ RUN ] app\index\controller\Index->index[ /www/wwwroot/haousdt.com/application/index/controller/Index.php ]
[ info ] [ LOG ] INIT File
---------------------------------------------------------------
[ 2021-02-10T05:15:54+08:00 ] 47.101.200.88 GET haousdt.com/index/index/sell.html
[运行时间：0.027412s] [吞吐率：36.48req/s] [内存消耗：2,937.95kb] [文件加载：126]
[ info ] [ BEHAVIOR ] Run Closure @app_init [ RunTime:0.000015s ]
[ info ] [ CACHE ] INIT File
[ info ] [ BEHAVIOR ] Run Closure @app_init [ RunTime:0.001435s ]
[ info ] [ LANG ] /www/wwwroot/haousdt.com/thinkphp/lang/zh-cn.php
[ info ] [ BEHAVIOR ] Run app\common\behavior\Common @app_dispatch [ RunTime:0.000209s ]
[ info ] [ ROUTE ] array (
  'type' => 'module',
  'module' => 
  array (
    0 => 'index',
    1 => 'index',
    2 => 'sell',
  ),
)
[ info ] [ HEADER ] array (
  'accept-encoding' => 'gzip',
  'connection' => 'Keep-Alive',
  'host' => 'haousdt.com',
  'user-agent' => 'Mozilla/5.0 (X11; Ubuntu; Linux x86_64; rv:36.0) Gecko/20100101 Firefox/36.0',
  'content-length' => '',
  'content-type' => '',
)
[ info ] [ PARAM ] array (
)
[ info ] [ LANG ] /www/wwwroot/haousdt.com/public/../application/index/lang/zh-cn.php
[ info ] [ BEHAVIOR ] Run app\common\behavior\Common @module_init [ RunTime:0.001019s ]
[ info ] [ LANG ] /www/wwwroot/haousdt.com/public/../application/index/lang/zh-cn/index.php
[ info ] [ RUN ] app\index\controller\Index->sell[ /www/wwwroot/haousdt.com/application/index/controller/Index.php ]
[ info ] [ VIEW ] /www/wwwroot/haousdt.com/public/../application/index/view/index/sell.html [ array (
  0 => 'user',
  1 => 'site',
  2 => 'config',
) ]
[ info ] [ LOG ] INIT File
---------------------------------------------------------------
[ 2021-02-10T05:44:18+08:00 ] 47.92.101.29 GET haousdt.com/
[运行时间：0.026916s] [吞吐率：37.15req/s] [内存消耗：2,898.84kb] [文件加载：127]
[ info ] [ BEHAVIOR ] Run Closure @app_init [ RunTime:0.000016s ]
[ info ] [ CACHE ] INIT File
[ info ] [ BEHAVIOR ] Run Closure @app_init [ RunTime:0.001444s ]
[ info ] [ LANG ] /www/wwwroot/haousdt.com/thinkphp/lang/zh-cn.php
[ info ] [ BEHAVIOR ] Run app\common\behavior\Common @app_dispatch [ RunTime:0.000196s ]
[ info ] [ ROUTE ] array (
  'type' => 'module',
  'module' => 
  array (
    0 => '',
    1 => NULL,
    2 => NULL,
  ),
)
[ info ] [ HEADER ] array (
  'accept-encoding' => 'gzip',
  'connection' => 'Keep-Alive',
  'host' => 'haousdt.com',
  'user-agent' => 'Mozilla/5.0 (Linux; Android 4.1.1; Nexus 7 Build/JRO03D)',
  'content-length' => '',
  'content-type' => '',
)
[ info ] [ PARAM ] array (
)
[ info ] [ LANG ] /www/wwwroot/haousdt.com/public/../application/index/lang/zh-cn.php
[ info ] [ BEHAVIOR ] Run app\common\behavior\Common @module_init [ RunTime:0.000991s ]
[ info ] [ LANG ] /www/wwwroot/haousdt.com/public/../application/index/lang/zh-cn/index.php
[ info ] [ RUN ] app\index\controller\Index->index[ /www/wwwroot/haousdt.com/application/index/controller/Index.php ]
[ info ] [ LOG ] INIT File
---------------------------------------------------------------
[ 2021-02-10T05:44:18+08:00 ] 47.92.101.29 GET haousdt.com/index/index/sell.html
[运行时间：0.028205s] [吞吐率：35.45req/s] [内存消耗：2,937.91kb] [文件加载：126]
[ info ] [ BEHAVIOR ] Run Closure @app_init [ RunTime:0.000016s ]
[ info ] [ CACHE ] INIT File
[ info ] [ BEHAVIOR ] Run Closure @app_init [ RunTime:0.001414s ]
[ info ] [ LANG ] /www/wwwroot/haousdt.com/thinkphp/lang/zh-cn.php
[ info ] [ BEHAVIOR ] Run app\common\behavior\Common @app_dispatch [ RunTime:0.000199s ]
[ info ] [ ROUTE ] array (
  'type' => 'module',
  'module' => 
  array (
    0 => 'index',
    1 => 'index',
    2 => 'sell',
  ),
)
[ info ] [ HEADER ] array (
  'accept-encoding' => 'gzip',
  'connection' => 'Keep-Alive',
  'host' => 'haousdt.com',
  'user-agent' => 'Mozilla/5.0 (Linux; Android 4.1.1; Nexus 7 Build/JRO03D)',
  'content-length' => '',
  'content-type' => '',
)
[ info ] [ PARAM ] array (
)
[ info ] [ LANG ] /www/wwwroot/haousdt.com/public/../application/index/lang/zh-cn.php
[ info ] [ BEHAVIOR ] Run app\common\behavior\Common @module_init [ RunTime:0.001005s ]
[ info ] [ LANG ] /www/wwwroot/haousdt.com/public/../application/index/lang/zh-cn/index.php
[ info ] [ RUN ] app\index\controller\Index->sell[ /www/wwwroot/haousdt.com/application/index/controller/Index.php ]
[ info ] [ VIEW ] /www/wwwroot/haousdt.com/public/../application/index/view/index/sell.html [ array (
  0 => 'user',
  1 => 'site',
  2 => 'config',
) ]
[ info ] [ LOG ] INIT File
---------------------------------------------------------------
[ 2021-02-10T07:33:41+08:00 ] 139.162.145.250 GET 47.242.84.220/bag2
[运行时间：0.020539s] [吞吐率：48.69req/s] [内存消耗：2,069.09kb] [文件加载：113]
[ info ] [ BEHAVIOR ] Run Closure @app_init [ RunTime:0.000016s ]
[ info ] [ CACHE ] INIT File
[ info ] [ BEHAVIOR ] Run Closure @app_init [ RunTime:0.001430s ]
[ info ] [ LANG ] /www/wwwroot/haousdt.com/thinkphp/lang/zh-cn.php
[ info ] [ BEHAVIOR ] Run app\common\behavior\Common @app_dispatch [ RunTime:0.000200s ]
[ info ] [ ROUTE ] array (
  'type' => 'module',
  'module' => 
  array (
    0 => 'bag2',
    1 => NULL,
    2 => NULL,
  ),
)
[ info ] [ HEADER ] array (
  'accept-encoding' => 'gzip',
  'accept' => '*/*',
  'user-agent' => 'Mozilla/4.0 (compatible; MSIE 8.0; Windows NT 6.0; Trident/4.0)',
  'host' => '47.242.84.220',
  'content-length' => '',
  'content-type' => '',
)
[ info ] [ PARAM ] array (
)
[ info ] [ LOG ] INIT File
---------------------------------------------------------------
[ 2021-02-10T08:36:09+08:00 ] 47.103.124.74 GET www.haousdt.com/
[运行时间：0.026339s] [吞吐率：37.97req/s] [内存消耗：2,900.59kb] [文件加载：127]
[ info ] [ BEHAVIOR ] Run Closure @app_init [ RunTime:0.000014s ]
[ info ] [ CACHE ] INIT File
[ info ] [ BEHAVIOR ] Run Closure @app_init [ RunTime:0.001637s ]
[ info ] [ LANG ] /www/wwwroot/haousdt.com/thinkphp/lang/zh-cn.php
[ info ] [ BEHAVIOR ] Run app\common\behavior\Common @app_dispatch [ RunTime:0.000177s ]
[ info ] [ ROUTE ] array (
  'type' => 'module',
  'module' => 
  array (
    0 => '',
    1 => NULL,
    2 => NULL,
  ),
)
[ info ] [ HEADER ] array (
  'connection' => 'close',
  'accept-language' => 'zh-CN,zh;q=0.9',
  'accept-encoding' => 'gzip, deflate',
  'accept' => 'text/html,application/xhtml+xml,application/xml;q=0.9,image/webp,image/apng,*/*;q=0.8,application/signed-exchange;v=b3',
  'host' => 'www.haousdt.com',
  'user-agent' => 'Mozilla/5.0 (Macintosh; Intel Mac OS X 10_14_6) AppleWebKit/537.36 (KHTML, like Gecko) Chrome/76.0.3809.132 Safari/537.36',
  'content-length' => '',
  'content-type' => '',
)
[ info ] [ PARAM ] array (
)
[ info ] [ LANG ] /www/wwwroot/haousdt.com/public/../application/index/lang/zh-cn.php
[ info ] [ BEHAVIOR ] Run app\common\behavior\Common @module_init [ RunTime:0.000888s ]
[ info ] [ LANG ] /www/wwwroot/haousdt.com/public/../application/index/lang/zh-cn/index.php
[ info ] [ RUN ] app\index\controller\Index->index[ /www/wwwroot/haousdt.com/application/index/controller/Index.php ]
[ info ] [ LOG ] INIT File
---------------------------------------------------------------
[ 2021-02-10T08:36:09+08:00 ] 47.103.124.74 GET www.haousdt.com/index/index/sell.html
[运行时间：0.027525s] [吞吐率：36.33req/s] [内存消耗：2,939.66kb] [文件加载：126]
[ info ] [ BEHAVIOR ] Run Closure @app_init [ RunTime:0.000016s ]
[ info ] [ CACHE ] INIT File
[ info ] [ BEHAVIOR ] Run Closure @app_init [ RunTime:0.001452s ]
[ info ] [ LANG ] /www/wwwroot/haousdt.com/thinkphp/lang/zh-cn.php
[ info ] [ BEHAVIOR ] Run app\common\behavior\Common @app_dispatch [ RunTime:0.000194s ]
[ info ] [ ROUTE ] array (
  'type' => 'module',
  'module' => 
  array (
    0 => 'index',
    1 => 'index',
    2 => 'sell',
  ),
)
[ info ] [ HEADER ] array (
  'connection' => 'close',
  'accept-language' => 'zh-CN,zh;q=0.9',
  'accept-encoding' => 'gzip, deflate',
  'accept' => 'text/html,application/xhtml+xml,application/xml;q=0.9,image/webp,image/apng,*/*;q=0.8,application/signed-exchange;v=b3',
  'host' => 'www.haousdt.com',
  'user-agent' => 'Mozilla/5.0 (Macintosh; Intel Mac OS X 10_14_6) AppleWebKit/537.36 (KHTML, like Gecko) Chrome/76.0.3809.132 Safari/537.36',
  'content-length' => '',
  'content-type' => '',
)
[ info ] [ PARAM ] array (
)
[ info ] [ LANG ] /www/wwwroot/haousdt.com/public/../application/index/lang/zh-cn.php
[ info ] [ BEHAVIOR ] Run app\common\behavior\Common @module_init [ RunTime:0.000990s ]
[ info ] [ LANG ] /www/wwwroot/haousdt.com/public/../application/index/lang/zh-cn/index.php
[ info ] [ RUN ] app\index\controller\Index->sell[ /www/wwwroot/haousdt.com/application/index/controller/Index.php ]
[ info ] [ VIEW ] /www/wwwroot/haousdt.com/public/../application/index/view/index/sell.html [ array (
  0 => 'user',
  1 => 'site',
  2 => 'config',
) ]
[ info ] [ LOG ] INIT File
---------------------------------------------------------------
[ 2021-02-10T08:36:10+08:00 ] 121.199.22.143 GET www.haousdt.com/
[运行时间：0.027569s] [吞吐率：36.27req/s] [内存消耗：2,900.59kb] [文件加载：127]
[ info ] [ BEHAVIOR ] Run Closure @app_init [ RunTime:0.000015s ]
[ info ] [ CACHE ] INIT File
[ info ] [ BEHAVIOR ] Run Closure @app_init [ RunTime:0.001439s ]
[ info ] [ LANG ] /www/wwwroot/haousdt.com/thinkphp/lang/zh-cn.php
[ info ] [ BEHAVIOR ] Run app\common\behavior\Common @app_dispatch [ RunTime:0.000206s ]
[ info ] [ ROUTE ] array (
  'type' => 'module',
  'module' => 
  array (
    0 => '',
    1 => NULL,
    2 => NULL,
  ),
)
[ info ] [ HEADER ] array (
  'connection' => 'close',
  'accept-language' => 'zh-CN,zh;q=0.9',
  'accept-encoding' => 'gzip, deflate',
  'accept' => 'text/html,application/xhtml+xml,application/xml;q=0.9,image/webp,image/apng,*/*;q=0.8,application/signed-exchange;v=b3',
  'host' => 'www.haousdt.com',
  'user-agent' => 'Mozilla/5.0 (Macintosh; Intel Mac OS X 10_14_6) AppleWebKit/537.36 (KHTML, like Gecko) Chrome/76.0.3809.132 Safari/537.36',
  'content-length' => '',
  'content-type' => '',
)
[ info ] [ PARAM ] array (
)
[ info ] [ LANG ] /www/wwwroot/haousdt.com/public/../application/index/lang/zh-cn.php
[ info ] [ BEHAVIOR ] Run app\common\behavior\Common @module_init [ RunTime:0.001010s ]
[ info ] [ LANG ] /www/wwwroot/haousdt.com/public/../application/index/lang/zh-cn/index.php
[ info ] [ RUN ] app\index\controller\Index->index[ /www/wwwroot/haousdt.com/application/index/controller/Index.php ]
[ info ] [ LOG ] INIT File
---------------------------------------------------------------
[ 2021-02-10T08:36:10+08:00 ] 121.199.22.143 GET www.haousdt.com/index/index/sell.html
[运行时间：0.028690s] [吞吐率：34.86req/s] [内存消耗：2,939.66kb] [文件加载：126]
[ info ] [ BEHAVIOR ] Run Closure @app_init [ RunTime:0.000015s ]
[ info ] [ CACHE ] INIT File
[ info ] [ BEHAVIOR ] Run Closure @app_init [ RunTime:0.001506s ]
[ info ] [ LANG ] /www/wwwroot/haousdt.com/thinkphp/lang/zh-cn.php
[ info ] [ BEHAVIOR ] Run app\common\behavior\Common @app_dispatch [ RunTime:0.000207s ]
[ info ] [ ROUTE ] array (
  'type' => 'module',
  'module' => 
  array (
    0 => 'index',
    1 => 'index',
    2 => 'sell',
  ),
)
[ info ] [ HEADER ] array (
  'connection' => 'close',
  'accept-language' => 'zh-CN,zh;q=0.9',
  'accept-encoding' => 'gzip, deflate',
  'accept' => 'text/html,application/xhtml+xml,application/xml;q=0.9,image/webp,image/apng,*/*;q=0.8,application/signed-exchange;v=b3',
  'host' => 'www.haousdt.com',
  'user-agent' => 'Mozilla/5.0 (Macintosh; Intel Mac OS X 10_14_6) AppleWebKit/537.36 (KHTML, like Gecko) Chrome/76.0.3809.132 Safari/537.36',
  'content-length' => '',
  'content-type' => '',
)
[ info ] [ PARAM ] array (
)
[ info ] [ LANG ] /www/wwwroot/haousdt.com/public/../application/index/lang/zh-cn.php
[ info ] [ BEHAVIOR ] Run app\common\behavior\Common @module_init [ RunTime:0.001015s ]
[ info ] [ LANG ] /www/wwwroot/haousdt.com/public/../application/index/lang/zh-cn/index.php
[ info ] [ RUN ] app\index\controller\Index->sell[ /www/wwwroot/haousdt.com/application/index/controller/Index.php ]
[ info ] [ VIEW ] /www/wwwroot/haousdt.com/public/../application/index/view/index/sell.html [ array (
  0 => 'user',
  1 => 'site',
  2 => 'config',
) ]
[ info ] [ LOG ] INIT File
---------------------------------------------------------------
[ 2021-02-10T08:36:15+08:00 ] 121.199.22.143 GET haousdt.com/
[运行时间：0.024488s] [吞吐率：40.84req/s] [内存消耗：2,900.47kb] [文件加载：127]
[ info ] [ BEHAVIOR ] Run Closure @app_init [ RunTime:0.000016s ]
[ info ] [ CACHE ] INIT File
[ info ] [ BEHAVIOR ] Run Closure @app_init [ RunTime:0.001318s ]
[ info ] [ LANG ] /www/wwwroot/haousdt.com/thinkphp/lang/zh-cn.php
[ info ] [ BEHAVIOR ] Run app\common\behavior\Common @app_dispatch [ RunTime:0.000182s ]
[ info ] [ ROUTE ] array (
  'type' => 'module',
  'module' => 
  array (
    0 => '',
    1 => NULL,
    2 => NULL,
  ),
)
[ info ] [ HEADER ] array (
  'connection' => 'close',
  'accept-language' => 'zh-CN,zh;q=0.9',
  'accept-encoding' => 'gzip, deflate',
  'accept' => 'text/html,application/xhtml+xml,application/xml;q=0.9,image/webp,image/apng,*/*;q=0.8,application/signed-exchange;v=b3',
  'host' => 'haousdt.com',
  'user-agent' => 'Mozilla/5.0 (Macintosh; Intel Mac OS X 10_14_6) AppleWebKit/537.36 (KHTML, like Gecko) Chrome/76.0.3809.132 Safari/537.36',
  'content-length' => '',
  'content-type' => '',
)
[ info ] [ PARAM ] array (
)
[ info ] [ LANG ] /www/wwwroot/haousdt.com/public/../application/index/lang/zh-cn.php
[ info ] [ BEHAVIOR ] Run app\common\behavior\Common @module_init [ RunTime:0.000895s ]
[ info ] [ LANG ] /www/wwwroot/haousdt.com/public/../application/index/lang/zh-cn/index.php
[ info ] [ RUN ] app\index\controller\Index->index[ /www/wwwroot/haousdt.com/application/index/controller/Index.php ]
[ info ] [ LOG ] INIT File
---------------------------------------------------------------
[ 2021-02-10T08:36:15+08:00 ] 121.199.22.143 GET haousdt.com/index/index/sell.html
[运行时间：0.023740s] [吞吐率：42.12req/s] [内存消耗：2,939.53kb] [文件加载：126]
[ info ] [ BEHAVIOR ] Run Closure @app_init [ RunTime:0.000013s ]
[ info ] [ CACHE ] INIT File
[ info ] [ BEHAVIOR ] Run Closure @app_init [ RunTime:0.001232s ]
[ info ] [ LANG ] /www/wwwroot/haousdt.com/thinkphp/lang/zh-cn.php
[ info ] [ BEHAVIOR ] Run app\common\behavior\Common @app_dispatch [ RunTime:0.000169s ]
[ info ] [ ROUTE ] array (
  'type' => 'module',
  'module' => 
  array (
    0 => 'index',
    1 => 'index',
    2 => 'sell',
  ),
)
[ info ] [ HEADER ] array (
  'connection' => 'close',
  'accept-language' => 'zh-CN,zh;q=0.9',
  'accept-encoding' => 'gzip, deflate',
  'accept' => 'text/html,application/xhtml+xml,application/xml;q=0.9,image/webp,image/apng,*/*;q=0.8,application/signed-exchange;v=b3',
  'host' => 'haousdt.com',
  'user-agent' => 'Mozilla/5.0 (Macintosh; Intel Mac OS X 10_14_6) AppleWebKit/537.36 (KHTML, like Gecko) Chrome/76.0.3809.132 Safari/537.36',
  'content-length' => '',
  'content-type' => '',
)
[ info ] [ PARAM ] array (
)
[ info ] [ LANG ] /www/wwwroot/haousdt.com/public/../application/index/lang/zh-cn.php
[ info ] [ BEHAVIOR ] Run app\common\behavior\Common @module_init [ RunTime:0.000862s ]
[ info ] [ LANG ] /www/wwwroot/haousdt.com/public/../application/index/lang/zh-cn/index.php
[ info ] [ RUN ] app\index\controller\Index->sell[ /www/wwwroot/haousdt.com/application/index/controller/Index.php ]
[ info ] [ VIEW ] /www/wwwroot/haousdt.com/public/../application/index/view/index/sell.html [ array (
  0 => 'user',
  1 => 'site',
  2 => 'config',
) ]
[ info ] [ LOG ] INIT File
---------------------------------------------------------------
[ 2021-02-10T08:36:18+08:00 ] 47.103.129.35 GET haousdt.com/
[运行时间：0.023092s] [吞吐率：43.30req/s] [内存消耗：2,900.47kb] [文件加载：127]
[ info ] [ BEHAVIOR ] Run Closure @app_init [ RunTime:0.000014s ]
[ info ] [ CACHE ] INIT File
[ info ] [ BEHAVIOR ] Run Closure @app_init [ RunTime:0.001220s ]
[ info ] [ LANG ] /www/wwwroot/haousdt.com/thinkphp/lang/zh-cn.php
[ info ] [ BEHAVIOR ] Run app\common\behavior\Common @app_dispatch [ RunTime:0.000168s ]
[ info ] [ ROUTE ] array (
  'type' => 'module',
  'module' => 
  array (
    0 => '',
    1 => NULL,
    2 => NULL,
  ),
)
[ info ] [ HEADER ] array (
  'connection' => 'close',
  'accept-language' => 'zh-CN,zh;q=0.9',
  'accept-encoding' => 'gzip, deflate',
  'accept' => 'text/html,application/xhtml+xml,application/xml;q=0.9,image/webp,image/apng,*/*;q=0.8,application/signed-exchange;v=b3',
  'host' => 'haousdt.com',
  'user-agent' => 'Mozilla/5.0 (Macintosh; Intel Mac OS X 10_14_6) AppleWebKit/537.36 (KHTML, like Gecko) Chrome/76.0.3809.132 Safari/537.36',
  'content-length' => '',
  'content-type' => '',
)
[ info ] [ PARAM ] array (
)
[ info ] [ LANG ] /www/wwwroot/haousdt.com/public/../application/index/lang/zh-cn.php
[ info ] [ BEHAVIOR ] Run app\common\behavior\Common @module_init [ RunTime:0.000853s ]
[ info ] [ LANG ] /www/wwwroot/haousdt.com/public/../application/index/lang/zh-cn/index.php
[ info ] [ RUN ] app\index\controller\Index->index[ /www/wwwroot/haousdt.com/application/index/controller/Index.php ]
[ info ] [ LOG ] INIT File
---------------------------------------------------------------
[ 2021-02-10T08:36:19+08:00 ] 47.103.129.35 GET haousdt.com/index/index/sell.html
[运行时间：0.023636s] [吞吐率：42.31req/s] [内存消耗：2,939.53kb] [文件加载：126]
[ info ] [ BEHAVIOR ] Run Closure @app_init [ RunTime:0.000014s ]
[ info ] [ CACHE ] INIT File
[ info ] [ BEHAVIOR ] Run Closure @app_init [ RunTime:0.001222s ]
[ info ] [ LANG ] /www/wwwroot/haousdt.com/thinkphp/lang/zh-cn.php
[ info ] [ BEHAVIOR ] Run app\common\behavior\Common @app_dispatch [ RunTime:0.000173s ]
[ info ] [ ROUTE ] array (
  'type' => 'module',
  'module' => 
  array (
    0 => 'index',
    1 => 'index',
    2 => 'sell',
  ),
)
[ info ] [ HEADER ] array (
  'connection' => 'close',
  'accept-language' => 'zh-CN,zh;q=0.9',
  'accept-encoding' => 'gzip, deflate',
  'accept' => 'text/html,application/xhtml+xml,application/xml;q=0.9,image/webp,image/apng,*/*;q=0.8,application/signed-exchange;v=b3',
  'host' => 'haousdt.com',
  'user-agent' => 'Mozilla/5.0 (Macintosh; Intel Mac OS X 10_14_6) AppleWebKit/537.36 (KHTML, like Gecko) Chrome/76.0.3809.132 Safari/537.36',
  'content-length' => '',
  'content-type' => '',
)
[ info ] [ PARAM ] array (
)
[ info ] [ LANG ] /www/wwwroot/haousdt.com/public/../application/index/lang/zh-cn.php
[ info ] [ BEHAVIOR ] Run app\common\behavior\Common @module_init [ RunTime:0.000858s ]
[ info ] [ LANG ] /www/wwwroot/haousdt.com/public/../application/index/lang/zh-cn/index.php
[ info ] [ RUN ] app\index\controller\Index->sell[ /www/wwwroot/haousdt.com/application/index/controller/Index.php ]
[ info ] [ VIEW ] /www/wwwroot/haousdt.com/public/../application/index/view/index/sell.html [ array (
  0 => 'user',
  1 => 'site',
  2 => 'config',
) ]
[ info ] [ LOG ] INIT File
---------------------------------------------------------------
[ 2021-02-10T09:01:10+08:00 ] 192.241.224.35 GET 47.242.84.220/
[运行时间：0.023866s] [吞吐率：41.90req/s] [内存消耗：2,898.48kb] [文件加载：127]
[ info ] [ BEHAVIOR ] Run Closure @app_init [ RunTime:0.000014s ]
[ info ] [ CACHE ] INIT File
[ info ] [ BEHAVIOR ] Run Closure @app_init [ RunTime:0.001271s ]
[ info ] [ LANG ] /www/wwwroot/haousdt.com/thinkphp/lang/zh-cn.php
[ info ] [ BEHAVIOR ] Run app\common\behavior\Common @app_dispatch [ RunTime:0.000195s ]
[ info ] [ ROUTE ] array (
  'type' => 'module',
  'module' => 
  array (
    0 => '',
    1 => NULL,
    2 => NULL,
  ),
)
[ info ] [ HEADER ] array (
  'accept-encoding' => 'gzip',
  'accept' => '*/*',
  'user-agent' => 'Mozilla/5.0 zgrab/0.x',
  'host' => '47.242.84.220',
  'content-length' => '',
  'content-type' => '',
)
[ info ] [ PARAM ] array (
)
[ info ] [ LANG ] /www/wwwroot/haousdt.com/public/../application/index/lang/zh-cn.php
[ info ] [ BEHAVIOR ] Run app\common\behavior\Common @module_init [ RunTime:0.000879s ]
[ info ] [ LANG ] /www/wwwroot/haousdt.com/public/../application/index/lang/zh-cn/index.php
[ info ] [ RUN ] app\index\controller\Index->index[ /www/wwwroot/haousdt.com/application/index/controller/Index.php ]
[ info ] [ LOG ] INIT File
---------------------------------------------------------------
[ 2021-02-10T09:03:44+08:00 ] 184.105.247.196 GET 47.242.84.220/
[运行时间：0.024002s] [吞吐率：41.66req/s] [内存消耗：2,897.80kb] [文件加载：127]
[ info ] [ BEHAVIOR ] Run Closure @app_init [ RunTime:0.000014s ]
[ info ] [ CACHE ] INIT File
[ info ] [ BEHAVIOR ] Run Closure @app_init [ RunTime:0.001252s ]
[ info ] [ LANG ] /www/wwwroot/haousdt.com/thinkphp/lang/zh-cn.php
[ info ] [ BEHAVIOR ] Run app\common\behavior\Common @app_dispatch [ RunTime:0.000190s ]
[ info ] [ ROUTE ] array (
  'type' => 'module',
  'module' => 
  array (
    0 => '',
    1 => NULL,
    2 => NULL,
  ),
)
[ info ] [ HEADER ] array (
  'host' => '47.242.84.220',
  'content-length' => '',
  'content-type' => '',
)
[ info ] [ PARAM ] array (
)
[ info ] [ LANG ] /www/wwwroot/haousdt.com/public/../application/index/lang/zh-cn.php
[ info ] [ BEHAVIOR ] Run app\common\behavior\Common @module_init [ RunTime:0.000884s ]
[ info ] [ LANG ] /www/wwwroot/haousdt.com/public/../application/index/lang/zh-cn/index.php
[ info ] [ RUN ] app\index\controller\Index->index[ /www/wwwroot/haousdt.com/application/index/controller/Index.php ]
[ info ] [ LOG ] INIT File
---------------------------------------------------------------
[ 2021-02-10T09:12:37+08:00 ] 47.103.212.123 GET haousdt.com/
[运行时间：0.023354s] [吞吐率：42.82req/s] [内存消耗：2,898.84kb] [文件加载：127]
[ info ] [ BEHAVIOR ] Run Closure @app_init [ RunTime:0.000012s ]
[ info ] [ CACHE ] INIT File
[ info ] [ BEHAVIOR ] Run Closure @app_init [ RunTime:0.001213s ]
[ info ] [ LANG ] /www/wwwroot/haousdt.com/thinkphp/lang/zh-cn.php
[ info ] [ BEHAVIOR ] Run app\common\behavior\Common @app_dispatch [ RunTime:0.000181s ]
[ info ] [ ROUTE ] array (
  'type' => 'module',
  'module' => 
  array (
    0 => '',
    1 => NULL,
    2 => NULL,
  ),
)
[ info ] [ HEADER ] array (
  'accept-encoding' => 'gzip',
  'connection' => 'Keep-Alive',
  'host' => 'haousdt.com',
  'user-agent' => 'Mozilla/5.0 (Linux; Android 4.1.1; Nexus 7 Build/JRO03D)',
  'content-length' => '',
  'content-type' => '',
)
[ info ] [ PARAM ] array (
)
[ info ] [ LANG ] /www/wwwroot/haousdt.com/public/../application/index/lang/zh-cn.php
[ info ] [ BEHAVIOR ] Run app\common\behavior\Common @module_init [ RunTime:0.000889s ]
[ info ] [ LANG ] /www/wwwroot/haousdt.com/public/../application/index/lang/zh-cn/index.php
[ info ] [ RUN ] app\index\controller\Index->index[ /www/wwwroot/haousdt.com/application/index/controller/Index.php ]
[ info ] [ LOG ] INIT File
---------------------------------------------------------------
[ 2021-02-10T09:12:37+08:00 ] 47.103.212.123 GET haousdt.com/index/index/sell.html
[运行时间：0.027607s] [吞吐率：36.22req/s] [内存消耗：2,937.91kb] [文件加载：126]
[ info ] [ BEHAVIOR ] Run Closure @app_init [ RunTime:0.000014s ]
[ info ] [ CACHE ] INIT File
[ info ] [ BEHAVIOR ] Run Closure @app_init [ RunTime:0.001378s ]
[ info ] [ LANG ] /www/wwwroot/haousdt.com/thinkphp/lang/zh-cn.php
[ info ] [ BEHAVIOR ] Run app\common\behavior\Common @app_dispatch [ RunTime:0.000214s ]
[ info ] [ ROUTE ] array (
  'type' => 'module',
  'module' => 
  array (
    0 => 'index',
    1 => 'index',
    2 => 'sell',
  ),
)
[ info ] [ HEADER ] array (
  'accept-encoding' => 'gzip',
  'connection' => 'Keep-Alive',
  'host' => 'haousdt.com',
  'user-agent' => 'Mozilla/5.0 (Linux; Android 4.1.1; Nexus 7 Build/JRO03D)',
  'content-length' => '',
  'content-type' => '',
)
[ info ] [ PARAM ] array (
)
[ info ] [ LANG ] /www/wwwroot/haousdt.com/public/../application/index/lang/zh-cn.php
[ info ] [ BEHAVIOR ] Run app\common\behavior\Common @module_init [ RunTime:0.001005s ]
[ info ] [ LANG ] /www/wwwroot/haousdt.com/public/../application/index/lang/zh-cn/index.php
[ info ] [ RUN ] app\index\controller\Index->sell[ /www/wwwroot/haousdt.com/application/index/controller/Index.php ]
[ info ] [ VIEW ] /www/wwwroot/haousdt.com/public/../application/index/view/index/sell.html [ array (
  0 => 'user',
  1 => 'site',
  2 => 'config',
) ]
[ info ] [ LOG ] INIT File
---------------------------------------------------------------
[ 2021-02-10T09:12:38+08:00 ] 47.103.212.123 GET haousdt.com/index/index/buy.html
[运行时间：0.023588s] [吞吐率：42.39req/s] [内存消耗：2,937.55kb] [文件加载：126]
[ info ] [ BEHAVIOR ] Run Closure @app_init [ RunTime:0.000014s ]
[ info ] [ CACHE ] INIT File
[ info ] [ BEHAVIOR ] Run Closure @app_init [ RunTime:0.001214s ]
[ info ] [ LANG ] /www/wwwroot/haousdt.com/thinkphp/lang/zh-cn.php
[ info ] [ BEHAVIOR ] Run app\common\behavior\Common @app_dispatch [ RunTime:0.000172s ]
[ info ] [ ROUTE ] array (
  'type' => 'module',
  'module' => 
  array (
    0 => 'index',
    1 => 'index',
    2 => 'buy',
  ),
)
[ info ] [ HEADER ] array (
  'accept-encoding' => 'gzip',
  'connection' => 'Keep-Alive',
  'host' => 'haousdt.com',
  'user-agent' => 'Mozilla/5.0 (Linux; Android 4.1.1; Nexus 7 Build/JRO03D)',
  'content-length' => '',
  'content-type' => '',
)
[ info ] [ PARAM ] array (
)
[ info ] [ LANG ] /www/wwwroot/haousdt.com/public/../application/index/lang/zh-cn.php
[ info ] [ BEHAVIOR ] Run app\common\behavior\Common @module_init [ RunTime:0.000860s ]
[ info ] [ LANG ] /www/wwwroot/haousdt.com/public/../application/index/lang/zh-cn/index.php
[ info ] [ RUN ] app\index\controller\Index->buy[ /www/wwwroot/haousdt.com/application/index/controller/Index.php ]
[ info ] [ VIEW ] /www/wwwroot/haousdt.com/public/../application/index/view/index/buy.html [ array (
  0 => 'user',
  1 => 'site',
  2 => 'config',
) ]
[ info ] [ LOG ] INIT File
---------------------------------------------------------------
[ 2021-02-10T09:15:36+08:00 ] 101.132.99.248 GET haousdt.com/
[运行时间：0.024395s] [吞吐率：40.99req/s] [内存消耗：2,898.84kb] [文件加载：127]
[ info ] [ BEHAVIOR ] Run Closure @app_init [ RunTime:0.000015s ]
[ info ] [ CACHE ] INIT File
[ info ] [ BEHAVIOR ] Run Closure @app_init [ RunTime:0.001242s ]
[ info ] [ LANG ] /www/wwwroot/haousdt.com/thinkphp/lang/zh-cn.php
[ info ] [ BEHAVIOR ] Run app\common\behavior\Common @app_dispatch [ RunTime:0.000201s ]
[ info ] [ ROUTE ] array (
  'type' => 'module',
  'module' => 
  array (
    0 => '',
    1 => NULL,
    2 => NULL,
  ),
)
[ info ] [ HEADER ] array (
  'accept-encoding' => 'gzip',
  'connection' => 'Keep-Alive',
  'host' => 'haousdt.com',
  'user-agent' => 'Mozilla/5.0 (Linux; Android 4.1.1; Nexus 7 Build/JRO03D)',
  'content-length' => '',
  'content-type' => '',
)
[ info ] [ PARAM ] array (
)
[ info ] [ LANG ] /www/wwwroot/haousdt.com/public/../application/index/lang/zh-cn.php
[ info ] [ BEHAVIOR ] Run app\common\behavior\Common @module_init [ RunTime:0.000915s ]
[ info ] [ LANG ] /www/wwwroot/haousdt.com/public/../application/index/lang/zh-cn/index.php
[ info ] [ RUN ] app\index\controller\Index->index[ /www/wwwroot/haousdt.com/application/index/controller/Index.php ]
[ info ] [ LOG ] INIT File
---------------------------------------------------------------
[ 2021-02-10T09:15:36+08:00 ] 101.132.99.248 GET haousdt.com/index/index/sell.html
[运行时间：0.023751s] [吞吐率：42.10req/s] [内存消耗：2,937.91kb] [文件加载：126]
[ info ] [ BEHAVIOR ] Run Closure @app_init [ RunTime:0.000014s ]
[ info ] [ CACHE ] INIT File
[ info ] [ BEHAVIOR ] Run Closure @app_init [ RunTime:0.001230s ]
[ info ] [ LANG ] /www/wwwroot/haousdt.com/thinkphp/lang/zh-cn.php
[ info ] [ BEHAVIOR ] Run app\common\behavior\Common @app_dispatch [ RunTime:0.000179s ]
[ info ] [ ROUTE ] array (
  'type' => 'module',
  'module' => 
  array (
    0 => 'index',
    1 => 'index',
    2 => 'sell',
  ),
)
[ info ] [ HEADER ] array (
  'accept-encoding' => 'gzip',
  'connection' => 'Keep-Alive',
  'host' => 'haousdt.com',
  'user-agent' => 'Mozilla/5.0 (Linux; Android 4.1.1; Nexus 7 Build/JRO03D)',
  'content-length' => '',
  'content-type' => '',
)
[ info ] [ PARAM ] array (
)
[ info ] [ LANG ] /www/wwwroot/haousdt.com/public/../application/index/lang/zh-cn.php
[ info ] [ BEHAVIOR ] Run app\common\behavior\Common @module_init [ RunTime:0.000874s ]
[ info ] [ LANG ] /www/wwwroot/haousdt.com/public/../application/index/lang/zh-cn/index.php
[ info ] [ RUN ] app\index\controller\Index->sell[ /www/wwwroot/haousdt.com/application/index/controller/Index.php ]
[ info ] [ VIEW ] /www/wwwroot/haousdt.com/public/../application/index/view/index/sell.html [ array (
  0 => 'user',
  1 => 'site',
  2 => 'config',
) ]
[ info ] [ LOG ] INIT File
---------------------------------------------------------------
[ 2021-02-10T09:15:37+08:00 ] 101.132.99.248 GET haousdt.com/index/index/buy.html
[运行时间：0.025305s] [吞吐率：39.52req/s] [内存消耗：2,937.55kb] [文件加载：126]
[ info ] [ BEHAVIOR ] Run Closure @app_init [ RunTime:0.000016s ]
[ info ] [ CACHE ] INIT File
[ info ] [ BEHAVIOR ] Run Closure @app_init [ RunTime:0.001305s ]
[ info ] [ LANG ] /www/wwwroot/haousdt.com/thinkphp/lang/zh-cn.php
[ info ] [ BEHAVIOR ] Run app\common\behavior\Common @app_dispatch [ RunTime:0.000192s ]
[ info ] [ ROUTE ] array (
  'type' => 'module',
  'module' => 
  array (
    0 => 'index',
    1 => 'index',
    2 => 'buy',
  ),
)
[ info ] [ HEADER ] array (
  'accept-encoding' => 'gzip',
  'connection' => 'Keep-Alive',
  'host' => 'haousdt.com',
  'user-agent' => 'Mozilla/5.0 (Linux; Android 4.1.1; Nexus 7 Build/JRO03D)',
  'content-length' => '',
  'content-type' => '',
)
[ info ] [ PARAM ] array (
)
[ info ] [ LANG ] /www/wwwroot/haousdt.com/public/../application/index/lang/zh-cn.php
[ info ] [ BEHAVIOR ] Run app\common\behavior\Common @module_init [ RunTime:0.000919s ]
[ info ] [ LANG ] /www/wwwroot/haousdt.com/public/../application/index/lang/zh-cn/index.php
[ info ] [ RUN ] app\index\controller\Index->buy[ /www/wwwroot/haousdt.com/application/index/controller/Index.php ]
[ info ] [ VIEW ] /www/wwwroot/haousdt.com/public/../application/index/view/index/buy.html [ array (
  0 => 'user',
  1 => 'site',
  2 => 'config',
) ]
[ info ] [ LOG ] INIT File
---------------------------------------------------------------
[ 2021-02-10T10:28:40+08:00 ] 192.241.210.106 GET 47.242.84.220/owa/auth/logon.aspx?url=https%3a%2f%2f1%2fecp%2f
[运行时间：0.018885s] [吞吐率：52.95req/s] [内存消耗：2,069.16kb] [文件加载：113]
[ info ] [ BEHAVIOR ] Run Closure @app_init [ RunTime:0.000015s ]
[ info ] [ CACHE ] INIT File
[ info ] [ BEHAVIOR ] Run Closure @app_init [ RunTime:0.001339s ]
[ info ] [ LANG ] /www/wwwroot/haousdt.com/thinkphp/lang/zh-cn.php
[ info ] [ BEHAVIOR ] Run app\common\behavior\Common @app_dispatch [ RunTime:0.000199s ]
[ info ] [ ROUTE ] array (
  'type' => 'module',
  'module' => 
  array (
    0 => 'owa',
    1 => 'auth',
    2 => 'logon.aspx',
  ),
)
[ info ] [ HEADER ] array (
  'accept-encoding' => 'gzip',
  'accept' => '*/*',
  'user-agent' => 'Mozilla/5.0 zgrab/0.x',
  'host' => '47.242.84.220',
  'content-length' => '',
  'content-type' => '',
)
[ info ] [ PARAM ] array (
  'url' => 'https://1/ecp/',
)
[ info ] [ LOG ] INIT File
---------------------------------------------------------------
[ 2021-02-10T10:46:45+08:00 ] 23.254.204.59 GET 47.242.84.220/.env
[运行时间：0.020043s] [吞吐率：49.89req/s] [内存消耗：2,069.62kb] [文件加载：113]
[ info ] [ BEHAVIOR ] Run Closure @app_init [ RunTime:0.000013s ]
[ info ] [ CACHE ] INIT File
[ info ] [ BEHAVIOR ] Run Closure @app_init [ RunTime:0.001416s ]
[ info ] [ LANG ] /www/wwwroot/haousdt.com/thinkphp/lang/zh-cn.php
[ info ] [ BEHAVIOR ] Run app\common\behavior\Common @app_dispatch [ RunTime:0.000231s ]
[ info ] [ ROUTE ] array (
  'type' => 'module',
  'module' => 
  array (
    0 => '.env',
    1 => NULL,
    2 => NULL,
  ),
)
[ info ] [ HEADER ] array (
  'connection' => 'keep-alive',
  'accept' => '*/*',
  'accept-encoding' => 'gzip, deflate',
  'user-agent' => 'Mozilla/5.0 (X11; Linux x86_64) AppleWebKit/537.36 (KHTML, like Gecko) Chrome/81.0.4044.129 Safari/537.36',
  'host' => '47.242.84.220',
  'content-length' => '',
  'content-type' => '',
)
[ info ] [ PARAM ] array (
)
[ info ] [ LOG ] INIT File
---------------------------------------------------------------
[ 2021-02-10T10:46:47+08:00 ] 23.254.204.59 POST 47.242.84.220/
[运行时间：0.023983s] [吞吐率：41.70req/s] [内存消耗：2,899.95kb] [文件加载：127]
[ info ] [ BEHAVIOR ] Run Closure @app_init [ RunTime:0.000013s ]
[ info ] [ CACHE ] INIT File
[ info ] [ BEHAVIOR ] Run Closure @app_init [ RunTime:0.001337s ]
[ info ] [ LANG ] /www/wwwroot/haousdt.com/thinkphp/lang/zh-cn.php
[ info ] [ BEHAVIOR ] Run app\common\behavior\Common @app_dispatch [ RunTime:0.000211s ]
[ info ] [ ROUTE ] array (
  'type' => 'module',
  'module' => 
  array (
    0 => '',
    1 => NULL,
    2 => NULL,
  ),
)
[ info ] [ HEADER ] array (
  'content-type' => 'application/x-www-form-urlencoded',
  'content-length' => '20',
  'connection' => 'keep-alive',
  'accept' => '*/*',
  'accept-encoding' => 'gzip, deflate',
  'user-agent' => 'Mozilla/5.0 (X11; Linux x86_64) AppleWebKit/537.36 (KHTML, like Gecko) Chrome/81.0.4044.129 Safari/537.36',
  'host' => '47.242.84.220',
)
[ info ] [ PARAM ] array (
  '0x' => 
  array (
    0 => 'androxgh0st',
  ),
)
[ info ] [ LANG ] /www/wwwroot/haousdt.com/public/../application/index/lang/zh-cn.php
[ info ] [ BEHAVIOR ] Run app\common\behavior\Common @module_init [ RunTime:0.000962s ]
[ info ] [ LANG ] /www/wwwroot/haousdt.com/public/../application/index/lang/zh-cn/index.php
[ info ] [ RUN ] app\index\controller\Index->index[ /www/wwwroot/haousdt.com/application/index/controller/Index.php ]
[ info ] [ LOG ] INIT File
---------------------------------------------------------------
[ 2021-02-10T11:13:33+08:00 ] 47.100.51.108 GET 47.242.84.220/
[运行时间：0.027933s] [吞吐率：35.80req/s] [内存消耗：2,898.89kb] [文件加载：127]
[ info ] [ BEHAVIOR ] Run Closure @app_init [ RunTime:0.000016s ]
[ info ] [ CACHE ] INIT File
[ info ] [ BEHAVIOR ] Run Closure @app_init [ RunTime:0.001486s ]
[ info ] [ LANG ] /www/wwwroot/haousdt.com/thinkphp/lang/zh-cn.php
[ info ] [ BEHAVIOR ] Run app\common\behavior\Common @app_dispatch [ RunTime:0.000202s ]
[ info ] [ ROUTE ] array (
  'type' => 'module',
  'module' => 
  array (
    0 => '',
    1 => NULL,
    2 => NULL,
  ),
)
[ info ] [ HEADER ] array (
  'accept-encoding' => 'gzip',
  'connection' => 'Keep-Alive',
  'host' => '47.242.84.220',
  'user-agent' => 'Mozilla/5.0 (X11; Ubuntu; Linux x86_64; rv:36.0) Gecko/20100101 Firefox/36.0',
  'content-length' => '',
  'content-type' => '',
)
[ info ] [ PARAM ] array (
)
[ info ] [ LANG ] /www/wwwroot/haousdt.com/public/../application/index/lang/zh-cn.php
[ info ] [ BEHAVIOR ] Run app\common\behavior\Common @module_init [ RunTime:0.001049s ]
[ info ] [ LANG ] /www/wwwroot/haousdt.com/public/../application/index/lang/zh-cn/index.php
[ info ] [ RUN ] app\index\controller\Index->index[ /www/wwwroot/haousdt.com/application/index/controller/Index.php ]
[ info ] [ LOG ] INIT File
---------------------------------------------------------------
[ 2021-02-10T11:13:33+08:00 ] 47.100.51.108 GET 47.242.84.220/index/index/sell.html
[运行时间：0.025920s] [吞吐率：38.58req/s] [内存消耗：2,937.95kb] [文件加载：126]
[ info ] [ BEHAVIOR ] Run Closure @app_init [ RunTime:0.000017s ]
[ info ] [ CACHE ] INIT File
[ info ] [ BEHAVIOR ] Run Closure @app_init [ RunTime:0.001337s ]
[ info ] [ LANG ] /www/wwwroot/haousdt.com/thinkphp/lang/zh-cn.php
[ info ] [ BEHAVIOR ] Run app\common\behavior\Common @app_dispatch [ RunTime:0.000223s ]
[ info ] [ ROUTE ] array (
  'type' => 'module',
  'module' => 
  array (
    0 => 'index',
    1 => 'index',
    2 => 'sell',
  ),
)
[ info ] [ HEADER ] array (
  'accept-encoding' => 'gzip',
  'connection' => 'Keep-Alive',
  'host' => '47.242.84.220',
  'user-agent' => 'Mozilla/5.0 (X11; Ubuntu; Linux x86_64; rv:36.0) Gecko/20100101 Firefox/36.0',
  'content-length' => '',
  'content-type' => '',
)
[ info ] [ PARAM ] array (
)
[ info ] [ LANG ] /www/wwwroot/haousdt.com/public/../application/index/lang/zh-cn.php
[ info ] [ BEHAVIOR ] Run app\common\behavior\Common @module_init [ RunTime:0.000911s ]
[ info ] [ LANG ] /www/wwwroot/haousdt.com/public/../application/index/lang/zh-cn/index.php
[ info ] [ RUN ] app\index\controller\Index->sell[ /www/wwwroot/haousdt.com/application/index/controller/Index.php ]
[ info ] [ VIEW ] /www/wwwroot/haousdt.com/public/../application/index/view/index/sell.html [ array (
  0 => 'user',
  1 => 'site',
  2 => 'config',
) ]
[ info ] [ LOG ] INIT File
---------------------------------------------------------------
[ 2021-02-10T11:36:37+08:00 ] 47.102.134.251 GET haousdt.com/
[运行时间：0.023476s] [吞吐率：42.60req/s] [内存消耗：2,898.89kb] [文件加载：127]
[ info ] [ BEHAVIOR ] Run Closure @app_init [ RunTime:0.000013s ]
[ info ] [ CACHE ] INIT File
[ info ] [ BEHAVIOR ] Run Closure @app_init [ RunTime:0.001232s ]
[ info ] [ LANG ] /www/wwwroot/haousdt.com/thinkphp/lang/zh-cn.php
[ info ] [ BEHAVIOR ] Run app\common\behavior\Common @app_dispatch [ RunTime:0.000169s ]
[ info ] [ ROUTE ] array (
  'type' => 'module',
  'module' => 
  array (
    0 => '',
    1 => NULL,
    2 => NULL,
  ),
)
[ info ] [ HEADER ] array (
  'accept-encoding' => 'gzip',
  'connection' => 'Keep-Alive',
  'host' => 'haousdt.com',
  'user-agent' => 'Mozilla/5.0 (X11; Ubuntu; Linux x86_64; rv:36.0) Gecko/20100101 Firefox/36.0',
  'content-length' => '',
  'content-type' => '',
)
[ info ] [ PARAM ] array (
)
[ info ] [ LANG ] /www/wwwroot/haousdt.com/public/../application/index/lang/zh-cn.php
[ info ] [ BEHAVIOR ] Run app\common\behavior\Common @module_init [ RunTime:0.000869s ]
[ info ] [ LANG ] /www/wwwroot/haousdt.com/public/../application/index/lang/zh-cn/index.php
[ info ] [ RUN ] app\index\controller\Index->index[ /www/wwwroot/haousdt.com/application/index/controller/Index.php ]
[ info ] [ LOG ] INIT File
---------------------------------------------------------------
[ 2021-02-10T11:36:37+08:00 ] 47.102.134.251 GET haousdt.com/index/index/sell.html
[运行时间：0.025965s] [吞吐率：38.51req/s] [内存消耗：2,937.95kb] [文件加载：126]
[ info ] [ BEHAVIOR ] Run Closure @app_init [ RunTime:0.000014s ]
[ info ] [ CACHE ] INIT File
[ info ] [ BEHAVIOR ] Run Closure @app_init [ RunTime:0.001336s ]
[ info ] [ LANG ] /www/wwwroot/haousdt.com/thinkphp/lang/zh-cn.php
[ info ] [ BEHAVIOR ] Run app\common\behavior\Common @app_dispatch [ RunTime:0.000197s ]
[ info ] [ ROUTE ] array (
  'type' => 'module',
  'module' => 
  array (
    0 => 'index',
    1 => 'index',
    2 => 'sell',
  ),
)
[ info ] [ HEADER ] array (
  'accept-encoding' => 'gzip',
  'connection' => 'Keep-Alive',
  'host' => 'haousdt.com',
  'user-agent' => 'Mozilla/5.0 (X11; Ubuntu; Linux x86_64; rv:36.0) Gecko/20100101 Firefox/36.0',
  'content-length' => '',
  'content-type' => '',
)
[ info ] [ PARAM ] array (
)
[ info ] [ LANG ] /www/wwwroot/haousdt.com/public/../application/index/lang/zh-cn.php
[ info ] [ BEHAVIOR ] Run app\common\behavior\Common @module_init [ RunTime:0.000928s ]
[ info ] [ LANG ] /www/wwwroot/haousdt.com/public/../application/index/lang/zh-cn/index.php
[ info ] [ RUN ] app\index\controller\Index->sell[ /www/wwwroot/haousdt.com/application/index/controller/Index.php ]
[ info ] [ VIEW ] /www/wwwroot/haousdt.com/public/../application/index/view/index/sell.html [ array (
  0 => 'user',
  1 => 'site',
  2 => 'config',
) ]
[ info ] [ LOG ] INIT File
---------------------------------------------------------------
[ 2021-02-10T11:56:05+08:00 ] 103.118.53.158 GET haousdt.com/
[运行时间：0.024547s] [吞吐率：40.74req/s] [内存消耗：2,863.84kb] [文件加载：125]
[ info ] [ BEHAVIOR ] Run Closure @app_init [ RunTime:0.000014s ]
[ info ] [ CACHE ] INIT File
[ info ] [ BEHAVIOR ] Run Closure @app_init [ RunTime:0.001315s ]
[ info ] [ BEHAVIOR ] Run app\common\behavior\Common @app_dispatch [ RunTime:0.000171s ]
[ info ] [ ROUTE ] array (
  'type' => 'module',
  'module' => 
  array (
    0 => '',
    1 => NULL,
    2 => NULL,
  ),
)
[ info ] [ HEADER ] array (
  'accept-language' => 'en,*',
  'accept-encoding' => 'gzip, deflate',
  'accept' => 'text/html,application/xhtml+xml,application/xml;q=0.9,*/*;q=0.8',
  'user-agent' => 'Mozilla/5.0 (Linux; Android 6.0; Nexus 5 Build/MRA58N) AppleWebKit/537.36 (KHTML, like Gecko) Chrome/83.0.4103.116 Mobile Safari/537.36',
  'host' => 'haousdt.com',
  'content-length' => '',
  'content-type' => '',
)
[ info ] [ PARAM ] array (
)
[ info ] [ BEHAVIOR ] Run app\common\behavior\Common @module_init [ RunTime:0.000904s ]
[ info ] [ LANG ] /www/wwwroot/haousdt.com/public/../application/index/lang/en/index.php
[ info ] [ RUN ] app\index\controller\Index->index[ /www/wwwroot/haousdt.com/application/index/controller/Index.php ]
[ info ] [ LOG ] INIT File
---------------------------------------------------------------
[ 2021-02-10T11:56:05+08:00 ] 103.118.53.158 GET haousdt.com/index/index/sell.html
[运行时间：0.023641s] [吞吐率：42.30req/s] [内存消耗：2,902.90kb] [文件加载：124]
[ info ] [ BEHAVIOR ] Run Closure @app_init [ RunTime:0.000015s ]
[ info ] [ CACHE ] INIT File
[ info ] [ BEHAVIOR ] Run Closure @app_init [ RunTime:0.001220s ]
[ info ] [ BEHAVIOR ] Run app\common\behavior\Common @app_dispatch [ RunTime:0.000169s ]
[ info ] [ ROUTE ] array (
  'type' => 'module',
  'module' => 
  array (
    0 => 'index',
    1 => 'index',
    2 => 'sell',
  ),
)
[ info ] [ HEADER ] array (
  'accept-language' => 'en,*',
  'accept-encoding' => 'gzip, deflate',
  'accept' => 'text/html,application/xhtml+xml,application/xml;q=0.9,*/*;q=0.8',
  'user-agent' => 'Mozilla/5.0 (Linux; Android 6.0; Nexus 5 Build/MRA58N) AppleWebKit/537.36 (KHTML, like Gecko) Chrome/83.0.4103.116 Mobile Safari/537.36',
  'host' => 'haousdt.com',
  'content-length' => '',
  'content-type' => '',
)
[ info ] [ PARAM ] array (
)
[ info ] [ BEHAVIOR ] Run app\common\behavior\Common @module_init [ RunTime:0.000864s ]
[ info ] [ LANG ] /www/wwwroot/haousdt.com/public/../application/index/lang/en/index.php
[ info ] [ RUN ] app\index\controller\Index->sell[ /www/wwwroot/haousdt.com/application/index/controller/Index.php ]
[ info ] [ VIEW ] /www/wwwroot/haousdt.com/public/../application/index/view/index/sell.html [ array (
  0 => 'user',
  1 => 'site',
  2 => 'config',
) ]
[ info ] [ LOG ] INIT File
---------------------------------------------------------------
[ 2021-02-10T11:56:08+08:00 ] 103.118.53.158 GET haousdt.com/index/index/sell.html
[运行时间：0.025337s] [吞吐率：39.47req/s] [内存消耗：2,938.63kb] [文件加载：126]
[ info ] [ BEHAVIOR ] Run Closure @app_init [ RunTime:0.000014s ]
[ info ] [ CACHE ] INIT File
[ info ] [ BEHAVIOR ] Run Closure @app_init [ RunTime:0.001278s ]
[ info ] [ LANG ] /www/wwwroot/haousdt.com/thinkphp/lang/zh-cn.php
[ info ] [ BEHAVIOR ] Run app\common\behavior\Common @app_dispatch [ RunTime:0.000172s ]
[ info ] [ ROUTE ] array (
  'type' => 'module',
  'module' => 
  array (
    0 => 'index',
    1 => 'index',
    2 => 'sell',
  ),
)
[ info ] [ HEADER ] array (
  'cookies' => '',
  'connection' => 'keep-alive',
  'accept' => '*/*',
  'accept-encoding' => 'gzip, deflate',
  'user-agent' => 'Mozilla/5.0 (Linux; Android 6.0; Nexus 5 Build/MRA58N) AppleWebKit/537.36 (KHTML, like Gecko) Chrome/83.0.4103.116 Mobile Safari/537.36',
  'host' => 'haousdt.com',
  'content-length' => '',
  'content-type' => '',
)
[ info ] [ PARAM ] array (
)
[ info ] [ LANG ] /www/wwwroot/haousdt.com/public/../application/index/lang/zh-cn.php
[ info ] [ BEHAVIOR ] Run app\common\behavior\Common @module_init [ RunTime:0.000978s ]
[ info ] [ LANG ] /www/wwwroot/haousdt.com/public/../application/index/lang/zh-cn/index.php
[ info ] [ RUN ] app\index\controller\Index->sell[ /www/wwwroot/haousdt.com/application/index/controller/Index.php ]
[ info ] [ VIEW ] /www/wwwroot/haousdt.com/public/../application/index/view/index/sell.html [ array (
  0 => 'user',
  1 => 'site',
  2 => 'config',
) ]
[ info ] [ LOG ] INIT File
---------------------------------------------------------------
[ 2021-02-10T15:48:44+08:00 ] 47.101.195.248 GET haousdt.com/
[运行时间：0.023916s] [吞吐率：41.81req/s] [内存消耗：2,898.89kb] [文件加载：127]
[ info ] [ BEHAVIOR ] Run Closure @app_init [ RunTime:0.000013s ]
[ info ] [ CACHE ] INIT File
[ info ] [ BEHAVIOR ] Run Closure @app_init [ RunTime:0.001266s ]
[ info ] [ LANG ] /www/wwwroot/haousdt.com/thinkphp/lang/zh-cn.php
[ info ] [ BEHAVIOR ] Run app\common\behavior\Common @app_dispatch [ RunTime:0.000168s ]
[ info ] [ ROUTE ] array (
  'type' => 'module',
  'module' => 
  array (
    0 => '',
    1 => NULL,
    2 => NULL,
  ),
)
[ info ] [ HEADER ] array (
  'accept-encoding' => 'gzip',
  'connection' => 'Keep-Alive',
  'host' => 'haousdt.com',
  'user-agent' => 'Mozilla/5.0 (X11; Ubuntu; Linux x86_64; rv:36.0) Gecko/20100101 Firefox/36.0',
  'content-length' => '',
  'content-type' => '',
)
[ info ] [ PARAM ] array (
)
[ info ] [ LANG ] /www/wwwroot/haousdt.com/public/../application/index/lang/zh-cn.php
[ info ] [ BEHAVIOR ] Run app\common\behavior\Common @module_init [ RunTime:0.000911s ]
[ info ] [ LANG ] /www/wwwroot/haousdt.com/public/../application/index/lang/zh-cn/index.php
[ info ] [ RUN ] app\index\controller\Index->index[ /www/wwwroot/haousdt.com/application/index/controller/Index.php ]
[ info ] [ LOG ] INIT File
---------------------------------------------------------------
[ 2021-02-10T15:48:44+08:00 ] 47.101.195.248 GET haousdt.com/index/index/sell.html
[运行时间：0.024576s] [吞吐率：40.69req/s] [内存消耗：2,937.95kb] [文件加载：126]
[ info ] [ BEHAVIOR ] Run Closure @app_init [ RunTime:0.000014s ]
[ info ] [ CACHE ] INIT File
[ info ] [ BEHAVIOR ] Run Closure @app_init [ RunTime:0.001257s ]
[ info ] [ LANG ] /www/wwwroot/haousdt.com/thinkphp/lang/zh-cn.php
[ info ] [ BEHAVIOR ] Run app\common\behavior\Common @app_dispatch [ RunTime:0.000195s ]
[ info ] [ ROUTE ] array (
  'type' => 'module',
  'module' => 
  array (
    0 => 'index',
    1 => 'index',
    2 => 'sell',
  ),
)
[ info ] [ HEADER ] array (
  'accept-encoding' => 'gzip',
  'connection' => 'Keep-Alive',
  'host' => 'haousdt.com',
  'user-agent' => 'Mozilla/5.0 (X11; Ubuntu; Linux x86_64; rv:36.0) Gecko/20100101 Firefox/36.0',
  'content-length' => '',
  'content-type' => '',
)
[ info ] [ PARAM ] array (
)
[ info ] [ LANG ] /www/wwwroot/haousdt.com/public/../application/index/lang/zh-cn.php
[ info ] [ BEHAVIOR ] Run app\common\behavior\Common @module_init [ RunTime:0.000868s ]
[ info ] [ LANG ] /www/wwwroot/haousdt.com/public/../application/index/lang/zh-cn/index.php
[ info ] [ RUN ] app\index\controller\Index->sell[ /www/wwwroot/haousdt.com/application/index/controller/Index.php ]
[ info ] [ VIEW ] /www/wwwroot/haousdt.com/public/../application/index/view/index/sell.html [ array (
  0 => 'user',
  1 => 'site',
  2 => 'config',
) ]
[ info ] [ LOG ] INIT File
---------------------------------------------------------------
[ 2021-02-10T19:48:12+08:00 ] 185.56.81.52 GET localhost/
[运行时间：0.024651s] [吞吐率：40.57req/s] [内存消耗：2,898.18kb] [文件加载：127]
[ info ] [ BEHAVIOR ] Run Closure @app_init [ RunTime:0.000015s ]
[ info ] [ CACHE ] INIT File
[ info ] [ BEHAVIOR ] Run Closure @app_init [ RunTime:0.001311s ]
[ info ] [ LANG ] /www/wwwroot/haousdt.com/thinkphp/lang/zh-cn.php
[ info ] [ BEHAVIOR ] Run app\common\behavior\Common @app_dispatch [ RunTime:0.000186s ]
[ info ] [ ROUTE ] array (
  'type' => 'module',
  'module' => 
  array (
    0 => '',
    1 => NULL,
    2 => NULL,
  ),
)
[ info ] [ HEADER ] array (
  'accept' => '*/*',
  'host' => 'localhost',
  'user-agent' => 'curl/7.29.0',
  'content-length' => '',
  'content-type' => '',
)
[ info ] [ PARAM ] array (
)
[ info ] [ LANG ] /www/wwwroot/haousdt.com/public/../application/index/lang/zh-cn.php
[ info ] [ BEHAVIOR ] Run app\common\behavior\Common @module_init [ RunTime:0.000916s ]
[ info ] [ LANG ] /www/wwwroot/haousdt.com/public/../application/index/lang/zh-cn/index.php
[ info ] [ RUN ] app\index\controller\Index->index[ /www/wwwroot/haousdt.com/application/index/controller/Index.php ]
[ info ] [ LOG ] INIT File
---------------------------------------------------------------
[ 2021-02-10T20:32:28+08:00 ] 23.227.203.42 GET 47.242.84.220/.env
[运行时间：0.021195s] [吞吐率：47.18req/s] [内存消耗：2,069.62kb] [文件加载：113]
[ info ] [ BEHAVIOR ] Run Closure @app_init [ RunTime:0.000017s ]
[ info ] [ CACHE ] INIT File
[ info ] [ BEHAVIOR ] Run Closure @app_init [ RunTime:0.001479s ]
[ info ] [ LANG ] /www/wwwroot/haousdt.com/thinkphp/lang/zh-cn.php
[ info ] [ BEHAVIOR ] Run app\common\behavior\Common @app_dispatch [ RunTime:0.000208s ]
[ info ] [ ROUTE ] array (
  'type' => 'module',
  'module' => 
  array (
    0 => '.env',
    1 => NULL,
    2 => NULL,
  ),
)
[ info ] [ HEADER ] array (
  'connection' => 'keep-alive',
  'accept' => '*/*',
  'accept-encoding' => 'gzip, deflate',
  'user-agent' => 'Mozilla/5.0 (X11; Linux x86_64) AppleWebKit/537.36 (KHTML, like Gecko) Chrome/81.0.4044.129 Safari/537.36',
  'host' => '47.242.84.220',
  'content-length' => '',
  'content-type' => '',
)
[ info ] [ PARAM ] array (
)
[ info ] [ LOG ] INIT File
---------------------------------------------------------------
[ 2021-02-10T20:32:29+08:00 ] 23.227.203.42 POST 47.242.84.220/
[运行时间：0.027545s] [吞吐率：36.30req/s] [内存消耗：2,899.95kb] [文件加载：127]
[ info ] [ BEHAVIOR ] Run Closure @app_init [ RunTime:0.000014s ]
[ info ] [ CACHE ] INIT File
[ info ] [ BEHAVIOR ] Run Closure @app_init [ RunTime:0.001423s ]
[ info ] [ LANG ] /www/wwwroot/haousdt.com/thinkphp/lang/zh-cn.php
[ info ] [ BEHAVIOR ] Run app\common\behavior\Common @app_dispatch [ RunTime:0.000213s ]
[ info ] [ ROUTE ] array (
  'type' => 'module',
  'module' => 
  array (
    0 => '',
    1 => NULL,
    2 => NULL,
  ),
)
[ info ] [ HEADER ] array (
  'content-type' => 'application/x-www-form-urlencoded',
  'content-length' => '20',
  'connection' => 'keep-alive',
  'accept' => '*/*',
  'accept-encoding' => 'gzip, deflate',
  'user-agent' => 'Mozilla/5.0 (X11; Linux x86_64) AppleWebKit/537.36 (KHTML, like Gecko) Chrome/81.0.4044.129 Safari/537.36',
  'host' => '47.242.84.220',
)
[ info ] [ PARAM ] array (
  '0x' => 
  array (
    0 => 'androxgh0st',
  ),
)
[ info ] [ LANG ] /www/wwwroot/haousdt.com/public/../application/index/lang/zh-cn.php
[ info ] [ BEHAVIOR ] Run app\common\behavior\Common @module_init [ RunTime:0.001053s ]
[ info ] [ LANG ] /www/wwwroot/haousdt.com/public/../application/index/lang/zh-cn/index.php
[ info ] [ RUN ] app\index\controller\Index->index[ /www/wwwroot/haousdt.com/application/index/controller/Index.php ]
[ info ] [ LOG ] INIT File
---------------------------------------------------------------
[ 2021-02-10T20:40:02+08:00 ] 95.123.41.94 GET 47.242.84.220/
[运行时间：0.023782s] [吞吐率：42.05req/s] [内存消耗：2,898.48kb] [文件加载：127]
[ info ] [ BEHAVIOR ] Run Closure @app_init [ RunTime:0.000013s ]
[ info ] [ CACHE ] INIT File
[ info ] [ BEHAVIOR ] Run Closure @app_init [ RunTime:0.001227s ]
[ info ] [ LANG ] /www/wwwroot/haousdt.com/thinkphp/lang/zh-cn.php
[ info ] [ BEHAVIOR ] Run app\common\behavior\Common @app_dispatch [ RunTime:0.000171s ]
[ info ] [ ROUTE ] array (
  'type' => 'module',
  'module' => 
  array (
    0 => '',
    1 => NULL,
    2 => NULL,
  ),
)
[ info ] [ HEADER ] array (
  'accept-encoding' => 'gzip',
  'accept' => '*/*',
  'user-agent' => 'Mozilla/5.0 zgrab/0.x',
  'host' => '47.242.84.220',
  'content-length' => '',
  'content-type' => '',
)
[ info ] [ PARAM ] array (
)
[ info ] [ LANG ] /www/wwwroot/haousdt.com/public/../application/index/lang/zh-cn.php
[ info ] [ BEHAVIOR ] Run app\common\behavior\Common @module_init [ RunTime:0.000896s ]
[ info ] [ LANG ] /www/wwwroot/haousdt.com/public/../application/index/lang/zh-cn/index.php
[ info ] [ RUN ] app\index\controller\Index->index[ /www/wwwroot/haousdt.com/application/index/controller/Index.php ]
[ info ] [ LOG ] INIT File
---------------------------------------------------------------
[ 2021-02-10T21:06:40+08:00 ] 192.241.219.107 GET 47.242.84.220/actuator/health
[运行时间：0.018539s] [吞吐率：53.94req/s] [内存消耗：2,068.80kb] [文件加载：113]
[ info ] [ BEHAVIOR ] Run Closure @app_init [ RunTime:0.000013s ]
[ info ] [ CACHE ] INIT File
[ info ] [ BEHAVIOR ] Run Closure @app_init [ RunTime:0.001263s ]
[ info ] [ LANG ] /www/wwwroot/haousdt.com/thinkphp/lang/zh-cn.php
[ info ] [ BEHAVIOR ] Run app\common\behavior\Common @app_dispatch [ RunTime:0.000195s ]
[ info ] [ ROUTE ] array (
  'type' => 'module',
  'module' => 
  array (
    0 => 'actuator',
    1 => 'health',
    2 => NULL,
  ),
)
[ info ] [ HEADER ] array (
  'accept-encoding' => 'gzip',
  'accept' => '*/*',
  'user-agent' => 'Mozilla/5.0 zgrab/0.x',
  'host' => '47.242.84.220',
  'content-length' => '',
  'content-type' => '',
)
[ info ] [ PARAM ] array (
)
[ info ] [ LOG ] INIT File
---------------------------------------------------------------
[ 2021-02-10T22:32:46+08:00 ] 47.102.123.233 GET haousdt.com/
[运行时间：0.024298s] [吞吐率：41.16req/s] [内存消耗：2,898.89kb] [文件加载：127]
[ info ] [ BEHAVIOR ] Run Closure @app_init [ RunTime:0.000023s ]
[ info ] [ CACHE ] INIT File
[ info ] [ BEHAVIOR ] Run Closure @app_init [ RunTime:0.001327s ]
[ info ] [ LANG ] /www/wwwroot/haousdt.com/thinkphp/lang/zh-cn.php
[ info ] [ BEHAVIOR ] Run app\common\behavior\Common @app_dispatch [ RunTime:0.000185s ]
[ info ] [ ROUTE ] array (
  'type' => 'module',
  'module' => 
  array (
    0 => '',
    1 => NULL,
    2 => NULL,
  ),
)
[ info ] [ HEADER ] array (
  'accept-encoding' => 'gzip',
  'connection' => 'Keep-Alive',
  'host' => 'haousdt.com',
  'user-agent' => 'Mozilla/5.0 (X11; Ubuntu; Linux x86_64; rv:36.0) Gecko/20100101 Firefox/36.0',
  'content-length' => '',
  'content-type' => '',
)
[ info ] [ PARAM ] array (
)
[ info ] [ LANG ] /www/wwwroot/haousdt.com/public/../application/index/lang/zh-cn.php
[ info ] [ BEHAVIOR ] Run app\common\behavior\Common @module_init [ RunTime:0.000868s ]
[ info ] [ LANG ] /www/wwwroot/haousdt.com/public/../application/index/lang/zh-cn/index.php
[ info ] [ RUN ] app\index\controller\Index->index[ /www/wwwroot/haousdt.com/application/index/controller/Index.php ]
[ info ] [ LOG ] INIT File
---------------------------------------------------------------
[ 2021-02-10T22:32:46+08:00 ] 47.102.123.233 GET haousdt.com/index/index/sell.html
[运行时间：0.025043s] [吞吐率：39.93req/s] [内存消耗：2,937.95kb] [文件加载：126]
[ info ] [ BEHAVIOR ] Run Closure @app_init [ RunTime:0.000013s ]
[ info ] [ CACHE ] INIT File
[ info ] [ BEHAVIOR ] Run Closure @app_init [ RunTime:0.001378s ]
[ info ] [ LANG ] /www/wwwroot/haousdt.com/thinkphp/lang/zh-cn.php
[ info ] [ BEHAVIOR ] Run app\common\behavior\Common @app_dispatch [ RunTime:0.000210s ]
[ info ] [ ROUTE ] array (
  'type' => 'module',
  'module' => 
  array (
    0 => 'index',
    1 => 'index',
    2 => 'sell',
  ),
)
[ info ] [ HEADER ] array (
  'accept-encoding' => 'gzip',
  'connection' => 'Keep-Alive',
  'host' => 'haousdt.com',
  'user-agent' => 'Mozilla/5.0 (X11; Ubuntu; Linux x86_64; rv:36.0) Gecko/20100101 Firefox/36.0',
  'content-length' => '',
  'content-type' => '',
)
[ info ] [ PARAM ] array (
)
[ info ] [ LANG ] /www/wwwroot/haousdt.com/public/../application/index/lang/zh-cn.php
[ info ] [ BEHAVIOR ] Run app\common\behavior\Common @module_init [ RunTime:0.000953s ]
[ info ] [ LANG ] /www/wwwroot/haousdt.com/public/../application/index/lang/zh-cn/index.php
[ info ] [ RUN ] app\index\controller\Index->sell[ /www/wwwroot/haousdt.com/application/index/controller/Index.php ]
[ info ] [ VIEW ] /www/wwwroot/haousdt.com/public/../application/index/view/index/sell.html [ array (
  0 => 'user',
  1 => 'site',
  2 => 'config',
) ]
[ info ] [ LOG ] INIT File
---------------------------------------------------------------
[ 2021-02-10T22:39:00+08:00 ] 47.101.187.231 GET www.haousdt.com/
[运行时间：0.027454s] [吞吐率：36.42req/s] [内存消耗：2,898.89kb] [文件加载：127]
[ info ] [ BEHAVIOR ] Run Closure @app_init [ RunTime:0.000015s ]
[ info ] [ CACHE ] INIT File
[ info ] [ BEHAVIOR ] Run Closure @app_init [ RunTime:0.001444s ]
[ info ] [ LANG ] /www/wwwroot/haousdt.com/thinkphp/lang/zh-cn.php
[ info ] [ BEHAVIOR ] Run app\common\behavior\Common @app_dispatch [ RunTime:0.000247s ]
[ info ] [ ROUTE ] array (
  'type' => 'module',
  'module' => 
  array (
    0 => '',
    1 => NULL,
    2 => NULL,
  ),
)
[ info ] [ HEADER ] array (
  'accept-encoding' => 'gzip',
  'connection' => 'Keep-Alive',
  'host' => 'www.haousdt.com',
  'user-agent' => 'Mozilla/5.0 (X11; Ubuntu; Linux x86_64; rv:36.0) Gecko/20100101 Firefox/36.0',
  'content-length' => '',
  'content-type' => '',
)
[ info ] [ PARAM ] array (
)
[ info ] [ LANG ] /www/wwwroot/haousdt.com/public/../application/index/lang/zh-cn.php
[ info ] [ BEHAVIOR ] Run app\common\behavior\Common @module_init [ RunTime:0.001015s ]
[ info ] [ LANG ] /www/wwwroot/haousdt.com/public/../application/index/lang/zh-cn/index.php
[ info ] [ RUN ] app\index\controller\Index->index[ /www/wwwroot/haousdt.com/application/index/controller/Index.php ]
[ info ] [ LOG ] INIT File
---------------------------------------------------------------
[ 2021-02-10T22:39:01+08:00 ] 47.101.187.231 GET www.haousdt.com/index/index/sell.html
[运行时间：0.026723s] [吞吐率：37.42req/s] [内存消耗：2,937.95kb] [文件加载：126]
[ info ] [ BEHAVIOR ] Run Closure @app_init [ RunTime:0.000014s ]
[ info ] [ CACHE ] INIT File
[ info ] [ BEHAVIOR ] Run Closure @app_init [ RunTime:0.001388s ]
[ info ] [ LANG ] /www/wwwroot/haousdt.com/thinkphp/lang/zh-cn.php
[ info ] [ BEHAVIOR ] Run app\common\behavior\Common @app_dispatch [ RunTime:0.000193s ]
[ info ] [ ROUTE ] array (
  'type' => 'module',
  'module' => 
  array (
    0 => 'index',
    1 => 'index',
    2 => 'sell',
  ),
)
[ info ] [ HEADER ] array (
  'accept-encoding' => 'gzip',
  'connection' => 'Keep-Alive',
  'host' => 'www.haousdt.com',
  'user-agent' => 'Mozilla/5.0 (X11; Ubuntu; Linux x86_64; rv:36.0) Gecko/20100101 Firefox/36.0',
  'content-length' => '',
  'content-type' => '',
)
[ info ] [ PARAM ] array (
)
[ info ] [ LANG ] /www/wwwroot/haousdt.com/public/../application/index/lang/zh-cn.php
[ info ] [ BEHAVIOR ] Run app\common\behavior\Common @module_init [ RunTime:0.000980s ]
[ info ] [ LANG ] /www/wwwroot/haousdt.com/public/../application/index/lang/zh-cn/index.php
[ info ] [ RUN ] app\index\controller\Index->sell[ /www/wwwroot/haousdt.com/application/index/controller/Index.php ]
[ info ] [ VIEW ] /www/wwwroot/haousdt.com/public/../application/index/view/index/sell.html [ array (
  0 => 'user',
  1 => 'site',
  2 => 'config',
) ]
[ info ] [ LOG ] INIT File
---------------------------------------------------------------
[ 2021-02-10T22:53:34+08:00 ] 91.236.177.162 GET 47.242.84.220/
[运行时间：0.024644s] [吞吐率：40.58req/s] [内存消耗：2,898.18kb] [文件加载：127]
[ info ] [ BEHAVIOR ] Run Closure @app_init [ RunTime:0.000015s ]
[ info ] [ CACHE ] INIT File
[ info ] [ BEHAVIOR ] Run Closure @app_init [ RunTime:0.001305s ]
[ info ] [ LANG ] /www/wwwroot/haousdt.com/thinkphp/lang/zh-cn.php
[ info ] [ BEHAVIOR ] Run app\common\behavior\Common @app_dispatch [ RunTime:0.000180s ]
[ info ] [ ROUTE ] array (
  'type' => 'module',
  'module' => 
  array (
    0 => '',
    1 => NULL,
    2 => NULL,
  ),
)
[ info ] [ HEADER ] array (
  'host' => '47.242.84.220',
  'accept' => '*/*',
  'user-agent' => 'curl/7.58.0',
  'content-length' => '',
  'content-type' => '',
)
[ info ] [ PARAM ] array (
)
[ info ] [ LANG ] /www/wwwroot/haousdt.com/public/../application/index/lang/zh-cn.php
[ info ] [ BEHAVIOR ] Run app\common\behavior\Common @module_init [ RunTime:0.000916s ]
[ info ] [ LANG ] /www/wwwroot/haousdt.com/public/../application/index/lang/zh-cn/index.php
[ info ] [ RUN ] app\index\controller\Index->index[ /www/wwwroot/haousdt.com/application/index/controller/Index.php ]
[ info ] [ LOG ] INIT File
