---------------------------------------------------------------
[ 2021-05-08T00:19:32+08:00 ] 51.140.67.63 GET 47.242.84.220/
[运行时间：0.030114s] [吞吐率：33.21req/s] [内存消耗：2,904.88kb] [文件加载：127]
[ info ] [ BEHAVIOR ] Run Closure @app_init [ RunTime:0.000019s ]
[ info ] [ CACHE ] INIT File
[ info ] [ BEHAVIOR ] Run Closure @app_init [ RunTime:0.001642s ]
[ info ] [ LANG ] /www/wwwroot/haousdt.com/thinkphp/lang/zh-cn.php
[ info ] [ BEHAVIOR ] Run app\common\behavior\Common @app_dispatch [ RunTime:0.000224s ]
[ info ] [ ROUTE ] array (
  'type' => 'module',
  'module' => 
  array (
    0 => '',
    1 => NULL,
    2 => NULL,
  ),
)
[ info ] [ HEADER ] array (
  'connection' => 'Keep-Alive',
  'host' => '47.242.84.220',
  'content-length' => '',
  'content-type' => '',
)
[ info ] [ PARAM ] array (
)
[ info ] [ LANG ] /www/wwwroot/haousdt.com/public/../application/index/lang/zh-cn.php
[ info ] [ BEHAVIOR ] Run app\common\behavior\Common @module_init [ RunTime:0.001230s ]
[ info ] [ LANG ] /www/wwwroot/haousdt.com/public/../application/index/lang/zh-cn/index.php
[ info ] [ RUN ] app\index\controller\Index->index[ /www/wwwroot/haousdt.com/application/index/controller/Index.php ]
[ info ] [ LOG ] INIT File
---------------------------------------------------------------
[ 2021-05-08T00:19:32+08:00 ] 51.140.67.63 GET 47.242.84.220/index/index/sell.html
[运行时间：0.024292s] [吞吐率：41.17req/s] [内存消耗：2,950.98kb] [文件加载：126]
[ info ] [ BEHAVIOR ] Run Closure @app_init [ RunTime:0.000014s ]
[ info ] [ CACHE ] INIT File
[ info ] [ BEHAVIOR ] Run Closure @app_init [ RunTime:0.001240s ]
[ info ] [ LANG ] /www/wwwroot/haousdt.com/thinkphp/lang/zh-cn.php
[ info ] [ BEHAVIOR ] Run app\common\behavior\Common @app_dispatch [ RunTime:0.000181s ]
[ info ] [ ROUTE ] array (
  'type' => 'module',
  'module' => 
  array (
    0 => 'index',
    1 => 'index',
    2 => 'sell',
  ),
)
[ info ] [ HEADER ] array (
  'host' => '47.242.84.220',
  'content-length' => '',
  'content-type' => '',
)
[ info ] [ PARAM ] array (
)
[ info ] [ LANG ] /www/wwwroot/haousdt.com/public/../application/index/lang/zh-cn.php
[ info ] [ BEHAVIOR ] Run app\common\behavior\Common @module_init [ RunTime:0.000928s ]
[ info ] [ LANG ] /www/wwwroot/haousdt.com/public/../application/index/lang/zh-cn/index.php
[ info ] [ RUN ] app\index\controller\Index->sell[ /www/wwwroot/haousdt.com/application/index/controller/Index.php ]
[ info ] [ VIEW ] /www/wwwroot/haousdt.com/public/../application/index/view/index/sell.html [ array (
  0 => 'user',
  1 => 'site',
  2 => 'config',
) ]
[ info ] [ LOG ] INIT File
---------------------------------------------------------------
[ 2021-05-08T00:54:42+08:00 ] 128.1.248.26 GET 47.242.84.220/
[运行时间：0.023606s] [吞吐率：42.36req/s] [内存消耗：2,905.84kb] [文件加载：127]
[ info ] [ BEHAVIOR ] Run Closure @app_init [ RunTime:0.000014s ]
[ info ] [ CACHE ] INIT File
[ info ] [ BEHAVIOR ] Run Closure @app_init [ RunTime:0.001228s ]
[ info ] [ LANG ] /www/wwwroot/haousdt.com/thinkphp/lang/zh-cn.php
[ info ] [ BEHAVIOR ] Run app\common\behavior\Common @app_dispatch [ RunTime:0.000167s ]
[ info ] [ ROUTE ] array (
  'type' => 'module',
  'module' => 
  array (
    0 => '',
    1 => NULL,
    2 => NULL,
  ),
)
[ info ] [ HEADER ] array (
  'accept-encoding' => 'gzip',
  'accept' => '*/*',
  'user-agent' => 'Mozilla/5.0 (Windows NT 10.0; Win64; x64) AppleWebKit/537.36 (KHTML, like Gecko) Chrome/60.0.3112.113 Safari/537.36',
  'host' => '47.242.84.220',
  'content-length' => '',
  'content-type' => '',
)
[ info ] [ PARAM ] array (
)
[ info ] [ LANG ] /www/wwwroot/haousdt.com/public/../application/index/lang/zh-cn.php
[ info ] [ BEHAVIOR ] Run app\common\behavior\Common @module_init [ RunTime:0.000882s ]
[ info ] [ LANG ] /www/wwwroot/haousdt.com/public/../application/index/lang/zh-cn/index.php
[ info ] [ RUN ] app\index\controller\Index->index[ /www/wwwroot/haousdt.com/application/index/controller/Index.php ]
[ info ] [ LOG ] INIT File
---------------------------------------------------------------
[ 2021-05-08T00:54:42+08:00 ] 128.1.248.26 GET 47.242.84.220/index/index/sell.html
[运行时间：0.023892s] [吞吐率：41.86req/s] [内存消耗：2,952.69kb] [文件加载：126]
[ info ] [ BEHAVIOR ] Run Closure @app_init [ RunTime:0.000013s ]
[ info ] [ CACHE ] INIT File
[ info ] [ BEHAVIOR ] Run Closure @app_init [ RunTime:0.001274s ]
[ info ] [ LANG ] /www/wwwroot/haousdt.com/thinkphp/lang/zh-cn.php
[ info ] [ BEHAVIOR ] Run app\common\behavior\Common @app_dispatch [ RunTime:0.000177s ]
[ info ] [ ROUTE ] array (
  'type' => 'module',
  'module' => 
  array (
    0 => 'index',
    1 => 'index',
    2 => 'sell',
  ),
)
[ info ] [ HEADER ] array (
  'accept-encoding' => 'gzip',
  'referer' => 'https://47.242.84.220/',
  'accept' => '*/*',
  'user-agent' => 'Mozilla/5.0 (Windows NT 10.0; Win64; x64) AppleWebKit/537.36 (KHTML, like Gecko) Chrome/60.0.3112.113 Safari/537.36',
  'host' => '47.242.84.220',
  'content-length' => '',
  'content-type' => '',
)
[ info ] [ PARAM ] array (
)
[ info ] [ LANG ] /www/wwwroot/haousdt.com/public/../application/index/lang/zh-cn.php
[ info ] [ BEHAVIOR ] Run app\common\behavior\Common @module_init [ RunTime:0.000869s ]
[ info ] [ LANG ] /www/wwwroot/haousdt.com/public/../application/index/lang/zh-cn/index.php
[ info ] [ RUN ] app\index\controller\Index->sell[ /www/wwwroot/haousdt.com/application/index/controller/Index.php ]
[ info ] [ VIEW ] /www/wwwroot/haousdt.com/public/../application/index/view/index/sell.html [ array (
  0 => 'user',
  1 => 'site',
  2 => 'config',
) ]
[ info ] [ LOG ] INIT File
---------------------------------------------------------------
[ 2021-05-08T04:26:53+08:00 ] 194.169.241.170 GET 47.242.84.220/
[运行时间：0.023839s] [吞吐率：41.95req/s] [内存消耗：2,905.30kb] [文件加载：127]
[ info ] [ BEHAVIOR ] Run Closure @app_init [ RunTime:0.000013s ]
[ info ] [ CACHE ] INIT File
[ info ] [ BEHAVIOR ] Run Closure @app_init [ RunTime:0.001261s ]
[ info ] [ LANG ] /www/wwwroot/haousdt.com/thinkphp/lang/zh-cn.php
[ info ] [ BEHAVIOR ] Run app\common\behavior\Common @app_dispatch [ RunTime:0.000167s ]
[ info ] [ ROUTE ] array (
  'type' => 'module',
  'module' => 
  array (
    0 => '',
    1 => NULL,
    2 => NULL,
  ),
)
[ info ] [ HEADER ] array (
  'accept-encoding' => 'gzip',
  'accept' => '*/*',
  'user-agent' => 'Mozilla/5.0 zgrab/0.x',
  'host' => '47.242.84.220',
  'content-length' => '',
  'content-type' => '',
)
[ info ] [ PARAM ] array (
)
[ info ] [ LANG ] /www/wwwroot/haousdt.com/public/../application/index/lang/zh-cn.php
[ info ] [ BEHAVIOR ] Run app\common\behavior\Common @module_init [ RunTime:0.000882s ]
[ info ] [ LANG ] /www/wwwroot/haousdt.com/public/../application/index/lang/zh-cn/index.php
[ info ] [ RUN ] app\index\controller\Index->index[ /www/wwwroot/haousdt.com/application/index/controller/Index.php ]
[ info ] [ LOG ] INIT File
---------------------------------------------------------------
[ 2021-05-08T04:26:53+08:00 ] 194.169.241.170 GET 47.242.84.220:443/index/index/sell.html
[运行时间：0.025618s] [吞吐率：39.03req/s] [内存消耗：2,952.28kb] [文件加载：126]
[ info ] [ BEHAVIOR ] Run Closure @app_init [ RunTime:0.000015s ]
[ info ] [ CACHE ] INIT File
[ info ] [ BEHAVIOR ] Run Closure @app_init [ RunTime:0.001321s ]
[ info ] [ LANG ] /www/wwwroot/haousdt.com/thinkphp/lang/zh-cn.php
[ info ] [ BEHAVIOR ] Run app\common\behavior\Common @app_dispatch [ RunTime:0.000212s ]
[ info ] [ ROUTE ] array (
  'type' => 'module',
  'module' => 
  array (
    0 => 'index',
    1 => 'index',
    2 => 'sell',
  ),
)
[ info ] [ HEADER ] array (
  'accept-encoding' => 'gzip',
  'referer' => 'https://47.242.84.220:443/',
  'accept' => '*/*',
  'user-agent' => 'Mozilla/5.0 zgrab/0.x',
  'host' => '47.242.84.220:443',
  'content-length' => '',
  'content-type' => '',
)
[ info ] [ PARAM ] array (
)
[ info ] [ LANG ] /www/wwwroot/haousdt.com/public/../application/index/lang/zh-cn.php
[ info ] [ BEHAVIOR ] Run app\common\behavior\Common @module_init [ RunTime:0.000918s ]
[ info ] [ LANG ] /www/wwwroot/haousdt.com/public/../application/index/lang/zh-cn/index.php
[ info ] [ RUN ] app\index\controller\Index->sell[ /www/wwwroot/haousdt.com/application/index/controller/Index.php ]
[ info ] [ VIEW ] /www/wwwroot/haousdt.com/public/../application/index/view/index/sell.html [ array (
  0 => 'user',
  1 => 'site',
  2 => 'config',
) ]
[ info ] [ LOG ] INIT File
---------------------------------------------------------------
[ 2021-05-08T04:35:56+08:00 ] 192.227.253.152 GET haousdt.com/
[运行时间：0.025196s] [吞吐率：39.69req/s] [内存消耗：2,871.36kb] [文件加载：124]
[ info ] [ BEHAVIOR ] Run Closure @app_init [ RunTime:0.000015s ]
[ info ] [ CACHE ] INIT File
[ info ] [ BEHAVIOR ] Run Closure @app_init [ RunTime:0.001242s ]
[ info ] [ BEHAVIOR ] Run app\common\behavior\Common @app_dispatch [ RunTime:0.000194s ]
[ info ] [ ROUTE ] array (
  'type' => 'module',
  'module' => 
  array (
    0 => '',
    1 => NULL,
    2 => NULL,
  ),
)
[ info ] [ HEADER ] array (
  'origin' => 'http://haousdt.com',
  'referer' => 'http://haousdt.com',
  'dnt' => '1',
  'connection' => 'close',
  'accept-encoding' => 'gzip, deflate',
  'accept-language' => 'en-US,en;q=0.5',
  'accept' => 'text/html,application/xhtml+xml,application/xml;q=0.9,*/*;q=0.8',
  'host' => 'haousdt.com',
  'user-agent' => 'Mozilla/5.0 (Windows NT 10.0; Win64; x64; Trident/7.0; MANMJS; rv:11.0) like Gecko',
  'content-length' => '',
  'content-type' => '',
)
[ info ] [ PARAM ] array (
)
[ info ] [ BEHAVIOR ] Run app\common\behavior\Common @module_init [ RunTime:0.000900s ]
[ info ] [ RUN ] app\index\controller\Index->index[ /www/wwwroot/haousdt.com/application/index/controller/Index.php ]
[ info ] [ LOG ] INIT File
---------------------------------------------------------------
[ 2021-05-08T04:36:01+08:00 ] 192.227.253.152 GET haousdt.com/index/index/sell.html
[运行时间：0.025284s] [吞吐率：39.55req/s] [内存消耗：2,917.97kb] [文件加载：123]
[ info ] [ BEHAVIOR ] Run Closure @app_init [ RunTime:0.000014s ]
[ info ] [ CACHE ] INIT File
[ info ] [ BEHAVIOR ] Run Closure @app_init [ RunTime:0.001388s ]
[ info ] [ BEHAVIOR ] Run app\common\behavior\Common @app_dispatch [ RunTime:0.000193s ]
[ info ] [ ROUTE ] array (
  'type' => 'module',
  'module' => 
  array (
    0 => 'index',
    1 => 'index',
    2 => 'sell',
  ),
)
[ info ] [ HEADER ] array (
  'origin' => 'https://haousdt.com',
  'referer' => 'https://haousdt.com/',
  'dnt' => '1',
  'connection' => 'close',
  'accept-encoding' => 'gzip, deflate',
  'accept-language' => 'en-US,en;q=0.5',
  'accept' => 'text/html,application/xhtml+xml,application/xml;q=0.9,*/*;q=0.8',
  'host' => 'haousdt.com',
  'user-agent' => 'Mozilla/5.0 (Windows NT 10.0; Win64; x64; Trident/7.0; MANMJS; rv:11.0) like Gecko',
  'content-length' => '',
  'content-type' => '',
)
[ info ] [ PARAM ] array (
)
[ info ] [ BEHAVIOR ] Run app\common\behavior\Common @module_init [ RunTime:0.000888s ]
[ info ] [ RUN ] app\index\controller\Index->sell[ /www/wwwroot/haousdt.com/application/index/controller/Index.php ]
[ info ] [ VIEW ] /www/wwwroot/haousdt.com/public/../application/index/view/index/sell.html [ array (
  0 => 'user',
  1 => 'site',
  2 => 'config',
) ]
[ info ] [ LOG ] INIT File
---------------------------------------------------------------
[ 2021-05-08T04:36:06+08:00 ] 192.210.177.175 GET haousdt.com/index/index/buy.html
[运行时间：0.024813s] [吞吐率：40.30req/s] [内存消耗：2,917.82kb] [文件加载：123]
[ info ] [ BEHAVIOR ] Run Closure @app_init [ RunTime:0.000015s ]
[ info ] [ CACHE ] INIT File
[ info ] [ BEHAVIOR ] Run Closure @app_init [ RunTime:0.001361s ]
[ info ] [ BEHAVIOR ] Run app\common\behavior\Common @app_dispatch [ RunTime:0.000209s ]
[ info ] [ ROUTE ] array (
  'type' => 'module',
  'module' => 
  array (
    0 => 'index',
    1 => 'index',
    2 => 'buy',
  ),
)
[ info ] [ HEADER ] array (
  'origin' => 'https://haousdt.com',
  'referer' => 'https://haousdt.com/index/index/sell.html',
  'dnt' => '1',
  'connection' => 'close',
  'accept-encoding' => 'gzip, deflate',
  'accept-language' => 'en-US,en;q=0.5',
  'accept' => 'text/html,application/xhtml+xml,application/xml;q=0.9,*/*;q=0.8',
  'host' => 'haousdt.com',
  'user-agent' => 'Mozilla/5.0 (Windows NT 10.0; Win64; x64; Trident/7.0; MANMJS; rv:11.0) like Gecko',
  'content-length' => '',
  'content-type' => '',
)
[ info ] [ PARAM ] array (
)
[ info ] [ BEHAVIOR ] Run app\common\behavior\Common @module_init [ RunTime:0.001048s ]
[ info ] [ RUN ] app\index\controller\Index->buy[ /www/wwwroot/haousdt.com/application/index/controller/Index.php ]
[ info ] [ VIEW ] /www/wwwroot/haousdt.com/public/../application/index/view/index/buy.html [ array (
  0 => 'user',
  1 => 'site',
  2 => 'config',
) ]
[ info ] [ LOG ] INIT File
---------------------------------------------------------------
[ 2021-05-08T05:42:14+08:00 ] 23.251.102.74 GET 47.242.84.220/
[运行时间：0.025382s] [吞吐率：39.40req/s] [内存消耗：2,905.84kb] [文件加载：127]
[ info ] [ BEHAVIOR ] Run Closure @app_init [ RunTime:0.000015s ]
[ info ] [ CACHE ] INIT File
[ info ] [ BEHAVIOR ] Run Closure @app_init [ RunTime:0.001251s ]
[ info ] [ LANG ] /www/wwwroot/haousdt.com/thinkphp/lang/zh-cn.php
[ info ] [ BEHAVIOR ] Run app\common\behavior\Common @app_dispatch [ RunTime:0.000172s ]
[ info ] [ ROUTE ] array (
  'type' => 'module',
  'module' => 
  array (
    0 => '',
    1 => NULL,
    2 => NULL,
  ),
)
[ info ] [ HEADER ] array (
  'accept-encoding' => 'gzip',
  'accept' => '*/*',
  'user-agent' => 'Mozilla/5.0 (Windows NT 10.0; Win64; x64) AppleWebKit/537.36 (KHTML, like Gecko) Chrome/60.0.3112.113 Safari/537.36',
  'host' => '47.242.84.220',
  'content-length' => '',
  'content-type' => '',
)
[ info ] [ PARAM ] array (
)
[ info ] [ LANG ] /www/wwwroot/haousdt.com/public/../application/index/lang/zh-cn.php
[ info ] [ BEHAVIOR ] Run app\common\behavior\Common @module_init [ RunTime:0.000899s ]
[ info ] [ LANG ] /www/wwwroot/haousdt.com/public/../application/index/lang/zh-cn/index.php
[ info ] [ RUN ] app\index\controller\Index->index[ /www/wwwroot/haousdt.com/application/index/controller/Index.php ]
[ info ] [ LOG ] INIT File
---------------------------------------------------------------
[ 2021-05-08T06:15:12+08:00 ] 138.246.253.24 HEAD www.haousdt.com/
[运行时间：0.024669s] [吞吐率：40.54req/s] [内存消耗：2,905.48kb] [文件加载：127]
[ info ] [ BEHAVIOR ] Run Closure @app_init [ RunTime:0.000014s ]
[ info ] [ CACHE ] INIT File
[ info ] [ BEHAVIOR ] Run Closure @app_init [ RunTime:0.001279s ]
[ info ] [ LANG ] /www/wwwroot/haousdt.com/thinkphp/lang/zh-cn.php
[ info ] [ BEHAVIOR ] Run app\common\behavior\Common @app_dispatch [ RunTime:0.000195s ]
[ info ] [ ROUTE ] array (
  'type' => 'module',
  'module' => 
  array (
    0 => '',
    1 => NULL,
    2 => NULL,
  ),
)
[ info ] [ HEADER ] array (
  'user-agent' => 'Mozilla/5.0 (Windows NT 10.0; Win64; x64) AppleWebKit/537.36 (KHTML, like Gecko) Chrome/88.0.4324.146 Safari/537.36',
  'host' => 'www.haousdt.com',
  'content-length' => '',
  'content-type' => '',
)
[ info ] [ PARAM ] array (
)
[ info ] [ LANG ] /www/wwwroot/haousdt.com/public/../application/index/lang/zh-cn.php
[ info ] [ BEHAVIOR ] Run app\common\behavior\Common @module_init [ RunTime:0.000941s ]
[ info ] [ LANG ] /www/wwwroot/haousdt.com/public/../application/index/lang/zh-cn/index.php
[ info ] [ RUN ] app\index\controller\Index->index[ /www/wwwroot/haousdt.com/application/index/controller/Index.php ]
[ info ] [ LOG ] INIT File
---------------------------------------------------------------
[ 2021-05-08T06:17:05+08:00 ] 66.249.72.235 GET haousdt.com/
[运行时间：0.023929s] [吞吐率：41.79req/s] [内存消耗：2,908.11kb] [文件加载：127]
[ info ] [ BEHAVIOR ] Run Closure @app_init [ RunTime:0.000014s ]
[ info ] [ CACHE ] INIT File
[ info ] [ BEHAVIOR ] Run Closure @app_init [ RunTime:0.001284s ]
[ info ] [ LANG ] /www/wwwroot/haousdt.com/thinkphp/lang/zh-cn.php
[ info ] [ BEHAVIOR ] Run app\common\behavior\Common @app_dispatch [ RunTime:0.000172s ]
[ info ] [ ROUTE ] array (
  'type' => 'module',
  'module' => 
  array (
    0 => '',
    1 => NULL,
    2 => NULL,
  ),
)
[ info ] [ HEADER ] array (
  'accept-encoding' => 'gzip,deflate,br',
  'user-agent' => 'Mozilla/5.0 (Linux; Android 6.0.1; Nexus 5X Build/MMB29P) AppleWebKit/537.36 (KHTML, like Gecko) Chrome/90.0.4430.97 Mobile Safari/537.36 (compatible; Googlebot/2.1; +http://www.google.com/bot.html)',
  'from' => 'googlebot(at)googlebot.com',
  'accept' => 'text/html,application/xhtml+xml,application/signed-exchange;v=b3,application/xml;q=0.9,*/*;q=0.8',
  'connection' => 'keep-alive',
  'amp-cache-transform' => 'google;v="1..7"',
  'host' => 'haousdt.com',
  'content-length' => '',
  'content-type' => '',
)
[ info ] [ PARAM ] array (
)
[ info ] [ LANG ] /www/wwwroot/haousdt.com/public/../application/index/lang/zh-cn.php
[ info ] [ BEHAVIOR ] Run app\common\behavior\Common @module_init [ RunTime:0.000908s ]
[ info ] [ LANG ] /www/wwwroot/haousdt.com/public/../application/index/lang/zh-cn/index.php
[ info ] [ RUN ] app\index\controller\Index->index[ /www/wwwroot/haousdt.com/application/index/controller/Index.php ]
[ info ] [ LOG ] INIT File
---------------------------------------------------------------
[ 2021-05-08T06:17:06+08:00 ] 66.249.72.235 GET haousdt.com/index/index/sell.html
[运行时间：0.024848s] [吞吐率：40.24req/s] [内存消耗：2,954.72kb] [文件加载：126]
[ info ] [ BEHAVIOR ] Run Closure @app_init [ RunTime:0.000013s ]
[ info ] [ CACHE ] INIT File
[ info ] [ BEHAVIOR ] Run Closure @app_init [ RunTime:0.001478s ]
[ info ] [ LANG ] /www/wwwroot/haousdt.com/thinkphp/lang/zh-cn.php
[ info ] [ BEHAVIOR ] Run app\common\behavior\Common @app_dispatch [ RunTime:0.000191s ]
[ info ] [ ROUTE ] array (
  'type' => 'module',
  'module' => 
  array (
    0 => 'index',
    1 => 'index',
    2 => 'sell',
  ),
)
[ info ] [ HEADER ] array (
  'accept-encoding' => 'gzip,deflate,br',
  'user-agent' => 'Mozilla/5.0 (Linux; Android 6.0.1; Nexus 5X Build/MMB29P) AppleWebKit/537.36 (KHTML, like Gecko) Chrome/90.0.4430.97 Mobile Safari/537.36 (compatible; Googlebot/2.1; +http://www.google.com/bot.html)',
  'from' => 'googlebot(at)googlebot.com',
  'accept' => 'text/html,application/xhtml+xml,application/signed-exchange;v=b3,application/xml;q=0.9,*/*;q=0.8',
  'connection' => 'keep-alive',
  'amp-cache-transform' => 'google;v="1..7"',
  'host' => 'haousdt.com',
  'content-length' => '',
  'content-type' => '',
)
[ info ] [ PARAM ] array (
)
[ info ] [ LANG ] /www/wwwroot/haousdt.com/public/../application/index/lang/zh-cn.php
[ info ] [ BEHAVIOR ] Run app\common\behavior\Common @module_init [ RunTime:0.000882s ]
[ info ] [ LANG ] /www/wwwroot/haousdt.com/public/../application/index/lang/zh-cn/index.php
[ info ] [ RUN ] app\index\controller\Index->sell[ /www/wwwroot/haousdt.com/application/index/controller/Index.php ]
[ info ] [ VIEW ] /www/wwwroot/haousdt.com/public/../application/index/view/index/sell.html [ array (
  0 => 'user',
  1 => 'site',
  2 => 'config',
) ]
[ info ] [ LOG ] INIT File
---------------------------------------------------------------
[ 2021-05-08T06:37:04+08:00 ] 66.249.72.237 GET haousdt.com/
[运行时间：0.032307s] [吞吐率：30.95req/s] [内存消耗：2,906.94kb] [文件加载：127]
[ info ] [ BEHAVIOR ] Run Closure @app_init [ RunTime:0.000018s ]
[ info ] [ CACHE ] INIT File
[ info ] [ BEHAVIOR ] Run Closure @app_init [ RunTime:0.002301s ]
[ info ] [ LANG ] /www/wwwroot/haousdt.com/thinkphp/lang/zh-cn.php
[ info ] [ BEHAVIOR ] Run app\common\behavior\Common @app_dispatch [ RunTime:0.000265s ]
[ info ] [ ROUTE ] array (
  'type' => 'module',
  'module' => 
  array (
    0 => '',
    1 => NULL,
    2 => NULL,
  ),
)
[ info ] [ HEADER ] array (
  'accept-encoding' => 'gzip,deflate,br',
  'user-agent' => 'Mozilla/5.0 (compatible; Googlebot/2.1; +http://www.google.com/bot.html)',
  'from' => 'googlebot(at)googlebot.com',
  'accept' => 'text/html,application/xhtml+xml,application/signed-exchange;v=b3,application/xml;q=0.9,*/*;q=0.8',
  'connection' => 'keep-alive',
  'host' => 'haousdt.com',
  'content-length' => '',
  'content-type' => '',
)
[ info ] [ PARAM ] array (
)
[ info ] [ LANG ] /www/wwwroot/haousdt.com/public/../application/index/lang/zh-cn.php
[ info ] [ BEHAVIOR ] Run app\common\behavior\Common @module_init [ RunTime:0.001486s ]
[ info ] [ LANG ] /www/wwwroot/haousdt.com/public/../application/index/lang/zh-cn/index.php
[ info ] [ RUN ] app\index\controller\Index->index[ /www/wwwroot/haousdt.com/application/index/controller/Index.php ]
[ info ] [ LOG ] INIT File
---------------------------------------------------------------
[ 2021-05-08T06:37:05+08:00 ] 66.249.72.235 GET haousdt.com/index/index/sell.html
[运行时间：0.025538s] [吞吐率：39.16req/s] [内存消耗：2,953.30kb] [文件加载：126]
[ info ] [ BEHAVIOR ] Run Closure @app_init [ RunTime:0.000016s ]
[ info ] [ CACHE ] INIT File
[ info ] [ BEHAVIOR ] Run Closure @app_init [ RunTime:0.001275s ]
[ info ] [ LANG ] /www/wwwroot/haousdt.com/thinkphp/lang/zh-cn.php
[ info ] [ BEHAVIOR ] Run app\common\behavior\Common @app_dispatch [ RunTime:0.000206s ]
[ info ] [ ROUTE ] array (
  'type' => 'module',
  'module' => 
  array (
    0 => 'index',
    1 => 'index',
    2 => 'sell',
  ),
)
[ info ] [ HEADER ] array (
  'accept-encoding' => 'gzip,deflate,br',
  'user-agent' => 'Mozilla/5.0 (compatible; Googlebot/2.1; +http://www.google.com/bot.html)',
  'from' => 'googlebot(at)googlebot.com',
  'accept' => 'text/html,application/xhtml+xml,application/signed-exchange;v=b3,application/xml;q=0.9,*/*;q=0.8',
  'connection' => 'keep-alive',
  'host' => 'haousdt.com',
  'content-length' => '',
  'content-type' => '',
)
[ info ] [ PARAM ] array (
)
[ info ] [ LANG ] /www/wwwroot/haousdt.com/public/../application/index/lang/zh-cn.php
[ info ] [ BEHAVIOR ] Run app\common\behavior\Common @module_init [ RunTime:0.000883s ]
[ info ] [ LANG ] /www/wwwroot/haousdt.com/public/../application/index/lang/zh-cn/index.php
[ info ] [ RUN ] app\index\controller\Index->sell[ /www/wwwroot/haousdt.com/application/index/controller/Index.php ]
[ info ] [ VIEW ] /www/wwwroot/haousdt.com/public/../application/index/view/index/sell.html [ array (
  0 => 'user',
  1 => 'site',
  2 => 'config',
) ]
[ info ] [ LOG ] INIT File
---------------------------------------------------------------
[ 2021-05-08T07:11:39+08:00 ] 52.255.201.194 GET haousdt.com/.env
[运行时间：0.018280s] [吞吐率：54.70req/s] [内存消耗：2,070.69kb] [文件加载：113]
[ info ] [ BEHAVIOR ] Run Closure @app_init [ RunTime:0.000014s ]
[ info ] [ CACHE ] INIT File
[ info ] [ BEHAVIOR ] Run Closure @app_init [ RunTime:0.001248s ]
[ info ] [ LANG ] /www/wwwroot/haousdt.com/thinkphp/lang/zh-cn.php
[ info ] [ BEHAVIOR ] Run app\common\behavior\Common @app_dispatch [ RunTime:0.000174s ]
[ info ] [ ROUTE ] array (
  'type' => 'module',
  'module' => 
  array (
    0 => '.env',
    1 => NULL,
    2 => NULL,
  ),
)
[ info ] [ HEADER ] array (
  'user-agent' => 'Mozilla/5.0 (X11; Linux x86_64) AppleWebKit/537.36 (KHTML, like Gecko) Chrome/81.0.4044.129 Safari/537.36',
  'accept' => '*/*',
  'accept-encoding' => 'gzip, deflate',
  'connection' => 'keep-alive',
  'host' => 'haousdt.com',
  'content-length' => '',
  'content-type' => '',
)
[ info ] [ PARAM ] array (
)
[ info ] [ LOG ] INIT File
---------------------------------------------------------------
[ 2021-05-08T07:11:41+08:00 ] 52.255.201.194 POST haousdt.com/
[运行时间：0.023846s] [吞吐率：41.94req/s] [内存消耗：2,906.77kb] [文件加载：127]
[ info ] [ BEHAVIOR ] Run Closure @app_init [ RunTime:0.000014s ]
[ info ] [ CACHE ] INIT File
[ info ] [ BEHAVIOR ] Run Closure @app_init [ RunTime:0.001220s ]
[ info ] [ LANG ] /www/wwwroot/haousdt.com/thinkphp/lang/zh-cn.php
[ info ] [ BEHAVIOR ] Run app\common\behavior\Common @app_dispatch [ RunTime:0.000190s ]
[ info ] [ ROUTE ] array (
  'type' => 'module',
  'module' => 
  array (
    0 => '',
    1 => NULL,
    2 => NULL,
  ),
)
[ info ] [ HEADER ] array (
  'content-type' => 'application/x-www-form-urlencoded',
  'content-length' => '20',
  'user-agent' => 'Mozilla/5.0 (X11; Linux x86_64) AppleWebKit/537.36 (KHTML, like Gecko) Chrome/81.0.4044.129 Safari/537.36',
  'accept' => '*/*',
  'accept-encoding' => 'gzip, deflate',
  'connection' => 'keep-alive',
  'host' => 'haousdt.com',
)
[ info ] [ PARAM ] array (
  '0x' => 
  array (
    0 => 'androxgh0st',
  ),
)
[ info ] [ LANG ] /www/wwwroot/haousdt.com/public/../application/index/lang/zh-cn.php
[ info ] [ BEHAVIOR ] Run app\common\behavior\Common @module_init [ RunTime:0.000868s ]
[ info ] [ LANG ] /www/wwwroot/haousdt.com/public/../application/index/lang/zh-cn/index.php
[ info ] [ RUN ] app\index\controller\Index->index[ /www/wwwroot/haousdt.com/application/index/controller/Index.php ]
[ info ] [ LOG ] INIT File
---------------------------------------------------------------
[ 2021-05-08T07:24:12+08:00 ] 85.214.20.215 GET 47.242.84.220/.env
[运行时间：0.018109s] [吞吐率：55.22req/s] [内存消耗：2,070.69kb] [文件加载：113]
[ info ] [ BEHAVIOR ] Run Closure @app_init [ RunTime:0.000014s ]
[ info ] [ CACHE ] INIT File
[ info ] [ BEHAVIOR ] Run Closure @app_init [ RunTime:0.001257s ]
[ info ] [ LANG ] /www/wwwroot/haousdt.com/thinkphp/lang/zh-cn.php
[ info ] [ BEHAVIOR ] Run app\common\behavior\Common @app_dispatch [ RunTime:0.000168s ]
[ info ] [ ROUTE ] array (
  'type' => 'module',
  'module' => 
  array (
    0 => '.env',
    1 => NULL,
    2 => NULL,
  ),
)
[ info ] [ HEADER ] array (
  'connection' => 'keep-alive',
  'accept' => '*/*',
  'accept-encoding' => 'gzip, deflate',
  'user-agent' => 'Mozilla/5.0 (X11; Linux x86_64) AppleWebKit/537.36 (KHTML, like Gecko) Chrome/81.0.4044.129 Safari/537.36',
  'host' => '47.242.84.220',
  'content-length' => '',
  'content-type' => '',
)
[ info ] [ PARAM ] array (
)
[ info ] [ LOG ] INIT File
---------------------------------------------------------------
[ 2021-05-08T07:24:15+08:00 ] 85.214.20.215 POST 47.242.84.220/
[运行时间：0.023230s] [吞吐率：43.05req/s] [内存消耗：2,906.77kb] [文件加载：127]
[ info ] [ BEHAVIOR ] Run Closure @app_init [ RunTime:0.000014s ]
[ info ] [ CACHE ] INIT File
[ info ] [ BEHAVIOR ] Run Closure @app_init [ RunTime:0.001319s ]
[ info ] [ LANG ] /www/wwwroot/haousdt.com/thinkphp/lang/zh-cn.php
[ info ] [ BEHAVIOR ] Run app\common\behavior\Common @app_dispatch [ RunTime:0.000182s ]
[ info ] [ ROUTE ] array (
  'type' => 'module',
  'module' => 
  array (
    0 => '',
    1 => NULL,
    2 => NULL,
  ),
)
[ info ] [ HEADER ] array (
  'content-type' => 'application/x-www-form-urlencoded',
  'content-length' => '20',
  'connection' => 'keep-alive',
  'accept' => '*/*',
  'accept-encoding' => 'gzip, deflate',
  'user-agent' => 'Mozilla/5.0 (X11; Linux x86_64) AppleWebKit/537.36 (KHTML, like Gecko) Chrome/81.0.4044.129 Safari/537.36',
  'host' => '47.242.84.220',
)
[ info ] [ PARAM ] array (
  '0x' => 
  array (
    0 => 'androxgh0st',
  ),
)
[ info ] [ LANG ] /www/wwwroot/haousdt.com/public/../application/index/lang/zh-cn.php
[ info ] [ BEHAVIOR ] Run app\common\behavior\Common @module_init [ RunTime:0.000867s ]
[ info ] [ LANG ] /www/wwwroot/haousdt.com/public/../application/index/lang/zh-cn/index.php
[ info ] [ RUN ] app\index\controller\Index->index[ /www/wwwroot/haousdt.com/application/index/controller/Index.php ]
[ info ] [ LOG ] INIT File
---------------------------------------------------------------
[ 2021-05-08T08:55:03+08:00 ] 118.190.209.87 GET www.haousdt.com/
[运行时间：0.022820s] [吞吐率：43.82req/s] [内存消耗：2,873.85kb] [文件加载：124]
[ info ] [ BEHAVIOR ] Run Closure @app_init [ RunTime:0.000014s ]
[ info ] [ CACHE ] INIT File
[ info ] [ BEHAVIOR ] Run Closure @app_init [ RunTime:0.001244s ]
[ info ] [ BEHAVIOR ] Run app\common\behavior\Common @app_dispatch [ RunTime:0.000170s ]
[ info ] [ ROUTE ] array (
  'type' => 'module',
  'module' => 
  array (
    0 => '',
    1 => NULL,
    2 => NULL,
  ),
)
[ info ] [ HEADER ] array (
  'accept-language' => 'en-US',
  'accept-encoding' => 'gzip, deflate, br',
  'sec-fetch-dest' => 'document',
  'sec-fetch-user' => '?1',
  'sec-fetch-mode' => 'navigate',
  'sec-fetch-site' => 'none',
  'accept' => 'text/html,application/xhtml+xml,application/xml;q=0.9,image/avif,image/webp,image/apng,*/*;q=0.8,application/signed-exchange;v=b3;q=0.9',
  'user-agent' => 'Mozilla/5.0 (X11; Linux x86_64) AppleWebKit/537.36 (KHTML, like Gecko) HeadlessChrome/87.0.4280.88 Safari/537.36',
  'upgrade-insecure-requests' => '1',
  'host' => 'www.haousdt.com',
  'content-length' => '',
  'content-type' => '',
)
[ info ] [ PARAM ] array (
)
[ info ] [ BEHAVIOR ] Run app\common\behavior\Common @module_init [ RunTime:0.000872s ]
[ info ] [ RUN ] app\index\controller\Index->index[ /www/wwwroot/haousdt.com/application/index/controller/Index.php ]
[ info ] [ LOG ] INIT File
---------------------------------------------------------------
[ 2021-05-08T08:55:03+08:00 ] 118.190.209.87 GET www.haousdt.com/index/index/sell.html
[运行时间：0.023144s] [吞吐率：43.21req/s] [内存消耗：2,920.21kb] [文件加载：123]
[ info ] [ BEHAVIOR ] Run Closure @app_init [ RunTime:0.000013s ]
[ info ] [ CACHE ] INIT File
[ info ] [ BEHAVIOR ] Run Closure @app_init [ RunTime:0.001202s ]
[ info ] [ BEHAVIOR ] Run app\common\behavior\Common @app_dispatch [ RunTime:0.000191s ]
[ info ] [ ROUTE ] array (
  'type' => 'module',
  'module' => 
  array (
    0 => 'index',
    1 => 'index',
    2 => 'sell',
  ),
)
[ info ] [ HEADER ] array (
  'accept-language' => 'en-US',
  'accept-encoding' => 'gzip, deflate, br',
  'sec-fetch-dest' => 'document',
  'sec-fetch-user' => '?1',
  'sec-fetch-mode' => 'navigate',
  'sec-fetch-site' => 'none',
  'accept' => 'text/html,application/xhtml+xml,application/xml;q=0.9,image/avif,image/webp,image/apng,*/*;q=0.8,application/signed-exchange;v=b3;q=0.9',
  'user-agent' => 'Mozilla/5.0 (X11; Linux x86_64) AppleWebKit/537.36 (KHTML, like Gecko) HeadlessChrome/87.0.4280.88 Safari/537.36',
  'upgrade-insecure-requests' => '1',
  'host' => 'www.haousdt.com',
  'content-length' => '',
  'content-type' => '',
)
[ info ] [ PARAM ] array (
)
[ info ] [ BEHAVIOR ] Run app\common\behavior\Common @module_init [ RunTime:0.000843s ]
[ info ] [ RUN ] app\index\controller\Index->sell[ /www/wwwroot/haousdt.com/application/index/controller/Index.php ]
[ info ] [ VIEW ] /www/wwwroot/haousdt.com/public/../application/index/view/index/sell.html [ array (
  0 => 'user',
  1 => 'site',
  2 => 'config',
) ]
[ info ] [ LOG ] INIT File
---------------------------------------------------------------
[ 2021-05-08T09:22:14+08:00 ] 193.118.53.202 GET 47.242.84.220/
[运行时间：0.025142s] [吞吐率：39.77req/s] [内存消耗：2,905.84kb] [文件加载：127]
[ info ] [ BEHAVIOR ] Run Closure @app_init [ RunTime:0.000015s ]
[ info ] [ CACHE ] INIT File
[ info ] [ BEHAVIOR ] Run Closure @app_init [ RunTime:0.001314s ]
[ info ] [ LANG ] /www/wwwroot/haousdt.com/thinkphp/lang/zh-cn.php
[ info ] [ BEHAVIOR ] Run app\common\behavior\Common @app_dispatch [ RunTime:0.000170s ]
[ info ] [ ROUTE ] array (
  'type' => 'module',
  'module' => 
  array (
    0 => '',
    1 => NULL,
    2 => NULL,
  ),
)
[ info ] [ HEADER ] array (
  'accept-encoding' => 'gzip',
  'accept' => '*/*',
  'user-agent' => 'Mozilla/5.0 (Windows NT 10.0; Win64; x64) AppleWebKit/537.36 (KHTML, like Gecko) Chrome/60.0.3112.113 Safari/537.36',
  'host' => '47.242.84.220',
  'content-length' => '',
  'content-type' => '',
)
[ info ] [ PARAM ] array (
)
[ info ] [ LANG ] /www/wwwroot/haousdt.com/public/../application/index/lang/zh-cn.php
[ info ] [ BEHAVIOR ] Run app\common\behavior\Common @module_init [ RunTime:0.000952s ]
[ info ] [ LANG ] /www/wwwroot/haousdt.com/public/../application/index/lang/zh-cn/index.php
[ info ] [ RUN ] app\index\controller\Index->index[ /www/wwwroot/haousdt.com/application/index/controller/Index.php ]
[ info ] [ LOG ] INIT File
---------------------------------------------------------------
[ 2021-05-08T09:31:01+08:00 ] 178.73.215.171 GET /
[运行时间：0.025095s] [吞吐率：39.85req/s] [内存消耗：2,904.32kb] [文件加载：127]
[ info ] [ BEHAVIOR ] Run Closure @app_init [ RunTime:0.000014s ]
[ info ] [ CACHE ] INIT File
[ info ] [ BEHAVIOR ] Run Closure @app_init [ RunTime:0.001330s ]
[ info ] [ LANG ] /www/wwwroot/haousdt.com/thinkphp/lang/zh-cn.php
[ info ] [ BEHAVIOR ] Run app\common\behavior\Common @app_dispatch [ RunTime:0.000167s ]
[ info ] [ ROUTE ] array (
  'type' => 'module',
  'module' => 
  array (
    0 => '',
    1 => NULL,
    2 => NULL,
  ),
)
[ info ] [ HEADER ] array (
  'accept' => '*/*',
  'content-length' => '',
  'content-type' => '',
)
[ info ] [ PARAM ] array (
)
[ info ] [ LANG ] /www/wwwroot/haousdt.com/public/../application/index/lang/zh-cn.php
[ info ] [ BEHAVIOR ] Run app\common\behavior\Common @module_init [ RunTime:0.001009s ]
[ info ] [ LANG ] /www/wwwroot/haousdt.com/public/../application/index/lang/zh-cn/index.php
[ info ] [ RUN ] app\index\controller\Index->index[ /www/wwwroot/haousdt.com/application/index/controller/Index.php ]
[ info ] [ LOG ] INIT File
---------------------------------------------------------------
[ 2021-05-08T10:07:55+08:00 ] 66.249.77.30 GET www.haousdt.com/
[运行时间：0.023274s] [吞吐率：42.97req/s] [内存消耗：2,908.11kb] [文件加载：127]
[ info ] [ BEHAVIOR ] Run Closure @app_init [ RunTime:0.000014s ]
[ info ] [ CACHE ] INIT File
[ info ] [ BEHAVIOR ] Run Closure @app_init [ RunTime:0.001526s ]
[ info ] [ LANG ] /www/wwwroot/haousdt.com/thinkphp/lang/zh-cn.php
[ info ] [ BEHAVIOR ] Run app\common\behavior\Common @app_dispatch [ RunTime:0.000168s ]
[ info ] [ ROUTE ] array (
  'type' => 'module',
  'module' => 
  array (
    0 => '',
    1 => NULL,
    2 => NULL,
  ),
)
[ info ] [ HEADER ] array (
  'accept-encoding' => 'gzip,deflate,br',
  'user-agent' => 'Mozilla/5.0 (Linux; Android 6.0.1; Nexus 5X Build/MMB29P) AppleWebKit/537.36 (KHTML, like Gecko) Chrome/90.0.4430.97 Mobile Safari/537.36 (compatible; Googlebot/2.1; +http://www.google.com/bot.html)',
  'from' => 'googlebot(at)googlebot.com',
  'accept' => 'text/html,application/xhtml+xml,application/signed-exchange;v=b3,application/xml;q=0.9,*/*;q=0.8',
  'connection' => 'keep-alive',
  'amp-cache-transform' => 'google;v="1..7"',
  'host' => 'www.haousdt.com',
  'content-length' => '',
  'content-type' => '',
)
[ info ] [ PARAM ] array (
)
[ info ] [ LANG ] /www/wwwroot/haousdt.com/public/../application/index/lang/zh-cn.php
[ info ] [ BEHAVIOR ] Run app\common\behavior\Common @module_init [ RunTime:0.000861s ]
[ info ] [ LANG ] /www/wwwroot/haousdt.com/public/../application/index/lang/zh-cn/index.php
[ info ] [ RUN ] app\index\controller\Index->index[ /www/wwwroot/haousdt.com/application/index/controller/Index.php ]
[ info ] [ LOG ] INIT File
---------------------------------------------------------------
[ 2021-05-08T10:07:56+08:00 ] 66.249.77.26 GET www.haousdt.com/index/index/sell.html
[运行时间：0.024130s] [吞吐率：41.44req/s] [内存消耗：2,954.72kb] [文件加载：126]
[ info ] [ BEHAVIOR ] Run Closure @app_init [ RunTime:0.000015s ]
[ info ] [ CACHE ] INIT File
[ info ] [ BEHAVIOR ] Run Closure @app_init [ RunTime:0.001243s ]
[ info ] [ LANG ] /www/wwwroot/haousdt.com/thinkphp/lang/zh-cn.php
[ info ] [ BEHAVIOR ] Run app\common\behavior\Common @app_dispatch [ RunTime:0.000181s ]
[ info ] [ ROUTE ] array (
  'type' => 'module',
  'module' => 
  array (
    0 => 'index',
    1 => 'index',
    2 => 'sell',
  ),
)
[ info ] [ HEADER ] array (
  'accept-encoding' => 'gzip,deflate,br',
  'user-agent' => 'Mozilla/5.0 (Linux; Android 6.0.1; Nexus 5X Build/MMB29P) AppleWebKit/537.36 (KHTML, like Gecko) Chrome/90.0.4430.97 Mobile Safari/537.36 (compatible; Googlebot/2.1; +http://www.google.com/bot.html)',
  'from' => 'googlebot(at)googlebot.com',
  'accept' => 'text/html,application/xhtml+xml,application/signed-exchange;v=b3,application/xml;q=0.9,*/*;q=0.8',
  'connection' => 'keep-alive',
  'amp-cache-transform' => 'google;v="1..7"',
  'host' => 'www.haousdt.com',
  'content-length' => '',
  'content-type' => '',
)
[ info ] [ PARAM ] array (
)
[ info ] [ LANG ] /www/wwwroot/haousdt.com/public/../application/index/lang/zh-cn.php
[ info ] [ BEHAVIOR ] Run app\common\behavior\Common @module_init [ RunTime:0.000892s ]
[ info ] [ LANG ] /www/wwwroot/haousdt.com/public/../application/index/lang/zh-cn/index.php
[ info ] [ RUN ] app\index\controller\Index->sell[ /www/wwwroot/haousdt.com/application/index/controller/Index.php ]
[ info ] [ VIEW ] /www/wwwroot/haousdt.com/public/../application/index/view/index/sell.html [ array (
  0 => 'user',
  1 => 'site',
  2 => 'config',
) ]
[ info ] [ LOG ] INIT File
---------------------------------------------------------------
[ 2021-05-08T10:22:58+08:00 ] 207.46.13.118 GET www.haousdt.com/
[运行时间：0.029640s] [吞吐率：33.74req/s] [内存消耗：2,906.99kb] [文件加载：127]
[ info ] [ BEHAVIOR ] Run Closure @app_init [ RunTime:0.000014s ]
[ info ] [ CACHE ] INIT File
[ info ] [ BEHAVIOR ] Run Closure @app_init [ RunTime:0.001317s ]
[ info ] [ LANG ] /www/wwwroot/haousdt.com/thinkphp/lang/zh-cn.php
[ info ] [ BEHAVIOR ] Run app\common\behavior\Common @app_dispatch [ RunTime:0.000194s ]
[ info ] [ ROUTE ] array (
  'type' => 'module',
  'module' => 
  array (
    0 => '',
    1 => NULL,
    2 => NULL,
  ),
)
[ info ] [ HEADER ] array (
  'user-agent' => 'Mozilla/5.0 (compatible; bingbot/2.0; +http://www.bing.com/bingbot.htm)',
  'from' => 'bingbot(at)microsoft.com',
  'accept-encoding' => 'gzip, deflate',
  'accept' => '*/*',
  'pragma' => 'no-cache',
  'cache-control' => 'no-cache',
  'host' => 'www.haousdt.com',
  'content-length' => '',
  'content-type' => '',
)
[ info ] [ PARAM ] array (
)
[ info ] [ LANG ] /www/wwwroot/haousdt.com/public/../application/index/lang/zh-cn.php
[ info ] [ BEHAVIOR ] Run app\common\behavior\Common @module_init [ RunTime:0.000907s ]
[ info ] [ LANG ] /www/wwwroot/haousdt.com/public/../application/index/lang/zh-cn/index.php
[ info ] [ RUN ] app\index\controller\Index->index[ /www/wwwroot/haousdt.com/application/index/controller/Index.php ]
[ info ] [ LOG ] INIT File
---------------------------------------------------------------
[ 2021-05-08T11:45:31+08:00 ] 161.129.60.5 GET www.haousdt.com/
[运行时间：0.024140s] [吞吐率：41.42req/s] [内存消耗：2,911.30kb] [文件加载：127]
[ info ] [ BEHAVIOR ] Run Closure @app_init [ RunTime:0.000013s ]
[ info ] [ CACHE ] INIT File
[ info ] [ BEHAVIOR ] Run Closure @app_init [ RunTime:0.001324s ]
[ info ] [ LANG ] /www/wwwroot/haousdt.com/thinkphp/lang/zh-cn.php
[ info ] [ BEHAVIOR ] Run app\common\behavior\Common @app_dispatch [ RunTime:0.000198s ]
[ info ] [ ROUTE ] array (
  'type' => 'module',
  'module' => 
  array (
    0 => '',
    1 => NULL,
    2 => NULL,
  ),
)
[ info ] [ HEADER ] array (
  'accept-language' => 'zh-CN,zh;q=0.9',
  'accept-encoding' => 'gzip, deflate, br',
  'sec-fetch-dest' => 'document',
  'sec-fetch-user' => '?1',
  'sec-fetch-mode' => 'navigate',
  'sec-fetch-site' => 'none',
  'accept' => 'text/html,application/xhtml+xml,application/xml;q=0.9,image/avif,image/webp,image/apng,*/*;q=0.8,application/signed-exchange;v=b3;q=0.9',
  'user-agent' => 'Mozilla/5.0 (Windows NT 10.0; Win64; x64) AppleWebKit/537.36 (KHTML, like Gecko) Chrome/88.0.4324.190 Safari/537.36',
  'upgrade-insecure-requests' => '1',
  'sec-ch-ua-mobile' => '?0',
  'sec-ch-ua' => '"Chromium";v="88", "Google Chrome";v="88", ";Not A Brand";v="99"',
  'cache-control' => 'max-age=0',
  'host' => 'www.haousdt.com',
  'content-length' => '',
  'content-type' => '',
)
[ info ] [ PARAM ] array (
)
[ info ] [ LANG ] /www/wwwroot/haousdt.com/public/../application/index/lang/zh-cn.php
[ info ] [ BEHAVIOR ] Run app\common\behavior\Common @module_init [ RunTime:0.000862s ]
[ info ] [ LANG ] /www/wwwroot/haousdt.com/public/../application/index/lang/zh-cn/index.php
[ info ] [ RUN ] app\index\controller\Index->index[ /www/wwwroot/haousdt.com/application/index/controller/Index.php ]
[ info ] [ LOG ] INIT File
---------------------------------------------------------------
[ 2021-05-08T11:45:31+08:00 ] 161.129.60.5 GET www.haousdt.com/index/index/sell.html
[运行时间：0.025024s] [吞吐率：39.96req/s] [内存消耗：2,957.91kb] [文件加载：126]
[ info ] [ BEHAVIOR ] Run Closure @app_init [ RunTime:0.000015s ]
[ info ] [ CACHE ] INIT File
[ info ] [ BEHAVIOR ] Run Closure @app_init [ RunTime:0.001249s ]
[ info ] [ LANG ] /www/wwwroot/haousdt.com/thinkphp/lang/zh-cn.php
[ info ] [ BEHAVIOR ] Run app\common\behavior\Common @app_dispatch [ RunTime:0.000170s ]
[ info ] [ ROUTE ] array (
  'type' => 'module',
  'module' => 
  array (
    0 => 'index',
    1 => 'index',
    2 => 'sell',
  ),
)
[ info ] [ HEADER ] array (
  'accept-language' => 'zh-CN,zh;q=0.9',
  'accept-encoding' => 'gzip, deflate, br',
  'sec-ch-ua-mobile' => '?0',
  'sec-ch-ua' => '"Chromium";v="88", "Google Chrome";v="88", ";Not A Brand";v="99"',
  'sec-fetch-dest' => 'document',
  'sec-fetch-user' => '?1',
  'sec-fetch-mode' => 'navigate',
  'sec-fetch-site' => 'none',
  'accept' => 'text/html,application/xhtml+xml,application/xml;q=0.9,image/avif,image/webp,image/apng,*/*;q=0.8,application/signed-exchange;v=b3;q=0.9',
  'user-agent' => 'Mozilla/5.0 (Windows NT 10.0; Win64; x64) AppleWebKit/537.36 (KHTML, like Gecko) Chrome/88.0.4324.190 Safari/537.36',
  'upgrade-insecure-requests' => '1',
  'cache-control' => 'max-age=0',
  'host' => 'www.haousdt.com',
  'content-length' => '',
  'content-type' => '',
)
[ info ] [ PARAM ] array (
)
[ info ] [ LANG ] /www/wwwroot/haousdt.com/public/../application/index/lang/zh-cn.php
[ info ] [ BEHAVIOR ] Run app\common\behavior\Common @module_init [ RunTime:0.000900s ]
[ info ] [ LANG ] /www/wwwroot/haousdt.com/public/../application/index/lang/zh-cn/index.php
[ info ] [ RUN ] app\index\controller\Index->sell[ /www/wwwroot/haousdt.com/application/index/controller/Index.php ]
[ info ] [ VIEW ] /www/wwwroot/haousdt.com/public/../application/index/view/index/sell.html [ array (
  0 => 'user',
  1 => 'site',
  2 => 'config',
) ]
[ info ] [ LOG ] INIT File
---------------------------------------------------------------
[ 2021-05-08T11:45:43+08:00 ] 161.129.60.5 GET www.haousdt.com/favicon.ico
[运行时间：0.017765s] [吞吐率：56.29req/s] [内存消耗：2,075.03kb] [文件加载：113]
[ info ] [ BEHAVIOR ] Run Closure @app_init [ RunTime:0.000014s ]
[ info ] [ CACHE ] INIT File
[ info ] [ BEHAVIOR ] Run Closure @app_init [ RunTime:0.001231s ]
[ info ] [ LANG ] /www/wwwroot/haousdt.com/thinkphp/lang/zh-cn.php
[ info ] [ BEHAVIOR ] Run app\common\behavior\Common @app_dispatch [ RunTime:0.000180s ]
[ info ] [ ROUTE ] array (
  'type' => 'module',
  'module' => 
  array (
    0 => 'favicon.ico',
    1 => NULL,
    2 => NULL,
  ),
)
[ info ] [ HEADER ] array (
  'accept-language' => 'zh-CN,zh;q=0.9',
  'accept-encoding' => 'gzip, deflate, br',
  'referer' => 'https://www.haousdt.com/index/index/sell.html',
  'sec-fetch-dest' => 'image',
  'sec-fetch-mode' => 'no-cors',
  'sec-fetch-site' => 'same-origin',
  'accept' => 'image/avif,image/webp,image/apng,image/svg+xml,image/*,*/*;q=0.8',
  'user-agent' => 'Mozilla/5.0 (Windows NT 10.0; Win64; x64) AppleWebKit/537.36 (KHTML, like Gecko) Chrome/88.0.4324.190 Safari/537.36',
  'sec-ch-ua-mobile' => '?0',
  'sec-ch-ua' => '"Chromium";v="88", "Google Chrome";v="88", ";Not A Brand";v="99"',
  'host' => 'www.haousdt.com',
  'content-length' => '',
  'content-type' => '',
)
[ info ] [ PARAM ] array (
)
[ info ] [ LOG ] INIT File
---------------------------------------------------------------
[ 2021-05-08T11:45:55+08:00 ] 161.129.60.5 GET www.haousdt.com/index/index/buy.html
[运行时间：0.024332s] [吞吐率：41.10req/s] [内存消耗：2,957.63kb] [文件加载：126]
[ info ] [ BEHAVIOR ] Run Closure @app_init [ RunTime:0.000013s ]
[ info ] [ CACHE ] INIT File
[ info ] [ BEHAVIOR ] Run Closure @app_init [ RunTime:0.001203s ]
[ info ] [ LANG ] /www/wwwroot/haousdt.com/thinkphp/lang/zh-cn.php
[ info ] [ BEHAVIOR ] Run app\common\behavior\Common @app_dispatch [ RunTime:0.000184s ]
[ info ] [ ROUTE ] array (
  'type' => 'module',
  'module' => 
  array (
    0 => 'index',
    1 => 'index',
    2 => 'buy',
  ),
)
[ info ] [ HEADER ] array (
  'accept-language' => 'zh-CN,zh;q=0.9',
  'accept-encoding' => 'gzip, deflate, br',
  'referer' => 'https://www.haousdt.com/index/index/sell.html',
  'sec-fetch-dest' => 'document',
  'sec-fetch-user' => '?1',
  'sec-fetch-mode' => 'navigate',
  'sec-fetch-site' => 'same-origin',
  'accept' => 'text/html,application/xhtml+xml,application/xml;q=0.9,image/avif,image/webp,image/apng,*/*;q=0.8,application/signed-exchange;v=b3;q=0.9',
  'user-agent' => 'Mozilla/5.0 (Windows NT 10.0; Win64; x64) AppleWebKit/537.36 (KHTML, like Gecko) Chrome/88.0.4324.190 Safari/537.36',
  'upgrade-insecure-requests' => '1',
  'sec-ch-ua-mobile' => '?0',
  'sec-ch-ua' => '"Chromium";v="88", "Google Chrome";v="88", ";Not A Brand";v="99"',
  'host' => 'www.haousdt.com',
  'content-length' => '',
  'content-type' => '',
)
[ info ] [ PARAM ] array (
)
[ info ] [ LANG ] /www/wwwroot/haousdt.com/public/../application/index/lang/zh-cn.php
[ info ] [ BEHAVIOR ] Run app\common\behavior\Common @module_init [ RunTime:0.000858s ]
[ info ] [ LANG ] /www/wwwroot/haousdt.com/public/../application/index/lang/zh-cn/index.php
[ info ] [ RUN ] app\index\controller\Index->buy[ /www/wwwroot/haousdt.com/application/index/controller/Index.php ]
[ info ] [ VIEW ] /www/wwwroot/haousdt.com/public/../application/index/view/index/buy.html [ array (
  0 => 'user',
  1 => 'site',
  2 => 'config',
) ]
[ info ] [ LOG ] INIT File
---------------------------------------------------------------
[ 2021-05-08T11:46:18+08:00 ] 161.129.60.5 GET www.haousdt.com/index/index/sell.html
[运行时间：0.025753s] [吞吐率：38.83req/s] [内存消耗：2,957.99kb] [文件加载：126]
[ info ] [ BEHAVIOR ] Run Closure @app_init [ RunTime:0.000016s ]
[ info ] [ CACHE ] INIT File
[ info ] [ BEHAVIOR ] Run Closure @app_init [ RunTime:0.001688s ]
[ info ] [ LANG ] /www/wwwroot/haousdt.com/thinkphp/lang/zh-cn.php
[ info ] [ BEHAVIOR ] Run app\common\behavior\Common @app_dispatch [ RunTime:0.000209s ]
[ info ] [ ROUTE ] array (
  'type' => 'module',
  'module' => 
  array (
    0 => 'index',
    1 => 'index',
    2 => 'sell',
  ),
)
[ info ] [ HEADER ] array (
  'accept-language' => 'zh-CN,zh;q=0.9',
  'accept-encoding' => 'gzip, deflate, br',
  'referer' => 'https://www.haousdt.com/index/index/buy.html',
  'sec-fetch-dest' => 'document',
  'sec-fetch-user' => '?1',
  'sec-fetch-mode' => 'navigate',
  'sec-fetch-site' => 'same-origin',
  'accept' => 'text/html,application/xhtml+xml,application/xml;q=0.9,image/avif,image/webp,image/apng,*/*;q=0.8,application/signed-exchange;v=b3;q=0.9',
  'user-agent' => 'Mozilla/5.0 (Windows NT 10.0; Win64; x64) AppleWebKit/537.36 (KHTML, like Gecko) Chrome/88.0.4324.190 Safari/537.36',
  'upgrade-insecure-requests' => '1',
  'sec-ch-ua-mobile' => '?0',
  'sec-ch-ua' => '"Chromium";v="88", "Google Chrome";v="88", ";Not A Brand";v="99"',
  'host' => 'www.haousdt.com',
  'content-length' => '',
  'content-type' => '',
)
[ info ] [ PARAM ] array (
)
[ info ] [ LANG ] /www/wwwroot/haousdt.com/public/../application/index/lang/zh-cn.php
[ info ] [ BEHAVIOR ] Run app\common\behavior\Common @module_init [ RunTime:0.000978s ]
[ info ] [ LANG ] /www/wwwroot/haousdt.com/public/../application/index/lang/zh-cn/index.php
[ info ] [ RUN ] app\index\controller\Index->sell[ /www/wwwroot/haousdt.com/application/index/controller/Index.php ]
[ info ] [ VIEW ] /www/wwwroot/haousdt.com/public/../application/index/view/index/sell.html [ array (
  0 => 'user',
  1 => 'site',
  2 => 'config',
) ]
[ info ] [ LOG ] INIT File
---------------------------------------------------------------
[ 2021-05-08T12:06:02+08:00 ] 209.17.96.202 GET 47.242.84.220:443/
[运行时间：0.023740s] [吞吐率：42.12req/s] [内存消耗：2,905.23kb] [文件加载：127]
[ info ] [ BEHAVIOR ] Run Closure @app_init [ RunTime:0.000016s ]
[ info ] [ CACHE ] INIT File
[ info ] [ BEHAVIOR ] Run Closure @app_init [ RunTime:0.001283s ]
[ info ] [ LANG ] /www/wwwroot/haousdt.com/thinkphp/lang/zh-cn.php
[ info ] [ BEHAVIOR ] Run app\common\behavior\Common @app_dispatch [ RunTime:0.000167s ]
[ info ] [ ROUTE ] array (
  'type' => 'module',
  'module' => 
  array (
    0 => '',
    1 => NULL,
    2 => NULL,
  ),
)
[ info ] [ HEADER ] array (
  'user-agent' => 'Mozilla/5.0 (compatible; Nimbostratus-Bot/v1.3.2; http://cloudsystemnetworks.com)',
  'host' => '47.242.84.220:443',
  'content-length' => '',
  'content-type' => '',
)
[ info ] [ PARAM ] array (
)
[ info ] [ LANG ] /www/wwwroot/haousdt.com/public/../application/index/lang/zh-cn.php
[ info ] [ BEHAVIOR ] Run app\common\behavior\Common @module_init [ RunTime:0.000878s ]
[ info ] [ LANG ] /www/wwwroot/haousdt.com/public/../application/index/lang/zh-cn/index.php
[ info ] [ RUN ] app\index\controller\Index->index[ /www/wwwroot/haousdt.com/application/index/controller/Index.php ]
[ info ] [ LOG ] INIT File
---------------------------------------------------------------
[ 2021-05-08T12:06:04+08:00 ] 209.17.96.202 GET 47.242.84.220:443/index/index/sell.html
[运行时间：0.026014s] [吞吐率：38.44req/s] [内存消耗：2,951.26kb] [文件加载：126]
[ info ] [ BEHAVIOR ] Run Closure @app_init [ RunTime:0.000015s ]
[ info ] [ CACHE ] INIT File
[ info ] [ BEHAVIOR ] Run Closure @app_init [ RunTime:0.001277s ]
[ info ] [ LANG ] /www/wwwroot/haousdt.com/thinkphp/lang/zh-cn.php
[ info ] [ BEHAVIOR ] Run app\common\behavior\Common @app_dispatch [ RunTime:0.000199s ]
[ info ] [ ROUTE ] array (
  'type' => 'module',
  'module' => 
  array (
    0 => 'index',
    1 => 'index',
    2 => 'sell',
  ),
)
[ info ] [ HEADER ] array (
  'user-agent' => 'Go http package',
  'host' => '47.242.84.220:443',
  'content-length' => '',
  'content-type' => '',
)
[ info ] [ PARAM ] array (
)
[ info ] [ LANG ] /www/wwwroot/haousdt.com/public/../application/index/lang/zh-cn.php
[ info ] [ BEHAVIOR ] Run app\common\behavior\Common @module_init [ RunTime:0.000924s ]
[ info ] [ LANG ] /www/wwwroot/haousdt.com/public/../application/index/lang/zh-cn/index.php
[ info ] [ RUN ] app\index\controller\Index->sell[ /www/wwwroot/haousdt.com/application/index/controller/Index.php ]
[ info ] [ VIEW ] /www/wwwroot/haousdt.com/public/../application/index/view/index/sell.html [ array (
  0 => 'user',
  1 => 'site',
  2 => 'config',
) ]
[ info ] [ LOG ] INIT File
---------------------------------------------------------------
[ 2021-05-08T12:45:22+08:00 ] 88.5.237.10 GET 47.242.84.220/
[运行时间：0.023461s] [吞吐率：42.62req/s] [内存消耗：2,905.30kb] [文件加载：127]
[ info ] [ BEHAVIOR ] Run Closure @app_init [ RunTime:0.000014s ]
[ info ] [ CACHE ] INIT File
[ info ] [ BEHAVIOR ] Run Closure @app_init [ RunTime:0.001269s ]
[ info ] [ LANG ] /www/wwwroot/haousdt.com/thinkphp/lang/zh-cn.php
[ info ] [ BEHAVIOR ] Run app\common\behavior\Common @app_dispatch [ RunTime:0.000168s ]
[ info ] [ ROUTE ] array (
  'type' => 'module',
  'module' => 
  array (
    0 => '',
    1 => NULL,
    2 => NULL,
  ),
)
[ info ] [ HEADER ] array (
  'accept-encoding' => 'gzip',
  'accept' => '*/*',
  'user-agent' => 'Mozilla/5.0 zgrab/0.x',
  'host' => '47.242.84.220',
  'content-length' => '',
  'content-type' => '',
)
[ info ] [ PARAM ] array (
)
[ info ] [ LANG ] /www/wwwroot/haousdt.com/public/../application/index/lang/zh-cn.php
[ info ] [ BEHAVIOR ] Run app\common\behavior\Common @module_init [ RunTime:0.000863s ]
[ info ] [ LANG ] /www/wwwroot/haousdt.com/public/../application/index/lang/zh-cn/index.php
[ info ] [ RUN ] app\index\controller\Index->index[ /www/wwwroot/haousdt.com/application/index/controller/Index.php ]
[ info ] [ LOG ] INIT File
---------------------------------------------------------------
[ 2021-05-08T13:05:26+08:00 ] 193.118.53.194 GET 47.242.84.220/
[运行时间：0.025282s] [吞吐率：39.55req/s] [内存消耗：2,905.84kb] [文件加载：127]
[ info ] [ BEHAVIOR ] Run Closure @app_init [ RunTime:0.000015s ]
[ info ] [ CACHE ] INIT File
[ info ] [ BEHAVIOR ] Run Closure @app_init [ RunTime:0.001226s ]
[ info ] [ LANG ] /www/wwwroot/haousdt.com/thinkphp/lang/zh-cn.php
[ info ] [ BEHAVIOR ] Run app\common\behavior\Common @app_dispatch [ RunTime:0.000184s ]
[ info ] [ ROUTE ] array (
  'type' => 'module',
  'module' => 
  array (
    0 => '',
    1 => NULL,
    2 => NULL,
  ),
)
[ info ] [ HEADER ] array (
  'accept-encoding' => 'gzip',
  'accept' => '*/*',
  'user-agent' => 'Mozilla/5.0 (Windows NT 10.0; Win64; x64) AppleWebKit/537.36 (KHTML, like Gecko) Chrome/60.0.3112.113 Safari/537.36',
  'host' => '47.242.84.220',
  'content-length' => '',
  'content-type' => '',
)
[ info ] [ PARAM ] array (
)
[ info ] [ LANG ] /www/wwwroot/haousdt.com/public/../application/index/lang/zh-cn.php
[ info ] [ BEHAVIOR ] Run app\common\behavior\Common @module_init [ RunTime:0.000998s ]
[ info ] [ LANG ] /www/wwwroot/haousdt.com/public/../application/index/lang/zh-cn/index.php
[ info ] [ RUN ] app\index\controller\Index->index[ /www/wwwroot/haousdt.com/application/index/controller/Index.php ]
[ info ] [ LOG ] INIT File
---------------------------------------------------------------
[ 2021-05-08T13:05:26+08:00 ] 193.118.53.194 GET 47.242.84.220/index/index/sell.html
[运行时间：0.025687s] [吞吐率：38.93req/s] [内存消耗：2,952.69kb] [文件加载：126]
[ info ] [ BEHAVIOR ] Run Closure @app_init [ RunTime:0.000014s ]
[ info ] [ CACHE ] INIT File
[ info ] [ BEHAVIOR ] Run Closure @app_init [ RunTime:0.001310s ]
[ info ] [ LANG ] /www/wwwroot/haousdt.com/thinkphp/lang/zh-cn.php
[ info ] [ BEHAVIOR ] Run app\common\behavior\Common @app_dispatch [ RunTime:0.000184s ]
[ info ] [ ROUTE ] array (
  'type' => 'module',
  'module' => 
  array (
    0 => 'index',
    1 => 'index',
    2 => 'sell',
  ),
)
[ info ] [ HEADER ] array (
  'accept-encoding' => 'gzip',
  'referer' => 'https://47.242.84.220/',
  'accept' => '*/*',
  'user-agent' => 'Mozilla/5.0 (Windows NT 10.0; Win64; x64) AppleWebKit/537.36 (KHTML, like Gecko) Chrome/60.0.3112.113 Safari/537.36',
  'host' => '47.242.84.220',
  'content-length' => '',
  'content-type' => '',
)
[ info ] [ PARAM ] array (
)
[ info ] [ LANG ] /www/wwwroot/haousdt.com/public/../application/index/lang/zh-cn.php
[ info ] [ BEHAVIOR ] Run app\common\behavior\Common @module_init [ RunTime:0.000948s ]
[ info ] [ LANG ] /www/wwwroot/haousdt.com/public/../application/index/lang/zh-cn/index.php
[ info ] [ RUN ] app\index\controller\Index->sell[ /www/wwwroot/haousdt.com/application/index/controller/Index.php ]
[ info ] [ VIEW ] /www/wwwroot/haousdt.com/public/../application/index/view/index/sell.html [ array (
  0 => 'user',
  1 => 'site',
  2 => 'config',
) ]
[ info ] [ LOG ] INIT File
---------------------------------------------------------------
[ 2021-05-08T13:21:46+08:00 ] 167.248.133.37 GET 47.242.84.220:443/
[运行时间：0.023152s] [吞吐率：43.19req/s] [内存消耗：2,904.65kb] [文件加载：127]
[ info ] [ BEHAVIOR ] Run Closure @app_init [ RunTime:0.000013s ]
[ info ] [ CACHE ] INIT File
[ info ] [ BEHAVIOR ] Run Closure @app_init [ RunTime:0.001231s ]
[ info ] [ LANG ] /www/wwwroot/haousdt.com/thinkphp/lang/zh-cn.php
[ info ] [ BEHAVIOR ] Run app\common\behavior\Common @app_dispatch [ RunTime:0.000181s ]
[ info ] [ ROUTE ] array (
  'type' => 'module',
  'module' => 
  array (
    0 => '',
    1 => NULL,
    2 => NULL,
  ),
)
[ info ] [ HEADER ] array (
  'host' => '47.242.84.220:443',
  'content-length' => '',
  'content-type' => '',
)
[ info ] [ PARAM ] array (
)
[ info ] [ LANG ] /www/wwwroot/haousdt.com/public/../application/index/lang/zh-cn.php
[ info ] [ BEHAVIOR ] Run app\common\behavior\Common @module_init [ RunTime:0.000867s ]
[ info ] [ LANG ] /www/wwwroot/haousdt.com/public/../application/index/lang/zh-cn/index.php
[ info ] [ RUN ] app\index\controller\Index->index[ /www/wwwroot/haousdt.com/application/index/controller/Index.php ]
[ info ] [ LOG ] INIT File
---------------------------------------------------------------
[ 2021-05-08T13:21:47+08:00 ] 167.248.133.37 GET 47.242.84.220/
[运行时间：0.022835s] [吞吐率：43.79req/s] [内存消耗：2,905.59kb] [文件加载：127]
[ info ] [ BEHAVIOR ] Run Closure @app_init [ RunTime:0.000013s ]
[ info ] [ CACHE ] INIT File
[ info ] [ BEHAVIOR ] Run Closure @app_init [ RunTime:0.001208s ]
[ info ] [ LANG ] /www/wwwroot/haousdt.com/thinkphp/lang/zh-cn.php
[ info ] [ BEHAVIOR ] Run app\common\behavior\Common @app_dispatch [ RunTime:0.000167s ]
[ info ] [ ROUTE ] array (
  'type' => 'module',
  'module' => 
  array (
    0 => '',
    1 => NULL,
    2 => NULL,
  ),
)
[ info ] [ HEADER ] array (
  'accept-encoding' => 'gzip',
  'accept' => '*/*',
  'user-agent' => 'Mozilla/5.0 (compatible; CensysInspect/1.1; +https://about.censys.io/)',
  'host' => '47.242.84.220',
  'content-length' => '',
  'content-type' => '',
)
[ info ] [ PARAM ] array (
)
[ info ] [ LANG ] /www/wwwroot/haousdt.com/public/../application/index/lang/zh-cn.php
[ info ] [ BEHAVIOR ] Run app\common\behavior\Common @module_init [ RunTime:0.000862s ]
[ info ] [ LANG ] /www/wwwroot/haousdt.com/public/../application/index/lang/zh-cn/index.php
[ info ] [ RUN ] app\index\controller\Index->index[ /www/wwwroot/haousdt.com/application/index/controller/Index.php ]
[ info ] [ LOG ] INIT File
---------------------------------------------------------------
[ 2021-05-08T13:21:47+08:00 ] 167.248.133.37 GET 47.242.84.220/index/index/sell.html
[运行时间：0.025140s] [吞吐率：39.78req/s] [内存消耗：2,952.20kb] [文件加载：126]
[ info ] [ BEHAVIOR ] Run Closure @app_init [ RunTime:0.000014s ]
[ info ] [ CACHE ] INIT File
[ info ] [ BEHAVIOR ] Run Closure @app_init [ RunTime:0.001636s ]
[ info ] [ LANG ] /www/wwwroot/haousdt.com/thinkphp/lang/zh-cn.php
[ info ] [ BEHAVIOR ] Run app\common\behavior\Common @app_dispatch [ RunTime:0.000264s ]
[ info ] [ ROUTE ] array (
  'type' => 'module',
  'module' => 
  array (
    0 => 'index',
    1 => 'index',
    2 => 'sell',
  ),
)
[ info ] [ HEADER ] array (
  'accept-encoding' => 'gzip',
  'accept' => '*/*',
  'user-agent' => 'Mozilla/5.0 (compatible; CensysInspect/1.1; +https://about.censys.io/)',
  'host' => '47.242.84.220',
  'content-length' => '',
  'content-type' => '',
)
[ info ] [ PARAM ] array (
)
[ info ] [ LANG ] /www/wwwroot/haousdt.com/public/../application/index/lang/zh-cn.php
[ info ] [ BEHAVIOR ] Run app\common\behavior\Common @module_init [ RunTime:0.001354s ]
[ info ] [ LANG ] /www/wwwroot/haousdt.com/public/../application/index/lang/zh-cn/index.php
[ info ] [ RUN ] app\index\controller\Index->sell[ /www/wwwroot/haousdt.com/application/index/controller/Index.php ]
[ info ] [ VIEW ] /www/wwwroot/haousdt.com/public/../application/index/view/index/sell.html [ array (
  0 => 'user',
  1 => 'site',
  2 => 'config',
) ]
[ info ] [ LOG ] INIT File
---------------------------------------------------------------
[ 2021-05-08T13:24:31+08:00 ] 192.241.214.145 GET 47.242.84.220/owa/auth/logon.aspx?url=https%3a%2f%2f1%2fecp%2f
[运行时间：0.017954s] [吞吐率：55.70req/s] [内存消耗：2,070.23kb] [文件加载：113]
[ info ] [ BEHAVIOR ] Run Closure @app_init [ RunTime:0.000013s ]
[ info ] [ CACHE ] INIT File
[ info ] [ BEHAVIOR ] Run Closure @app_init [ RunTime:0.001217s ]
[ info ] [ LANG ] /www/wwwroot/haousdt.com/thinkphp/lang/zh-cn.php
[ info ] [ BEHAVIOR ] Run app\common\behavior\Common @app_dispatch [ RunTime:0.000180s ]
[ info ] [ ROUTE ] array (
  'type' => 'module',
  'module' => 
  array (
    0 => 'owa',
    1 => 'auth',
    2 => 'logon.aspx',
  ),
)
[ info ] [ HEADER ] array (
  'accept-encoding' => 'gzip',
  'accept' => '*/*',
  'user-agent' => 'Mozilla/5.0 zgrab/0.x',
  'host' => '47.242.84.220',
  'content-length' => '',
  'content-type' => '',
)
[ info ] [ PARAM ] array (
  'url' => 'https://1/ecp/',
)
[ info ] [ LOG ] INIT File
---------------------------------------------------------------
[ 2021-05-08T14:04:49+08:00 ] 180.149.125.175 GET 47.242.84.220/
[运行时间：0.023860s] [吞吐率：41.91req/s] [内存消耗：2,905.78kb] [文件加载：127]
[ info ] [ BEHAVIOR ] Run Closure @app_init [ RunTime:0.000014s ]
[ info ] [ CACHE ] INIT File
[ info ] [ BEHAVIOR ] Run Closure @app_init [ RunTime:0.001231s ]
[ info ] [ LANG ] /www/wwwroot/haousdt.com/thinkphp/lang/zh-cn.php
[ info ] [ BEHAVIOR ] Run app\common\behavior\Common @app_dispatch [ RunTime:0.000178s ]
[ info ] [ ROUTE ] array (
  'type' => 'module',
  'module' => 
  array (
    0 => '',
    1 => NULL,
    2 => NULL,
  ),
)
[ info ] [ HEADER ] array (
  'accept-encoding' => 'gzip',
  'accept' => '*/*',
  'user-agent' => 'Mozilla/5.0 (Windows NT 5.1; Win64; x64) AppleWebKit/537.36 (KHTML, like Gecko) Chrome/60.0.3112.90 Safari/537.36',
  'host' => '47.242.84.220',
  'content-length' => '',
  'content-type' => '',
)
[ info ] [ PARAM ] array (
)
[ info ] [ LANG ] /www/wwwroot/haousdt.com/public/../application/index/lang/zh-cn.php
[ info ] [ BEHAVIOR ] Run app\common\behavior\Common @module_init [ RunTime:0.000870s ]
[ info ] [ LANG ] /www/wwwroot/haousdt.com/public/../application/index/lang/zh-cn/index.php
[ info ] [ RUN ] app\index\controller\Index->index[ /www/wwwroot/haousdt.com/application/index/controller/Index.php ]
[ info ] [ LOG ] INIT File
---------------------------------------------------------------
[ 2021-05-08T14:04:49+08:00 ] 180.149.125.175 GET 47.242.84.220/index/index/sell.html
[运行时间：0.024482s] [吞吐率：40.85req/s] [内存消耗：2,952.69kb] [文件加载：126]
[ info ] [ BEHAVIOR ] Run Closure @app_init [ RunTime:0.000014s ]
[ info ] [ CACHE ] INIT File
[ info ] [ BEHAVIOR ] Run Closure @app_init [ RunTime:0.001313s ]
[ info ] [ LANG ] /www/wwwroot/haousdt.com/thinkphp/lang/zh-cn.php
[ info ] [ BEHAVIOR ] Run app\common\behavior\Common @app_dispatch [ RunTime:0.000172s ]
[ info ] [ ROUTE ] array (
  'type' => 'module',
  'module' => 
  array (
    0 => 'index',
    1 => 'index',
    2 => 'sell',
  ),
)
[ info ] [ HEADER ] array (
  'accept-encoding' => 'gzip',
  'referer' => 'https://47.242.84.220/',
  'accept' => '*/*',
  'user-agent' => 'Mozilla/5.0 (Windows NT 5.1; Win64; x64) AppleWebKit/537.36 (KHTML, like Gecko) Chrome/60.0.3112.90 Safari/537.36',
  'host' => '47.242.84.220',
  'content-length' => '',
  'content-type' => '',
)
[ info ] [ PARAM ] array (
)
[ info ] [ LANG ] /www/wwwroot/haousdt.com/public/../application/index/lang/zh-cn.php
[ info ] [ BEHAVIOR ] Run app\common\behavior\Common @module_init [ RunTime:0.000888s ]
[ info ] [ LANG ] /www/wwwroot/haousdt.com/public/../application/index/lang/zh-cn/index.php
[ info ] [ RUN ] app\index\controller\Index->sell[ /www/wwwroot/haousdt.com/application/index/controller/Index.php ]
[ info ] [ VIEW ] /www/wwwroot/haousdt.com/public/../application/index/view/index/sell.html [ array (
  0 => 'user',
  1 => 'site',
  2 => 'config',
) ]
[ info ] [ LOG ] INIT File
---------------------------------------------------------------
[ 2021-05-08T14:52:05+08:00 ] 54.36.149.87 GET www.haousdt.com/
[运行时间：0.024604s] [吞吐率：40.64req/s] [内存消耗：2,905.64kb] [文件加载：127]
[ info ] [ BEHAVIOR ] Run Closure @app_init [ RunTime:0.000014s ]
[ info ] [ CACHE ] INIT File
[ info ] [ BEHAVIOR ] Run Closure @app_init [ RunTime:0.001257s ]
[ info ] [ LANG ] /www/wwwroot/haousdt.com/thinkphp/lang/zh-cn.php
[ info ] [ BEHAVIOR ] Run app\common\behavior\Common @app_dispatch [ RunTime:0.000184s ]
[ info ] [ ROUTE ] array (
  'type' => 'module',
  'module' => 
  array (
    0 => '',
    1 => NULL,
    2 => NULL,
  ),
)
[ info ] [ HEADER ] array (
  'accept-encoding' => 'deflate, gzip, br',
  'accept' => '*/*',
  'user-agent' => 'Mozilla/5.0 (compatible; AhrefsBot/7.0; +http://ahrefs.com/robot/)',
  'host' => 'www.haousdt.com',
  'content-length' => '',
  'content-type' => '',
)
[ info ] [ PARAM ] array (
)
[ info ] [ LANG ] /www/wwwroot/haousdt.com/public/../application/index/lang/zh-cn.php
[ info ] [ BEHAVIOR ] Run app\common\behavior\Common @module_init [ RunTime:0.000893s ]
[ info ] [ LANG ] /www/wwwroot/haousdt.com/public/../application/index/lang/zh-cn/index.php
[ info ] [ RUN ] app\index\controller\Index->index[ /www/wwwroot/haousdt.com/application/index/controller/Index.php ]
[ info ] [ LOG ] INIT File
---------------------------------------------------------------
[ 2021-05-08T15:30:37+08:00 ] 128.1.248.26 GET 47.242.84.220/
[运行时间：0.023671s] [吞吐率：42.25req/s] [内存消耗：2,905.84kb] [文件加载：127]
[ info ] [ BEHAVIOR ] Run Closure @app_init [ RunTime:0.000012s ]
[ info ] [ CACHE ] INIT File
[ info ] [ BEHAVIOR ] Run Closure @app_init [ RunTime:0.001691s ]
[ info ] [ LANG ] /www/wwwroot/haousdt.com/thinkphp/lang/zh-cn.php
[ info ] [ BEHAVIOR ] Run app\common\behavior\Common @app_dispatch [ RunTime:0.000173s ]
[ info ] [ ROUTE ] array (
  'type' => 'module',
  'module' => 
  array (
    0 => '',
    1 => NULL,
    2 => NULL,
  ),
)
[ info ] [ HEADER ] array (
  'accept-encoding' => 'gzip',
  'accept' => '*/*',
  'user-agent' => 'Mozilla/5.0 (Windows NT 10.0; Win64; x64) AppleWebKit/537.36 (KHTML, like Gecko) Chrome/60.0.3112.113 Safari/537.36',
  'host' => '47.242.84.220',
  'content-length' => '',
  'content-type' => '',
)
[ info ] [ PARAM ] array (
)
[ info ] [ LANG ] /www/wwwroot/haousdt.com/public/../application/index/lang/zh-cn.php
[ info ] [ BEHAVIOR ] Run app\common\behavior\Common @module_init [ RunTime:0.000906s ]
[ info ] [ LANG ] /www/wwwroot/haousdt.com/public/../application/index/lang/zh-cn/index.php
[ info ] [ RUN ] app\index\controller\Index->index[ /www/wwwroot/haousdt.com/application/index/controller/Index.php ]
[ info ] [ LOG ] INIT File
---------------------------------------------------------------
[ 2021-05-08T15:30:37+08:00 ] 128.1.248.26 GET 47.242.84.220/index/index/sell.html
[运行时间：0.023572s] [吞吐率：42.42req/s] [内存消耗：2,952.69kb] [文件加载：126]
[ info ] [ BEHAVIOR ] Run Closure @app_init [ RunTime:0.000013s ]
[ info ] [ CACHE ] INIT File
[ info ] [ BEHAVIOR ] Run Closure @app_init [ RunTime:0.001208s ]
[ info ] [ LANG ] /www/wwwroot/haousdt.com/thinkphp/lang/zh-cn.php
[ info ] [ BEHAVIOR ] Run app\common\behavior\Common @app_dispatch [ RunTime:0.000167s ]
[ info ] [ ROUTE ] array (
  'type' => 'module',
  'module' => 
  array (
    0 => 'index',
    1 => 'index',
    2 => 'sell',
  ),
)
[ info ] [ HEADER ] array (
  'accept-encoding' => 'gzip',
  'referer' => 'https://47.242.84.220/',
  'accept' => '*/*',
  'user-agent' => 'Mozilla/5.0 (Windows NT 10.0; Win64; x64) AppleWebKit/537.36 (KHTML, like Gecko) Chrome/60.0.3112.113 Safari/537.36',
  'host' => '47.242.84.220',
  'content-length' => '',
  'content-type' => '',
)
[ info ] [ PARAM ] array (
)
[ info ] [ LANG ] /www/wwwroot/haousdt.com/public/../application/index/lang/zh-cn.php
[ info ] [ BEHAVIOR ] Run app\common\behavior\Common @module_init [ RunTime:0.000832s ]
[ info ] [ LANG ] /www/wwwroot/haousdt.com/public/../application/index/lang/zh-cn/index.php
[ info ] [ RUN ] app\index\controller\Index->sell[ /www/wwwroot/haousdt.com/application/index/controller/Index.php ]
[ info ] [ VIEW ] /www/wwwroot/haousdt.com/public/../application/index/view/index/sell.html [ array (
  0 => 'user',
  1 => 'site',
  2 => 'config',
) ]
[ info ] [ LOG ] INIT File
---------------------------------------------------------------
[ 2021-05-08T16:01:57+08:00 ] 101.132.113.110 GET www.haousdt.com/
[运行时间：0.024016s] [吞吐率：41.64req/s] [内存消耗：2,905.71kb] [文件加载：127]
[ info ] [ BEHAVIOR ] Run Closure @app_init [ RunTime:0.000013s ]
[ info ] [ CACHE ] INIT File
[ info ] [ BEHAVIOR ] Run Closure @app_init [ RunTime:0.001300s ]
[ info ] [ LANG ] /www/wwwroot/haousdt.com/thinkphp/lang/zh-cn.php
[ info ] [ BEHAVIOR ] Run app\common\behavior\Common @app_dispatch [ RunTime:0.000180s ]
[ info ] [ ROUTE ] array (
  'type' => 'module',
  'module' => 
  array (
    0 => '',
    1 => NULL,
    2 => NULL,
  ),
)
[ info ] [ HEADER ] array (
  'accept-encoding' => 'gzip',
  'connection' => 'Keep-Alive',
  'host' => 'www.haousdt.com',
  'user-agent' => 'Mozilla/5.0 (X11; Ubuntu; Linux x86_64; rv:36.0) Gecko/20100101 Firefox/36.0',
  'content-length' => '',
  'content-type' => '',
)
[ info ] [ PARAM ] array (
)
[ info ] [ LANG ] /www/wwwroot/haousdt.com/public/../application/index/lang/zh-cn.php
[ info ] [ BEHAVIOR ] Run app\common\behavior\Common @module_init [ RunTime:0.000900s ]
[ info ] [ LANG ] /www/wwwroot/haousdt.com/public/../application/index/lang/zh-cn/index.php
[ info ] [ RUN ] app\index\controller\Index->index[ /www/wwwroot/haousdt.com/application/index/controller/Index.php ]
[ info ] [ LOG ] INIT File
---------------------------------------------------------------
[ 2021-05-08T16:01:57+08:00 ] 101.132.113.110 GET www.haousdt.com/index/index/sell.html
[运行时间：0.025618s] [吞吐率：39.03req/s] [内存消耗：2,952.32kb] [文件加载：126]
[ info ] [ BEHAVIOR ] Run Closure @app_init [ RunTime:0.000014s ]
[ info ] [ CACHE ] INIT File
[ info ] [ BEHAVIOR ] Run Closure @app_init [ RunTime:0.001328s ]
[ info ] [ LANG ] /www/wwwroot/haousdt.com/thinkphp/lang/zh-cn.php
[ info ] [ BEHAVIOR ] Run app\common\behavior\Common @app_dispatch [ RunTime:0.000190s ]
[ info ] [ ROUTE ] array (
  'type' => 'module',
  'module' => 
  array (
    0 => 'index',
    1 => 'index',
    2 => 'sell',
  ),
)
[ info ] [ HEADER ] array (
  'accept-encoding' => 'gzip',
  'connection' => 'Keep-Alive',
  'host' => 'www.haousdt.com',
  'user-agent' => 'Mozilla/5.0 (X11; Ubuntu; Linux x86_64; rv:36.0) Gecko/20100101 Firefox/36.0',
  'content-length' => '',
  'content-type' => '',
)
[ info ] [ PARAM ] array (
)
[ info ] [ LANG ] /www/wwwroot/haousdt.com/public/../application/index/lang/zh-cn.php
[ info ] [ BEHAVIOR ] Run app\common\behavior\Common @module_init [ RunTime:0.000955s ]
[ info ] [ LANG ] /www/wwwroot/haousdt.com/public/../application/index/lang/zh-cn/index.php
[ info ] [ RUN ] app\index\controller\Index->sell[ /www/wwwroot/haousdt.com/application/index/controller/Index.php ]
[ info ] [ VIEW ] /www/wwwroot/haousdt.com/public/../application/index/view/index/sell.html [ array (
  0 => 'user',
  1 => 'site',
  2 => 'config',
) ]
[ info ] [ LOG ] INIT File
---------------------------------------------------------------
[ 2021-05-08T16:10:24+08:00 ] 101.132.169.125 GET haousdt.com/
[运行时间：0.025408s] [吞吐率：39.36req/s] [内存消耗：2,905.71kb] [文件加载：127]
[ info ] [ BEHAVIOR ] Run Closure @app_init [ RunTime:0.000016s ]
[ info ] [ CACHE ] INIT File
[ info ] [ BEHAVIOR ] Run Closure @app_init [ RunTime:0.001269s ]
[ info ] [ LANG ] /www/wwwroot/haousdt.com/thinkphp/lang/zh-cn.php
[ info ] [ BEHAVIOR ] Run app\common\behavior\Common @app_dispatch [ RunTime:0.000181s ]
[ info ] [ ROUTE ] array (
  'type' => 'module',
  'module' => 
  array (
    0 => '',
    1 => NULL,
    2 => NULL,
  ),
)
[ info ] [ HEADER ] array (
  'accept-encoding' => 'gzip',
  'connection' => 'Keep-Alive',
  'host' => 'haousdt.com',
  'user-agent' => 'Mozilla/5.0 (X11; Ubuntu; Linux x86_64; rv:36.0) Gecko/20100101 Firefox/36.0',
  'content-length' => '',
  'content-type' => '',
)
[ info ] [ PARAM ] array (
)
[ info ] [ LANG ] /www/wwwroot/haousdt.com/public/../application/index/lang/zh-cn.php
[ info ] [ BEHAVIOR ] Run app\common\behavior\Common @module_init [ RunTime:0.000902s ]
[ info ] [ LANG ] /www/wwwroot/haousdt.com/public/../application/index/lang/zh-cn/index.php
[ info ] [ RUN ] app\index\controller\Index->index[ /www/wwwroot/haousdt.com/application/index/controller/Index.php ]
[ info ] [ LOG ] INIT File
---------------------------------------------------------------
[ 2021-05-08T16:10:24+08:00 ] 101.132.169.125 GET haousdt.com/index/index/sell.html
[运行时间：0.024282s] [吞吐率：41.18req/s] [内存消耗：2,952.32kb] [文件加载：126]
[ info ] [ BEHAVIOR ] Run Closure @app_init [ RunTime:0.000013s ]
[ info ] [ CACHE ] INIT File
[ info ] [ BEHAVIOR ] Run Closure @app_init [ RunTime:0.001337s ]
[ info ] [ LANG ] /www/wwwroot/haousdt.com/thinkphp/lang/zh-cn.php
[ info ] [ BEHAVIOR ] Run app\common\behavior\Common @app_dispatch [ RunTime:0.000172s ]
[ info ] [ ROUTE ] array (
  'type' => 'module',
  'module' => 
  array (
    0 => 'index',
    1 => 'index',
    2 => 'sell',
  ),
)
[ info ] [ HEADER ] array (
  'accept-encoding' => 'gzip',
  'connection' => 'Keep-Alive',
  'host' => 'haousdt.com',
  'user-agent' => 'Mozilla/5.0 (X11; Ubuntu; Linux x86_64; rv:36.0) Gecko/20100101 Firefox/36.0',
  'content-length' => '',
  'content-type' => '',
)
[ info ] [ PARAM ] array (
)
[ info ] [ LANG ] /www/wwwroot/haousdt.com/public/../application/index/lang/zh-cn.php
[ info ] [ BEHAVIOR ] Run app\common\behavior\Common @module_init [ RunTime:0.000888s ]
[ info ] [ LANG ] /www/wwwroot/haousdt.com/public/../application/index/lang/zh-cn/index.php
[ info ] [ RUN ] app\index\controller\Index->sell[ /www/wwwroot/haousdt.com/application/index/controller/Index.php ]
[ info ] [ VIEW ] /www/wwwroot/haousdt.com/public/../application/index/view/index/sell.html [ array (
  0 => 'user',
  1 => 'site',
  2 => 'config',
) ]
[ info ] [ LOG ] INIT File
---------------------------------------------------------------
[ 2021-05-08T16:24:41+08:00 ] 47.100.174.179 GET 47.242.84.220/
[运行时间：0.023024s] [吞吐率：43.43req/s] [内存消耗：2,905.71kb] [文件加载：127]
[ info ] [ BEHAVIOR ] Run Closure @app_init [ RunTime:0.000014s ]
[ info ] [ CACHE ] INIT File
[ info ] [ BEHAVIOR ] Run Closure @app_init [ RunTime:0.001225s ]
[ info ] [ LANG ] /www/wwwroot/haousdt.com/thinkphp/lang/zh-cn.php
[ info ] [ BEHAVIOR ] Run app\common\behavior\Common @app_dispatch [ RunTime:0.000183s ]
[ info ] [ ROUTE ] array (
  'type' => 'module',
  'module' => 
  array (
    0 => '',
    1 => NULL,
    2 => NULL,
  ),
)
[ info ] [ HEADER ] array (
  'accept-encoding' => 'gzip',
  'connection' => 'Keep-Alive',
  'host' => '47.242.84.220',
  'user-agent' => 'Mozilla/5.0 (X11; Ubuntu; Linux x86_64; rv:36.0) Gecko/20100101 Firefox/36.0',
  'content-length' => '',
  'content-type' => '',
)
[ info ] [ PARAM ] array (
)
[ info ] [ LANG ] /www/wwwroot/haousdt.com/public/../application/index/lang/zh-cn.php
[ info ] [ BEHAVIOR ] Run app\common\behavior\Common @module_init [ RunTime:0.000867s ]
[ info ] [ LANG ] /www/wwwroot/haousdt.com/public/../application/index/lang/zh-cn/index.php
[ info ] [ RUN ] app\index\controller\Index->index[ /www/wwwroot/haousdt.com/application/index/controller/Index.php ]
[ info ] [ LOG ] INIT File
---------------------------------------------------------------
[ 2021-05-08T16:24:41+08:00 ] 47.100.174.179 GET 47.242.84.220/index/index/sell.html
[运行时间：0.024185s] [吞吐率：41.35req/s] [内存消耗：2,952.32kb] [文件加载：126]
[ info ] [ BEHAVIOR ] Run Closure @app_init [ RunTime:0.000013s ]
[ info ] [ CACHE ] INIT File
[ info ] [ BEHAVIOR ] Run Closure @app_init [ RunTime:0.001229s ]
[ info ] [ LANG ] /www/wwwroot/haousdt.com/thinkphp/lang/zh-cn.php
[ info ] [ BEHAVIOR ] Run app\common\behavior\Common @app_dispatch [ RunTime:0.000172s ]
[ info ] [ ROUTE ] array (
  'type' => 'module',
  'module' => 
  array (
    0 => 'index',
    1 => 'index',
    2 => 'sell',
  ),
)
[ info ] [ HEADER ] array (
  'accept-encoding' => 'gzip',
  'connection' => 'Keep-Alive',
  'host' => '47.242.84.220',
  'user-agent' => 'Mozilla/5.0 (X11; Ubuntu; Linux x86_64; rv:36.0) Gecko/20100101 Firefox/36.0',
  'content-length' => '',
  'content-type' => '',
)
[ info ] [ PARAM ] array (
)
[ info ] [ LANG ] /www/wwwroot/haousdt.com/public/../application/index/lang/zh-cn.php
[ info ] [ BEHAVIOR ] Run app\common\behavior\Common @module_init [ RunTime:0.000876s ]
[ info ] [ LANG ] /www/wwwroot/haousdt.com/public/../application/index/lang/zh-cn/index.php
[ info ] [ RUN ] app\index\controller\Index->sell[ /www/wwwroot/haousdt.com/application/index/controller/Index.php ]
[ info ] [ VIEW ] /www/wwwroot/haousdt.com/public/../application/index/view/index/sell.html [ array (
  0 => 'user',
  1 => 'site',
  2 => 'config',
) ]
[ info ] [ LOG ] INIT File
---------------------------------------------------------------
[ 2021-05-08T17:11:38+08:00 ] 128.1.248.26 GET 47.242.84.220/
[运行时间：0.023191s] [吞吐率：43.12req/s] [内存消耗：2,905.84kb] [文件加载：127]
[ info ] [ BEHAVIOR ] Run Closure @app_init [ RunTime:0.000013s ]
[ info ] [ CACHE ] INIT File
[ info ] [ BEHAVIOR ] Run Closure @app_init [ RunTime:0.001208s ]
[ info ] [ LANG ] /www/wwwroot/haousdt.com/thinkphp/lang/zh-cn.php
[ info ] [ BEHAVIOR ] Run app\common\behavior\Common @app_dispatch [ RunTime:0.000166s ]
[ info ] [ ROUTE ] array (
  'type' => 'module',
  'module' => 
  array (
    0 => '',
    1 => NULL,
    2 => NULL,
  ),
)
[ info ] [ HEADER ] array (
  'accept-encoding' => 'gzip',
  'accept' => '*/*',
  'user-agent' => 'Mozilla/5.0 (Windows NT 10.0; Win64; x64) AppleWebKit/537.36 (KHTML, like Gecko) Chrome/60.0.3112.113 Safari/537.36',
  'host' => '47.242.84.220',
  'content-length' => '',
  'content-type' => '',
)
[ info ] [ PARAM ] array (
)
[ info ] [ LANG ] /www/wwwroot/haousdt.com/public/../application/index/lang/zh-cn.php
[ info ] [ BEHAVIOR ] Run app\common\behavior\Common @module_init [ RunTime:0.000924s ]
[ info ] [ LANG ] /www/wwwroot/haousdt.com/public/../application/index/lang/zh-cn/index.php
[ info ] [ RUN ] app\index\controller\Index->index[ /www/wwwroot/haousdt.com/application/index/controller/Index.php ]
[ info ] [ LOG ] INIT File
---------------------------------------------------------------
[ 2021-05-08T17:11:38+08:00 ] 128.1.248.26 GET 47.242.84.220/index/index/sell.html
[运行时间：0.024498s] [吞吐率：40.82req/s] [内存消耗：2,952.69kb] [文件加载：126]
[ info ] [ BEHAVIOR ] Run Closure @app_init [ RunTime:0.000014s ]
[ info ] [ CACHE ] INIT File
[ info ] [ BEHAVIOR ] Run Closure @app_init [ RunTime:0.001297s ]
[ info ] [ LANG ] /www/wwwroot/haousdt.com/thinkphp/lang/zh-cn.php
[ info ] [ BEHAVIOR ] Run app\common\behavior\Common @app_dispatch [ RunTime:0.000182s ]
[ info ] [ ROUTE ] array (
  'type' => 'module',
  'module' => 
  array (
    0 => 'index',
    1 => 'index',
    2 => 'sell',
  ),
)
[ info ] [ HEADER ] array (
  'accept-encoding' => 'gzip',
  'referer' => 'https://47.242.84.220/',
  'accept' => '*/*',
  'user-agent' => 'Mozilla/5.0 (Windows NT 10.0; Win64; x64) AppleWebKit/537.36 (KHTML, like Gecko) Chrome/60.0.3112.113 Safari/537.36',
  'host' => '47.242.84.220',
  'content-length' => '',
  'content-type' => '',
)
[ info ] [ PARAM ] array (
)
[ info ] [ LANG ] /www/wwwroot/haousdt.com/public/../application/index/lang/zh-cn.php
[ info ] [ BEHAVIOR ] Run app\common\behavior\Common @module_init [ RunTime:0.000869s ]
[ info ] [ LANG ] /www/wwwroot/haousdt.com/public/../application/index/lang/zh-cn/index.php
[ info ] [ RUN ] app\index\controller\Index->sell[ /www/wwwroot/haousdt.com/application/index/controller/Index.php ]
[ info ] [ VIEW ] /www/wwwroot/haousdt.com/public/../application/index/view/index/sell.html [ array (
  0 => 'user',
  1 => 'site',
  2 => 'config',
) ]
[ info ] [ LOG ] INIT File
---------------------------------------------------------------
[ 2021-05-08T17:30:42+08:00 ] 66.249.72.237 GET haousdt.com/
[运行时间：0.024330s] [吞吐率：41.10req/s] [内存消耗：2,906.94kb] [文件加载：127]
[ info ] [ BEHAVIOR ] Run Closure @app_init [ RunTime:0.000014s ]
[ info ] [ CACHE ] INIT File
[ info ] [ BEHAVIOR ] Run Closure @app_init [ RunTime:0.001251s ]
[ info ] [ LANG ] /www/wwwroot/haousdt.com/thinkphp/lang/zh-cn.php
[ info ] [ BEHAVIOR ] Run app\common\behavior\Common @app_dispatch [ RunTime:0.000184s ]
[ info ] [ ROUTE ] array (
  'type' => 'module',
  'module' => 
  array (
    0 => '',
    1 => NULL,
    2 => NULL,
  ),
)
[ info ] [ HEADER ] array (
  'accept-encoding' => 'gzip,deflate,br',
  'user-agent' => 'Mozilla/5.0 (compatible; Googlebot/2.1; +http://www.google.com/bot.html)',
  'from' => 'googlebot(at)googlebot.com',
  'accept' => 'text/html,application/xhtml+xml,application/signed-exchange;v=b3,application/xml;q=0.9,*/*;q=0.8',
  'connection' => 'keep-alive',
  'host' => 'haousdt.com',
  'content-length' => '',
  'content-type' => '',
)
[ info ] [ PARAM ] array (
)
[ info ] [ LANG ] /www/wwwroot/haousdt.com/public/../application/index/lang/zh-cn.php
[ info ] [ BEHAVIOR ] Run app\common\behavior\Common @module_init [ RunTime:0.000861s ]
[ info ] [ LANG ] /www/wwwroot/haousdt.com/public/../application/index/lang/zh-cn/index.php
[ info ] [ RUN ] app\index\controller\Index->index[ /www/wwwroot/haousdt.com/application/index/controller/Index.php ]
[ info ] [ LOG ] INIT File
---------------------------------------------------------------
[ 2021-05-08T17:30:43+08:00 ] 66.249.72.235 GET haousdt.com/index/index/sell.html
[运行时间：0.025396s] [吞吐率：39.38req/s] [内存消耗：2,953.30kb] [文件加载：126]
[ info ] [ BEHAVIOR ] Run Closure @app_init [ RunTime:0.000017s ]
[ info ] [ CACHE ] INIT File
[ info ] [ BEHAVIOR ] Run Closure @app_init [ RunTime:0.001292s ]
[ info ] [ LANG ] /www/wwwroot/haousdt.com/thinkphp/lang/zh-cn.php
[ info ] [ BEHAVIOR ] Run app\common\behavior\Common @app_dispatch [ RunTime:0.000200s ]
[ info ] [ ROUTE ] array (
  'type' => 'module',
  'module' => 
  array (
    0 => 'index',
    1 => 'index',
    2 => 'sell',
  ),
)
[ info ] [ HEADER ] array (
  'accept-encoding' => 'gzip,deflate,br',
  'user-agent' => 'Mozilla/5.0 (compatible; Googlebot/2.1; +http://www.google.com/bot.html)',
  'from' => 'googlebot(at)googlebot.com',
  'accept' => 'text/html,application/xhtml+xml,application/signed-exchange;v=b3,application/xml;q=0.9,*/*;q=0.8',
  'connection' => 'keep-alive',
  'host' => 'haousdt.com',
  'content-length' => '',
  'content-type' => '',
)
[ info ] [ PARAM ] array (
)
[ info ] [ LANG ] /www/wwwroot/haousdt.com/public/../application/index/lang/zh-cn.php
[ info ] [ BEHAVIOR ] Run app\common\behavior\Common @module_init [ RunTime:0.000938s ]
[ info ] [ LANG ] /www/wwwroot/haousdt.com/public/../application/index/lang/zh-cn/index.php
[ info ] [ RUN ] app\index\controller\Index->sell[ /www/wwwroot/haousdt.com/application/index/controller/Index.php ]
[ info ] [ VIEW ] /www/wwwroot/haousdt.com/public/../application/index/view/index/sell.html [ array (
  0 => 'user',
  1 => 'site',
  2 => 'config',
) ]
[ info ] [ LOG ] INIT File
---------------------------------------------------------------
[ 2021-05-08T17:57:33+08:00 ] 66.249.72.235 GET haousdt.com/
[运行时间：0.023390s] [吞吐率：42.75req/s] [内存消耗：2,908.11kb] [文件加载：127]
[ info ] [ BEHAVIOR ] Run Closure @app_init [ RunTime:0.000013s ]
[ info ] [ CACHE ] INIT File
[ info ] [ BEHAVIOR ] Run Closure @app_init [ RunTime:0.001229s ]
[ info ] [ LANG ] /www/wwwroot/haousdt.com/thinkphp/lang/zh-cn.php
[ info ] [ BEHAVIOR ] Run app\common\behavior\Common @app_dispatch [ RunTime:0.000166s ]
[ info ] [ ROUTE ] array (
  'type' => 'module',
  'module' => 
  array (
    0 => '',
    1 => NULL,
    2 => NULL,
  ),
)
[ info ] [ HEADER ] array (
  'accept-encoding' => 'gzip,deflate,br',
  'user-agent' => 'Mozilla/5.0 (Linux; Android 6.0.1; Nexus 5X Build/MMB29P) AppleWebKit/537.36 (KHTML, like Gecko) Chrome/90.0.4430.97 Mobile Safari/537.36 (compatible; Googlebot/2.1; +http://www.google.com/bot.html)',
  'from' => 'googlebot(at)googlebot.com',
  'accept' => 'text/html,application/xhtml+xml,application/signed-exchange;v=b3,application/xml;q=0.9,*/*;q=0.8',
  'connection' => 'keep-alive',
  'amp-cache-transform' => 'google;v="1..7"',
  'host' => 'haousdt.com',
  'content-length' => '',
  'content-type' => '',
)
[ info ] [ PARAM ] array (
)
[ info ] [ LANG ] /www/wwwroot/haousdt.com/public/../application/index/lang/zh-cn.php
[ info ] [ BEHAVIOR ] Run app\common\behavior\Common @module_init [ RunTime:0.000884s ]
[ info ] [ LANG ] /www/wwwroot/haousdt.com/public/../application/index/lang/zh-cn/index.php
[ info ] [ RUN ] app\index\controller\Index->index[ /www/wwwroot/haousdt.com/application/index/controller/Index.php ]
[ info ] [ LOG ] INIT File
---------------------------------------------------------------
[ 2021-05-08T17:57:34+08:00 ] 66.249.72.235 GET haousdt.com/index/index/sell.html
[运行时间：0.026435s] [吞吐率：37.83req/s] [内存消耗：2,954.72kb] [文件加载：126]
[ info ] [ BEHAVIOR ] Run Closure @app_init [ RunTime:0.000020s ]
[ info ] [ CACHE ] INIT File
[ info ] [ BEHAVIOR ] Run Closure @app_init [ RunTime:0.001299s ]
[ info ] [ LANG ] /www/wwwroot/haousdt.com/thinkphp/lang/zh-cn.php
[ info ] [ BEHAVIOR ] Run app\common\behavior\Common @app_dispatch [ RunTime:0.000186s ]
[ info ] [ ROUTE ] array (
  'type' => 'module',
  'module' => 
  array (
    0 => 'index',
    1 => 'index',
    2 => 'sell',
  ),
)
[ info ] [ HEADER ] array (
  'accept-encoding' => 'gzip,deflate,br',
  'user-agent' => 'Mozilla/5.0 (Linux; Android 6.0.1; Nexus 5X Build/MMB29P) AppleWebKit/537.36 (KHTML, like Gecko) Chrome/90.0.4430.97 Mobile Safari/537.36 (compatible; Googlebot/2.1; +http://www.google.com/bot.html)',
  'from' => 'googlebot(at)googlebot.com',
  'accept' => 'text/html,application/xhtml+xml,application/signed-exchange;v=b3,application/xml;q=0.9,*/*;q=0.8',
  'connection' => 'keep-alive',
  'amp-cache-transform' => 'google;v="1..7"',
  'host' => 'haousdt.com',
  'content-length' => '',
  'content-type' => '',
)
[ info ] [ PARAM ] array (
)
[ info ] [ LANG ] /www/wwwroot/haousdt.com/public/../application/index/lang/zh-cn.php
[ info ] [ BEHAVIOR ] Run app\common\behavior\Common @module_init [ RunTime:0.000930s ]
[ info ] [ LANG ] /www/wwwroot/haousdt.com/public/../application/index/lang/zh-cn/index.php
[ info ] [ RUN ] app\index\controller\Index->sell[ /www/wwwroot/haousdt.com/application/index/controller/Index.php ]
[ info ] [ VIEW ] /www/wwwroot/haousdt.com/public/../application/index/view/index/sell.html [ array (
  0 => 'user',
  1 => 'site',
  2 => 'config',
) ]
[ info ] [ LOG ] INIT File
---------------------------------------------------------------
[ 2021-05-08T18:41:51+08:00 ] 192.241.214.101 GET 47.242.84.220/actuator/health
[运行时间：0.019240s] [吞吐率：51.97req/s] [内存消耗：2,069.88kb] [文件加载：113]
[ info ] [ BEHAVIOR ] Run Closure @app_init [ RunTime:0.000016s ]
[ info ] [ CACHE ] INIT File
[ info ] [ BEHAVIOR ] Run Closure @app_init [ RunTime:0.001328s ]
[ info ] [ LANG ] /www/wwwroot/haousdt.com/thinkphp/lang/zh-cn.php
[ info ] [ BEHAVIOR ] Run app\common\behavior\Common @app_dispatch [ RunTime:0.000193s ]
[ info ] [ ROUTE ] array (
  'type' => 'module',
  'module' => 
  array (
    0 => 'actuator',
    1 => 'health',
    2 => NULL,
  ),
)
[ info ] [ HEADER ] array (
  'accept-encoding' => 'gzip',
  'accept' => '*/*',
  'user-agent' => 'Mozilla/5.0 zgrab/0.x',
  'host' => '47.242.84.220',
  'content-length' => '',
  'content-type' => '',
)
[ info ] [ PARAM ] array (
)
[ info ] [ LOG ] INIT File
---------------------------------------------------------------
[ 2021-05-08T20:38:13+08:00 ] 66.249.77.30 GET www.haousdt.com/
[运行时间：0.024676s] [吞吐率：40.53req/s] [内存消耗：2,908.11kb] [文件加载：127]
[ info ] [ BEHAVIOR ] Run Closure @app_init [ RunTime:0.000015s ]
[ info ] [ CACHE ] INIT File
[ info ] [ BEHAVIOR ] Run Closure @app_init [ RunTime:0.001285s ]
[ info ] [ LANG ] /www/wwwroot/haousdt.com/thinkphp/lang/zh-cn.php
[ info ] [ BEHAVIOR ] Run app\common\behavior\Common @app_dispatch [ RunTime:0.000187s ]
[ info ] [ ROUTE ] array (
  'type' => 'module',
  'module' => 
  array (
    0 => '',
    1 => NULL,
    2 => NULL,
  ),
)
[ info ] [ HEADER ] array (
  'accept-encoding' => 'gzip,deflate,br',
  'user-agent' => 'Mozilla/5.0 (Linux; Android 6.0.1; Nexus 5X Build/MMB29P) AppleWebKit/537.36 (KHTML, like Gecko) Chrome/90.0.4430.97 Mobile Safari/537.36 (compatible; Googlebot/2.1; +http://www.google.com/bot.html)',
  'from' => 'googlebot(at)googlebot.com',
  'accept' => 'text/html,application/xhtml+xml,application/signed-exchange;v=b3,application/xml;q=0.9,*/*;q=0.8',
  'connection' => 'keep-alive',
  'amp-cache-transform' => 'google;v="1..7"',
  'host' => 'www.haousdt.com',
  'content-length' => '',
  'content-type' => '',
)
[ info ] [ PARAM ] array (
)
[ info ] [ LANG ] /www/wwwroot/haousdt.com/public/../application/index/lang/zh-cn.php
[ info ] [ BEHAVIOR ] Run app\common\behavior\Common @module_init [ RunTime:0.000942s ]
[ info ] [ LANG ] /www/wwwroot/haousdt.com/public/../application/index/lang/zh-cn/index.php
[ info ] [ RUN ] app\index\controller\Index->index[ /www/wwwroot/haousdt.com/application/index/controller/Index.php ]
[ info ] [ LOG ] INIT File
---------------------------------------------------------------
[ 2021-05-08T20:38:14+08:00 ] 66.249.77.28 GET www.haousdt.com/index/index/sell.html
[运行时间：0.025111s] [吞吐率：39.82req/s] [内存消耗：2,954.72kb] [文件加载：126]
[ info ] [ BEHAVIOR ] Run Closure @app_init [ RunTime:0.000014s ]
[ info ] [ CACHE ] INIT File
[ info ] [ BEHAVIOR ] Run Closure @app_init [ RunTime:0.001243s ]
[ info ] [ LANG ] /www/wwwroot/haousdt.com/thinkphp/lang/zh-cn.php
[ info ] [ BEHAVIOR ] Run app\common\behavior\Common @app_dispatch [ RunTime:0.000214s ]
[ info ] [ ROUTE ] array (
  'type' => 'module',
  'module' => 
  array (
    0 => 'index',
    1 => 'index',
    2 => 'sell',
  ),
)
[ info ] [ HEADER ] array (
  'accept-encoding' => 'gzip,deflate,br',
  'user-agent' => 'Mozilla/5.0 (Linux; Android 6.0.1; Nexus 5X Build/MMB29P) AppleWebKit/537.36 (KHTML, like Gecko) Chrome/90.0.4430.97 Mobile Safari/537.36 (compatible; Googlebot/2.1; +http://www.google.com/bot.html)',
  'from' => 'googlebot(at)googlebot.com',
  'accept' => 'text/html,application/xhtml+xml,application/signed-exchange;v=b3,application/xml;q=0.9,*/*;q=0.8',
  'connection' => 'keep-alive',
  'amp-cache-transform' => 'google;v="1..7"',
  'host' => 'www.haousdt.com',
  'content-length' => '',
  'content-type' => '',
)
[ info ] [ PARAM ] array (
)
[ info ] [ LANG ] /www/wwwroot/haousdt.com/public/../application/index/lang/zh-cn.php
[ info ] [ BEHAVIOR ] Run app\common\behavior\Common @module_init [ RunTime:0.000888s ]
[ info ] [ LANG ] /www/wwwroot/haousdt.com/public/../application/index/lang/zh-cn/index.php
[ info ] [ RUN ] app\index\controller\Index->sell[ /www/wwwroot/haousdt.com/application/index/controller/Index.php ]
[ info ] [ VIEW ] /www/wwwroot/haousdt.com/public/../application/index/view/index/sell.html [ array (
  0 => 'user',
  1 => 'site',
  2 => 'config',
) ]
[ info ] [ LOG ] INIT File
---------------------------------------------------------------
[ 2021-05-08T21:24:32+08:00 ] 167.248.133.37 GET 47.242.84.220:443/
[运行时间：0.023972s] [吞吐率：41.72req/s] [内存消耗：2,904.65kb] [文件加载：127]
[ info ] [ BEHAVIOR ] Run Closure @app_init [ RunTime:0.000015s ]
[ info ] [ CACHE ] INIT File
[ info ] [ BEHAVIOR ] Run Closure @app_init [ RunTime:0.001294s ]
[ info ] [ LANG ] /www/wwwroot/haousdt.com/thinkphp/lang/zh-cn.php
[ info ] [ BEHAVIOR ] Run app\common\behavior\Common @app_dispatch [ RunTime:0.000173s ]
[ info ] [ ROUTE ] array (
  'type' => 'module',
  'module' => 
  array (
    0 => '',
    1 => NULL,
    2 => NULL,
  ),
)
[ info ] [ HEADER ] array (
  'host' => '47.242.84.220:443',
  'content-length' => '',
  'content-type' => '',
)
[ info ] [ PARAM ] array (
)
[ info ] [ LANG ] /www/wwwroot/haousdt.com/public/../application/index/lang/zh-cn.php
[ info ] [ BEHAVIOR ] Run app\common\behavior\Common @module_init [ RunTime:0.000917s ]
[ info ] [ LANG ] /www/wwwroot/haousdt.com/public/../application/index/lang/zh-cn/index.php
[ info ] [ RUN ] app\index\controller\Index->index[ /www/wwwroot/haousdt.com/application/index/controller/Index.php ]
[ info ] [ LOG ] INIT File
---------------------------------------------------------------
[ 2021-05-08T21:24:33+08:00 ] 167.248.133.37 GET 47.242.84.220/
[运行时间：0.023850s] [吞吐率：41.93req/s] [内存消耗：2,905.59kb] [文件加载：127]
[ info ] [ BEHAVIOR ] Run Closure @app_init [ RunTime:0.000015s ]
[ info ] [ CACHE ] INIT File
[ info ] [ BEHAVIOR ] Run Closure @app_init [ RunTime:0.001211s ]
[ info ] [ LANG ] /www/wwwroot/haousdt.com/thinkphp/lang/zh-cn.php
[ info ] [ BEHAVIOR ] Run app\common\behavior\Common @app_dispatch [ RunTime:0.000178s ]
[ info ] [ ROUTE ] array (
  'type' => 'module',
  'module' => 
  array (
    0 => '',
    1 => NULL,
    2 => NULL,
  ),
)
[ info ] [ HEADER ] array (
  'accept-encoding' => 'gzip',
  'accept' => '*/*',
  'user-agent' => 'Mozilla/5.0 (compatible; CensysInspect/1.1; +https://about.censys.io/)',
  'host' => '47.242.84.220',
  'content-length' => '',
  'content-type' => '',
)
[ info ] [ PARAM ] array (
)
[ info ] [ LANG ] /www/wwwroot/haousdt.com/public/../application/index/lang/zh-cn.php
[ info ] [ BEHAVIOR ] Run app\common\behavior\Common @module_init [ RunTime:0.000904s ]
[ info ] [ LANG ] /www/wwwroot/haousdt.com/public/../application/index/lang/zh-cn/index.php
[ info ] [ RUN ] app\index\controller\Index->index[ /www/wwwroot/haousdt.com/application/index/controller/Index.php ]
[ info ] [ LOG ] INIT File
---------------------------------------------------------------
[ 2021-05-08T21:24:34+08:00 ] 167.248.133.37 GET 47.242.84.220/index/index/sell.html
[运行时间：0.023915s] [吞吐率：41.81req/s] [内存消耗：2,952.20kb] [文件加载：126]
[ info ] [ BEHAVIOR ] Run Closure @app_init [ RunTime:0.000013s ]
[ info ] [ CACHE ] INIT File
[ info ] [ BEHAVIOR ] Run Closure @app_init [ RunTime:0.001201s ]
[ info ] [ LANG ] /www/wwwroot/haousdt.com/thinkphp/lang/zh-cn.php
[ info ] [ BEHAVIOR ] Run app\common\behavior\Common @app_dispatch [ RunTime:0.000181s ]
[ info ] [ ROUTE ] array (
  'type' => 'module',
  'module' => 
  array (
    0 => 'index',
    1 => 'index',
    2 => 'sell',
  ),
)
[ info ] [ HEADER ] array (
  'accept-encoding' => 'gzip',
  'accept' => '*/*',
  'user-agent' => 'Mozilla/5.0 (compatible; CensysInspect/1.1; +https://about.censys.io/)',
  'host' => '47.242.84.220',
  'content-length' => '',
  'content-type' => '',
)
[ info ] [ PARAM ] array (
)
[ info ] [ LANG ] /www/wwwroot/haousdt.com/public/../application/index/lang/zh-cn.php
[ info ] [ BEHAVIOR ] Run app\common\behavior\Common @module_init [ RunTime:0.000851s ]
[ info ] [ LANG ] /www/wwwroot/haousdt.com/public/../application/index/lang/zh-cn/index.php
[ info ] [ RUN ] app\index\controller\Index->sell[ /www/wwwroot/haousdt.com/application/index/controller/Index.php ]
[ info ] [ VIEW ] /www/wwwroot/haousdt.com/public/../application/index/view/index/sell.html [ array (
  0 => 'user',
  1 => 'site',
  2 => 'config',
) ]
[ info ] [ LOG ] INIT File
---------------------------------------------------------------
[ 2021-05-08T22:27:59+08:00 ] 207.46.13.118 GET www.haousdt.com/
[运行时间：0.023520s] [吞吐率：42.52req/s] [内存消耗：2,906.99kb] [文件加载：127]
[ info ] [ BEHAVIOR ] Run Closure @app_init [ RunTime:0.000014s ]
[ info ] [ CACHE ] INIT File
[ info ] [ BEHAVIOR ] Run Closure @app_init [ RunTime:0.001268s ]
[ info ] [ LANG ] /www/wwwroot/haousdt.com/thinkphp/lang/zh-cn.php
[ info ] [ BEHAVIOR ] Run app\common\behavior\Common @app_dispatch [ RunTime:0.000173s ]
[ info ] [ ROUTE ] array (
  'type' => 'module',
  'module' => 
  array (
    0 => '',
    1 => NULL,
    2 => NULL,
  ),
)
[ info ] [ HEADER ] array (
  'user-agent' => 'Mozilla/5.0 (compatible; bingbot/2.0; +http://www.bing.com/bingbot.htm)',
  'from' => 'bingbot(at)microsoft.com',
  'accept-encoding' => 'gzip, deflate',
  'accept' => '*/*',
  'pragma' => 'no-cache',
  'cache-control' => 'no-cache',
  'host' => 'www.haousdt.com',
  'content-length' => '',
  'content-type' => '',
)
[ info ] [ PARAM ] array (
)
[ info ] [ LANG ] /www/wwwroot/haousdt.com/public/../application/index/lang/zh-cn.php
[ info ] [ BEHAVIOR ] Run app\common\behavior\Common @module_init [ RunTime:0.000871s ]
[ info ] [ LANG ] /www/wwwroot/haousdt.com/public/../application/index/lang/zh-cn/index.php
[ info ] [ RUN ] app\index\controller\Index->index[ /www/wwwroot/haousdt.com/application/index/controller/Index.php ]
[ info ] [ LOG ] INIT File
---------------------------------------------------------------
[ 2021-05-08T23:01:34+08:00 ] 176.58.101.217 GET 47.242.84.220/owa/
[运行时间：0.017888s] [吞吐率：55.90req/s] [内存消耗：2,070.44kb] [文件加载：113]
[ info ] [ BEHAVIOR ] Run Closure @app_init [ RunTime:0.000024s ]
[ info ] [ CACHE ] INIT File
[ info ] [ BEHAVIOR ] Run Closure @app_init [ RunTime:0.001217s ]
[ info ] [ LANG ] /www/wwwroot/haousdt.com/thinkphp/lang/zh-cn.php
[ info ] [ BEHAVIOR ] Run app\common\behavior\Common @app_dispatch [ RunTime:0.000169s ]
[ info ] [ ROUTE ] array (
  'type' => 'module',
  'module' => 
  array (
    0 => 'owa',
    1 => NULL,
    2 => NULL,
  ),
)
[ info ] [ HEADER ] array (
  'accept-encoding' => 'gzip',
  'accept' => '*/*',
  'user-agent' => 'Mozilla/5.0 (Windows NT 10.0; Win64; x64) AppleWebKit/537.36 (KHTML, like Gecko) Chrome/60.0.3112.113 Safari/537.36',
  'host' => '47.242.84.220',
  'content-length' => '',
  'content-type' => '',
)
[ info ] [ PARAM ] array (
)
[ info ] [ LOG ] INIT File
